[0.082s] DEBUG:colcon:Command line arguments: ['/usr/bin/colcon', 'build', '--packages-select', 'audio_streamer']
[0.082s] DEBUG:colcon:Parsed command line arguments: Namespace(log_base=None, log_level=None, verb_name='build', build_base='build', install_base='install', merge_install=False, symlink_install=False, test_result_base=None, continue_on_error=False, executor='parallel', parallel_workers=1, event_handlers=None, ignore_user_meta=False, metas=['./colcon.meta'], base_paths=['.'], packages_ignore=None, packages_ignore_regex=None, paths=None, packages_up_to=None, packages_up_to_regex=None, packages_above=None, packages_above_and_dependencies=None, packages_above_depth=None, packages_select_by_dep=None, packages_skip_by_dep=None, packages_skip_up_to=None, packages_select_build_failed=False, packages_skip_build_finished=False, packages_select_test_failures=False, packages_skip_test_passed=False, packages_select=['audio_streamer'], packages_skip=None, packages_select_regex=None, packages_skip_regex=None, packages_start=None, packages_end=None, allow_overriding=[], cmake_args=None, cmake_target=None, cmake_target_skip_unavailable=False, cmake_clean_cache=False, cmake_clean_first=False, cmake_force_configure=False, ament_cmake_args=None, catkin_cmake_args=None, catkin_skip_building_tests=False, verb_parser=<colcon_defaults.argument_parser.defaults.DefaultArgumentsDecorator object at 0x7c8dd5bcca60>, verb_extension=<colcon_core.verb.build.BuildVerb object at 0x7c8dd5bcc610>, main=<bound method BuildVerb.main of <colcon_core.verb.build.BuildVerb object at 0x7c8dd5bcc610>>)
[0.186s] Level 1:colcon.colcon_core.package_discovery:discover_packages(colcon_meta) check parameters
[0.187s] Level 1:colcon.colcon_core.package_discovery:discover_packages(recursive) check parameters
[0.187s] Level 1:colcon.colcon_core.package_discovery:discover_packages(ignore) check parameters
[0.187s] Level 1:colcon.colcon_core.package_discovery:discover_packages(path) check parameters
[0.187s] Level 1:colcon.colcon_core.package_discovery:discover_packages(colcon_meta) discover
[0.187s] Level 1:colcon.colcon_core.package_discovery:discover_packages(recursive) discover
[0.187s] INFO:colcon.colcon_core.package_discovery:Crawling recursively for packages in '/home/mariem/ros2_ws'
[0.187s] Level 1:colcon.colcon_core.package_identification:_identify(.) by extensions ['ignore', 'ignore_ament_install']
[0.187s] Level 1:colcon.colcon_core.package_identification:_identify(.) by extension 'ignore'
[0.187s] Level 1:colcon.colcon_core.package_identification:_identify(.) by extension 'ignore_ament_install'
[0.187s] Level 1:colcon.colcon_core.package_identification:_identify(.) by extensions ['colcon_pkg']
[0.187s] Level 1:colcon.colcon_core.package_identification:_identify(.) by extension 'colcon_pkg'
[0.187s] Level 1:colcon.colcon_core.package_identification:_identify(.) by extensions ['colcon_meta']
[0.187s] Level 1:colcon.colcon_core.package_identification:_identify(.) by extension 'colcon_meta'
[0.187s] Level 1:colcon.colcon_core.package_identification:_identify(.) by extensions ['ros']
[0.187s] Level 1:colcon.colcon_core.package_identification:_identify(.) by extension 'ros'
[0.196s] Level 1:colcon.colcon_core.package_identification:_identify(.) by extensions ['cmake', 'python']
[0.196s] Level 1:colcon.colcon_core.package_identification:_identify(.) by extension 'cmake'
[0.196s] Level 1:colcon.colcon_core.package_identification:_identify(.) by extension 'python'
[0.196s] Level 1:colcon.colcon_core.package_identification:_identify(.) by extensions ['python_setup_py']
[0.196s] Level 1:colcon.colcon_core.package_identification:_identify(.) by extension 'python_setup_py'
[0.196s] Level 1:colcon.colcon_core.package_identification:_identify(build) by extensions ['ignore', 'ignore_ament_install']
[0.196s] Level 1:colcon.colcon_core.package_identification:_identify(build) by extension 'ignore'
[0.196s] Level 1:colcon.colcon_core.package_identification:_identify(build) ignored
[0.196s] Level 1:colcon.colcon_core.package_identification:_identify(install) by extensions ['ignore', 'ignore_ament_install']
[0.196s] Level 1:colcon.colcon_core.package_identification:_identify(install) by extension 'ignore'
[0.196s] Level 1:colcon.colcon_core.package_identification:_identify(install) ignored
[0.196s] Level 1:colcon.colcon_core.package_identification:_identify(log) by extensions ['ignore', 'ignore_ament_install']
[0.196s] Level 1:colcon.colcon_core.package_identification:_identify(log) by extension 'ignore'
[0.196s] Level 1:colcon.colcon_core.package_identification:_identify(log) ignored
[0.196s] Level 1:colcon.colcon_core.package_identification:_identify(src) by extensions ['ignore', 'ignore_ament_install']
[0.196s] Level 1:colcon.colcon_core.package_identification:_identify(src) by extension 'ignore'
[0.196s] Level 1:colcon.colcon_core.package_identification:_identify(src) by extension 'ignore_ament_install'
[0.196s] Level 1:colcon.colcon_core.package_identification:_identify(src) by extensions ['colcon_pkg']
[0.196s] Level 1:colcon.colcon_core.package_identification:_identify(src) by extension 'colcon_pkg'
[0.196s] Level 1:colcon.colcon_core.package_identification:_identify(src) by extensions ['colcon_meta']
[0.196s] Level 1:colcon.colcon_core.package_identification:_identify(src) by extension 'colcon_meta'
[0.196s] Level 1:colcon.colcon_core.package_identification:_identify(src) by extensions ['ros']
[0.196s] Level 1:colcon.colcon_core.package_identification:_identify(src) by extension 'ros'
[0.196s] Level 1:colcon.colcon_core.package_identification:_identify(src) by extensions ['cmake', 'python']
[0.196s] Level 1:colcon.colcon_core.package_identification:_identify(src) by extension 'cmake'
[0.196s] Level 1:colcon.colcon_core.package_identification:_identify(src) by extension 'python'
[0.196s] Level 1:colcon.colcon_core.package_identification:_identify(src) by extensions ['python_setup_py']
[0.196s] Level 1:colcon.colcon_core.package_identification:_identify(src) by extension 'python_setup_py'
[0.197s] Level 1:colcon.colcon_core.package_identification:_identify(src/audio_common) by extensions ['ignore', 'ignore_ament_install']
[0.197s] Level 1:colcon.colcon_core.package_identification:_identify(src/audio_common) by extension 'ignore'
[0.197s] Level 1:colcon.colcon_core.package_identification:_identify(src/audio_common) by extension 'ignore_ament_install'
[0.197s] Level 1:colcon.colcon_core.package_identification:_identify(src/audio_common) by extensions ['colcon_pkg']
[0.197s] Level 1:colcon.colcon_core.package_identification:_identify(src/audio_common) by extension 'colcon_pkg'
[0.197s] Level 1:colcon.colcon_core.package_identification:_identify(src/audio_common) by extensions ['colcon_meta']
[0.197s] Level 1:colcon.colcon_core.package_identification:_identify(src/audio_common) by extension 'colcon_meta'
[0.197s] Level 1:colcon.colcon_core.package_identification:_identify(src/audio_common) by extensions ['ros']
[0.197s] Level 1:colcon.colcon_core.package_identification:_identify(src/audio_common) by extension 'ros'
[0.197s] Level 1:colcon.colcon_core.package_identification:_identify(src/audio_common) by extensions ['cmake', 'python']
[0.197s] Level 1:colcon.colcon_core.package_identification:_identify(src/audio_common) by extension 'cmake'
[0.197s] Level 1:colcon.colcon_core.package_identification:_identify(src/audio_common) by extension 'python'
[0.197s] Level 1:colcon.colcon_core.package_identification:_identify(src/audio_common) by extensions ['python_setup_py']
[0.197s] Level 1:colcon.colcon_core.package_identification:_identify(src/audio_common) by extension 'python_setup_py'
[0.197s] Level 1:colcon.colcon_core.package_identification:_identify(src/audio_common/audio_capture) by extensions ['ignore', 'ignore_ament_install']
[0.197s] Level 1:colcon.colcon_core.package_identification:_identify(src/audio_common/audio_capture) by extension 'ignore'
[0.197s] Level 1:colcon.colcon_core.package_identification:_identify(src/audio_common/audio_capture) by extension 'ignore_ament_install'
[0.197s] Level 1:colcon.colcon_core.package_identification:_identify(src/audio_common/audio_capture) by extensions ['colcon_pkg']
[0.197s] Level 1:colcon.colcon_core.package_identification:_identify(src/audio_common/audio_capture) by extension 'colcon_pkg'
[0.197s] Level 1:colcon.colcon_core.package_identification:_identify(src/audio_common/audio_capture) by extensions ['colcon_meta']
[0.197s] Level 1:colcon.colcon_core.package_identification:_identify(src/audio_common/audio_capture) by extension 'colcon_meta'
[0.197s] Level 1:colcon.colcon_core.package_identification:_identify(src/audio_common/audio_capture) by extensions ['ros']
[0.197s] Level 1:colcon.colcon_core.package_identification:_identify(src/audio_common/audio_capture) by extension 'ros'
[0.199s] DEBUG:colcon.colcon_core.package_identification:Package 'src/audio_common/audio_capture' with type 'ros.ament_cmake' and name 'audio_capture'
[0.199s] Level 1:colcon.colcon_core.package_identification:_identify(src/audio_common/audio_common) by extensions ['ignore', 'ignore_ament_install']
[0.199s] Level 1:colcon.colcon_core.package_identification:_identify(src/audio_common/audio_common) by extension 'ignore'
[0.199s] Level 1:colcon.colcon_core.package_identification:_identify(src/audio_common/audio_common) by extension 'ignore_ament_install'
[0.199s] Level 1:colcon.colcon_core.package_identification:_identify(src/audio_common/audio_common) by extensions ['colcon_pkg']
[0.199s] Level 1:colcon.colcon_core.package_identification:_identify(src/audio_common/audio_common) by extension 'colcon_pkg'
[0.199s] Level 1:colcon.colcon_core.package_identification:_identify(src/audio_common/audio_common) by extensions ['colcon_meta']
[0.199s] Level 1:colcon.colcon_core.package_identification:_identify(src/audio_common/audio_common) by extension 'colcon_meta'
[0.199s] Level 1:colcon.colcon_core.package_identification:_identify(src/audio_common/audio_common) by extensions ['ros']
[0.199s] Level 1:colcon.colcon_core.package_identification:_identify(src/audio_common/audio_common) by extension 'ros'
[0.199s] DEBUG:colcon.colcon_core.package_identification:Package 'src/audio_common/audio_common' with type 'ros.ament_cmake' and name 'audio_common'
[0.199s] Level 1:colcon.colcon_core.package_identification:_identify(src/audio_common/audio_common_msgs) by extensions ['ignore', 'ignore_ament_install']
[0.199s] Level 1:colcon.colcon_core.package_identification:_identify(src/audio_common/audio_common_msgs) by extension 'ignore'
[0.199s] Level 1:colcon.colcon_core.package_identification:_identify(src/audio_common/audio_common_msgs) by extension 'ignore_ament_install'
[0.199s] Level 1:colcon.colcon_core.package_identification:_identify(src/audio_common/audio_common_msgs) by extensions ['colcon_pkg']
[0.200s] Level 1:colcon.colcon_core.package_identification:_identify(src/audio_common/audio_common_msgs) by extension 'colcon_pkg'
[0.200s] Level 1:colcon.colcon_core.package_identification:_identify(src/audio_common/audio_common_msgs) by extensions ['colcon_meta']
[0.200s] Level 1:colcon.colcon_core.package_identification:_identify(src/audio_common/audio_common_msgs) by extension 'colcon_meta'
[0.200s] Level 1:colcon.colcon_core.package_identification:_identify(src/audio_common/audio_common_msgs) by extensions ['ros']
[0.200s] Level 1:colcon.colcon_core.package_identification:_identify(src/audio_common/audio_common_msgs) by extension 'ros'
[0.200s] DEBUG:colcon.colcon_core.package_identification:Package 'src/audio_common/audio_common_msgs' with type 'ros.ament_cmake' and name 'audio_common_msgs'
[0.200s] Level 1:colcon.colcon_core.package_identification:_identify(src/audio_common/audio_play) by extensions ['ignore', 'ignore_ament_install']
[0.200s] Level 1:colcon.colcon_core.package_identification:_identify(src/audio_common/audio_play) by extension 'ignore'
[0.200s] Level 1:colcon.colcon_core.package_identification:_identify(src/audio_common/audio_play) by extension 'ignore_ament_install'
[0.200s] Level 1:colcon.colcon_core.package_identification:_identify(src/audio_common/audio_play) by extensions ['colcon_pkg']
[0.200s] Level 1:colcon.colcon_core.package_identification:_identify(src/audio_common/audio_play) by extension 'colcon_pkg'
[0.200s] Level 1:colcon.colcon_core.package_identification:_identify(src/audio_common/audio_play) by extensions ['colcon_meta']
[0.200s] Level 1:colcon.colcon_core.package_identification:_identify(src/audio_common/audio_play) by extension 'colcon_meta'
[0.200s] Level 1:colcon.colcon_core.package_identification:_identify(src/audio_common/audio_play) by extensions ['ros']
[0.200s] Level 1:colcon.colcon_core.package_identification:_identify(src/audio_common/audio_play) by extension 'ros'
[0.201s] DEBUG:colcon.colcon_core.package_identification:Package 'src/audio_common/audio_play' with type 'ros.ament_cmake' and name 'audio_play'
[0.201s] Level 1:colcon.colcon_core.package_identification:_identify(src/audio_common/sound_play) by extensions ['ignore', 'ignore_ament_install']
[0.201s] Level 1:colcon.colcon_core.package_identification:_identify(src/audio_common/sound_play) by extension 'ignore'
[0.201s] Level 1:colcon.colcon_core.package_identification:_identify(src/audio_common/sound_play) by extension 'ignore_ament_install'
[0.201s] Level 1:colcon.colcon_core.package_identification:_identify(src/audio_common/sound_play) by extensions ['colcon_pkg']
[0.201s] Level 1:colcon.colcon_core.package_identification:_identify(src/audio_common/sound_play) by extension 'colcon_pkg'
[0.201s] Level 1:colcon.colcon_core.package_identification:_identify(src/audio_common/sound_play) by extensions ['colcon_meta']
[0.201s] Level 1:colcon.colcon_core.package_identification:_identify(src/audio_common/sound_play) by extension 'colcon_meta'
[0.201s] Level 1:colcon.colcon_core.package_identification:_identify(src/audio_common/sound_play) by extensions ['ros']
[0.201s] Level 1:colcon.colcon_core.package_identification:_identify(src/audio_common/sound_play) by extension 'ros'
[0.201s] DEBUG:colcon.colcon_core.package_identification:Package 'src/audio_common/sound_play' with type 'ros.ament_cmake' and name 'sound_play'
[0.202s] Level 1:colcon.colcon_core.package_identification:_identify(src/audio_streamer) by extensions ['ignore', 'ignore_ament_install']
[0.202s] Level 1:colcon.colcon_core.package_identification:_identify(src/audio_streamer) by extension 'ignore'
[0.202s] Level 1:colcon.colcon_core.package_identification:_identify(src/audio_streamer) by extension 'ignore_ament_install'
[0.202s] Level 1:colcon.colcon_core.package_identification:_identify(src/audio_streamer) by extensions ['colcon_pkg']
[0.202s] Level 1:colcon.colcon_core.package_identification:_identify(src/audio_streamer) by extension 'colcon_pkg'
[0.202s] Level 1:colcon.colcon_core.package_identification:_identify(src/audio_streamer) by extensions ['colcon_meta']
[0.202s] Level 1:colcon.colcon_core.package_identification:_identify(src/audio_streamer) by extension 'colcon_meta'
[0.202s] Level 1:colcon.colcon_core.package_identification:_identify(src/audio_streamer) by extensions ['ros']
[0.202s] Level 1:colcon.colcon_core.package_identification:_identify(src/audio_streamer) by extension 'ros'
[0.202s] DEBUG:colcon.colcon_core.package_identification:Package 'src/audio_streamer' with type 'ros.ament_python' and name 'audio_streamer'
[0.202s] Level 1:colcon.colcon_core.package_discovery:discover_packages(recursive) using defaults
[0.202s] Level 1:colcon.colcon_core.package_discovery:discover_packages(ignore) discover
[0.202s] Level 1:colcon.colcon_core.package_discovery:discover_packages(ignore) using defaults
[0.202s] Level 1:colcon.colcon_core.package_discovery:discover_packages(path) discover
[0.202s] Level 1:colcon.colcon_core.package_discovery:discover_packages(path) using defaults
[0.227s] INFO:colcon.colcon_core.package_selection:Skipping not selected package 'audio_common_msgs' in 'src/audio_common/audio_common_msgs'
[0.227s] INFO:colcon.colcon_core.package_selection:Skipping not selected package 'audio_capture' in 'src/audio_common/audio_capture'
[0.227s] INFO:colcon.colcon_core.package_selection:Skipping not selected package 'audio_play' in 'src/audio_common/audio_play'
[0.227s] INFO:colcon.colcon_core.package_selection:Skipping not selected package 'sound_play' in 'src/audio_common/sound_play'
[0.227s] INFO:colcon.colcon_core.package_selection:Skipping not selected package 'audio_common' in 'src/audio_common/audio_common'
[0.227s] Level 1:colcon.colcon_core.package_discovery:discover_packages(prefix_path) check parameters
[0.227s] Level 1:colcon.colcon_core.package_discovery:discover_packages(prefix_path) discover
[0.228s] DEBUG:colcon.colcon_installed_package_information.package_discovery:Found 5 installed packages in /home/mariem/ros2_ws/install
[0.229s] DEBUG:colcon.colcon_installed_package_information.package_discovery:Found 1 installed packages in /home/mariem/ros2_audio_ws/install
[0.229s] DEBUG:colcon.colcon_installed_package_information.package_discovery:Found 272 installed packages in /opt/ros/humble
[0.230s] Level 1:colcon.colcon_core.package_discovery:discover_packages(prefix_path) using defaults
[0.254s] Level 5:colcon.colcon_core.verb:set package 'audio_streamer' build argument 'cmake_args' from command line to 'None'
[0.254s] Level 5:colcon.colcon_core.verb:set package 'audio_streamer' build argument 'cmake_target' from command line to 'None'
[0.254s] Level 5:colcon.colcon_core.verb:set package 'audio_streamer' build argument 'cmake_target_skip_unavailable' from command line to 'False'
[0.254s] Level 5:colcon.colcon_core.verb:set package 'audio_streamer' build argument 'cmake_clean_cache' from command line to 'False'
[0.254s] Level 5:colcon.colcon_core.verb:set package 'audio_streamer' build argument 'cmake_clean_first' from command line to 'False'
[0.254s] Level 5:colcon.colcon_core.verb:set package 'audio_streamer' build argument 'cmake_force_configure' from command line to 'False'
[0.254s] Level 5:colcon.colcon_core.verb:set package 'audio_streamer' build argument 'ament_cmake_args' from command line to 'None'
[0.254s] Level 5:colcon.colcon_core.verb:set package 'audio_streamer' build argument 'catkin_cmake_args' from command line to 'None'
[0.254s] Level 5:colcon.colcon_core.verb:set package 'audio_streamer' build argument 'catkin_skip_building_tests' from command line to 'False'
[0.254s] DEBUG:colcon.colcon_core.verb:Building package 'audio_streamer' with the following arguments: {'ament_cmake_args': None, 'build_base': '/home/mariem/ros2_ws/build/audio_streamer', 'catkin_cmake_args': None, 'catkin_skip_building_tests': False, 'cmake_args': None, 'cmake_clean_cache': False, 'cmake_clean_first': False, 'cmake_force_configure': False, 'cmake_target': None, 'cmake_target_skip_unavailable': False, 'install_base': '/home/mariem/ros2_ws/install/audio_streamer', 'merge_install': False, 'path': '/home/mariem/ros2_ws/src/audio_streamer', 'symlink_install': False, 'test_result_base': None}
[0.254s] INFO:colcon.colcon_core.executor:Executing jobs using 'parallel' executor
[0.257s] DEBUG:colcon.colcon_parallel_executor.executor.parallel:run_until_complete
[0.257s] INFO:colcon.colcon_ros.task.ament_python.build:Building ROS package in '/home/mariem/ros2_ws/src/audio_streamer' with build type 'ament_python'
[0.257s] Level 1:colcon.colcon_core.shell:create_environment_hook('audio_streamer', 'ament_prefix_path')
[0.258s] INFO:colcon.colcon_core.plugin_system:Skipping extension 'colcon_core.shell.bat': Not used on non-Windows systems
[0.258s] INFO:colcon.colcon_core.shell:Creating environment hook '/home/mariem/ros2_ws/install/audio_streamer/share/audio_streamer/hook/ament_prefix_path.ps1'
[0.260s] INFO:colcon.colcon_core.shell:Creating environment descriptor '/home/mariem/ros2_ws/install/audio_streamer/share/audio_streamer/hook/ament_prefix_path.dsv'
[0.260s] INFO:colcon.colcon_core.shell:Creating environment hook '/home/mariem/ros2_ws/install/audio_streamer/share/audio_streamer/hook/ament_prefix_path.sh'
[0.261s] INFO:colcon.colcon_core.shell:Skip shell extension 'powershell' for command environment: Not usable outside of PowerShell
[0.261s] DEBUG:colcon.colcon_core.shell:Skip shell extension 'dsv' for command environment
[0.543s] INFO:colcon.colcon_core.task.python.build:Building Python package in '/home/mariem/ros2_ws/src/audio_streamer'
[0.544s] INFO:colcon.colcon_core.shell:Skip shell extension 'powershell' for command environment: Not usable outside of PowerShell
[0.544s] DEBUG:colcon.colcon_core.shell:Skip shell extension 'dsv' for command environment
[0.841s] DEBUG:colcon.colcon_core.event_handler.log_command:Invoking command in '/home/mariem/ros2_ws/src/audio_streamer': PYTHONPATH=/home/mariem/ros2_ws/build/audio_streamer/prefix_override:/usr/lib/python3/dist-packages/colcon_core/task/python/colcon_distutils_commands:/home/mariem/ros2_ws/install/audio_streamer/lib/python3.10/site-packages:${PYTHONPATH} /usr/bin/python3 -W ignore:setup.py install is deprecated -W ignore:easy_install command is deprecated setup.py egg_info --egg-base ../../build/audio_streamer build --build-base /home/mariem/ros2_ws/build/audio_streamer/build install --record /home/mariem/ros2_ws/build/audio_streamer/install.log --single-version-externally-managed install_data
[1.069s] DEBUG:colcon.colcon_core.event_handler.log_command:Invoked command in '/home/mariem/ros2_ws/src/audio_streamer' returned '0': PYTHONPATH=/home/mariem/ros2_ws/build/audio_streamer/prefix_override:/usr/lib/python3/dist-packages/colcon_core/task/python/colcon_distutils_commands:/home/mariem/ros2_ws/install/audio_streamer/lib/python3.10/site-packages:${PYTHONPATH} /usr/bin/python3 -W ignore:setup.py install is deprecated -W ignore:easy_install command is deprecated setup.py egg_info --egg-base ../../build/audio_streamer build --build-base /home/mariem/ros2_ws/build/audio_streamer/build install --record /home/mariem/ros2_ws/build/audio_streamer/install.log --single-version-externally-managed install_data
[1.070s] Level 1:colcon.colcon_core.environment:checking '/home/mariem/ros2_ws/install/audio_streamer' for CMake module files
[1.070s] Level 1:colcon.colcon_core.environment:checking '/home/mariem/ros2_ws/install/audio_streamer' for CMake config files
[1.071s] Level 1:colcon.colcon_core.environment:checking '/home/mariem/ros2_ws/install/audio_streamer/lib'
[1.071s] Level 1:colcon.colcon_core.environment:checking '/home/mariem/ros2_ws/install/audio_streamer/bin'
[1.071s] Level 1:colcon.colcon_core.environment:checking '/home/mariem/ros2_ws/install/audio_streamer/lib/pkgconfig/audio_streamer.pc'
[1.071s] Level 1:colcon.colcon_core.environment:checking '/home/mariem/ros2_ws/install/audio_streamer/lib/python3.10/site-packages'
[1.071s] Level 1:colcon.colcon_core.shell:create_environment_hook('audio_streamer', 'pythonpath')
[1.071s] INFO:colcon.colcon_core.shell:Creating environment hook '/home/mariem/ros2_ws/install/audio_streamer/share/audio_streamer/hook/pythonpath.ps1'
[1.073s] INFO:colcon.colcon_core.shell:Creating environment descriptor '/home/mariem/ros2_ws/install/audio_streamer/share/audio_streamer/hook/pythonpath.dsv'
[1.074s] INFO:colcon.colcon_core.shell:Creating environment hook '/home/mariem/ros2_ws/install/audio_streamer/share/audio_streamer/hook/pythonpath.sh'
[1.075s] Level 1:colcon.colcon_core.environment:checking '/home/mariem/ros2_ws/install/audio_streamer/bin'
[1.075s] Level 1:colcon.colcon_core.environment:create_environment_scripts_only(audio_streamer)
[1.075s] INFO:colcon.colcon_core.shell:Creating package script '/home/mariem/ros2_ws/install/audio_streamer/share/audio_streamer/package.ps1'
[1.076s] INFO:colcon.colcon_core.shell:Creating package descriptor '/home/mariem/ros2_ws/install/audio_streamer/share/audio_streamer/package.dsv'
[1.076s] INFO:colcon.colcon_core.shell:Creating package script '/home/mariem/ros2_ws/install/audio_streamer/share/audio_streamer/package.sh'
[1.077s] INFO:colcon.colcon_core.shell:Creating package script '/home/mariem/ros2_ws/install/audio_streamer/share/audio_streamer/package.bash'
[1.078s] INFO:colcon.colcon_core.shell:Creating package script '/home/mariem/ros2_ws/install/audio_streamer/share/audio_streamer/package.zsh'
[1.078s] Level 1:colcon.colcon_core.environment:create_file_with_runtime_dependencies(/home/mariem/ros2_ws/install/audio_streamer/share/colcon-core/packages/audio_streamer)
[1.079s] DEBUG:colcon.colcon_parallel_executor.executor.parallel:closing loop
[1.079s] DEBUG:colcon.colcon_parallel_executor.executor.parallel:loop closed
[1.079s] DEBUG:colcon.colcon_parallel_executor.executor.parallel:run_until_complete finished with '0'
[1.079s] DEBUG:colcon.colcon_core.event_reactor:joining thread
[1.083s] INFO:colcon.colcon_core.plugin_system:Skipping extension 'colcon_notification.desktop_notification.terminal_notifier': Not used on non-Darwin systems
[1.083s] INFO:colcon.colcon_core.plugin_system:Skipping extension 'colcon_notification.desktop_notification.win32': Not used on non-Windows systems
[1.083s] INFO:colcon.colcon_notification.desktop_notification:Sending desktop notification using 'notify2'
[1.106s] DEBUG:colcon.colcon_core.event_reactor:joined thread
[1.106s] INFO:colcon.colcon_core.shell:Creating prefix script '/home/mariem/ros2_ws/install/local_setup.ps1'
[1.107s] INFO:colcon.colcon_core.shell:Creating prefix util module '/home/mariem/ros2_ws/install/_local_setup_util_ps1.py'
[1.109s] INFO:colcon.colcon_core.shell:Creating prefix chain script '/home/mariem/ros2_ws/install/setup.ps1'
[1.110s] INFO:colcon.colcon_core.shell:Creating prefix script '/home/mariem/ros2_ws/install/local_setup.sh'
[1.110s] INFO:colcon.colcon_core.shell:Creating prefix util module '/home/mariem/ros2_ws/install/_local_setup_util_sh.py'
[1.111s] INFO:colcon.colcon_core.shell:Creating prefix chain script '/home/mariem/ros2_ws/install/setup.sh'
[1.112s] INFO:colcon.colcon_core.shell:Creating prefix script '/home/mariem/ros2_ws/install/local_setup.bash'
[1.113s] INFO:colcon.colcon_core.shell:Creating prefix chain script '/home/mariem/ros2_ws/install/setup.bash'
[1.114s] INFO:colcon.colcon_core.shell:Creating prefix script '/home/mariem/ros2_ws/install/local_setup.zsh'
[1.115s] INFO:colcon.colcon_core.shell:Creating prefix chain script '/home/mariem/ros2_ws/install/setup.zsh'
