[0.031s] Invoking command in '/home/mariem/ros2_ws/build/audio_common_msgs': CMAKE_PREFIX_PATH=${CMAKE_PREFIX_PATH}:/opt/ros/humble /usr/bin/cmake /home/mariem/ros2_ws/src/audio_common/audio_common_msgs -DCMAKE_INSTALL_PREFIX=/home/mariem/ros2_ws/install/audio_common_msgs
[0.365s] -- The C compiler identification is GNU 11.4.0
[0.564s] -- The CXX compiler identification is GNU 11.4.0
[0.590s] -- Detecting C compiler ABI info
[0.721s] -- Detecting C compiler ABI info - done
[0.729s] -- Check for working C compiler: /usr/bin/cc - skipped
[0.732s] -- Detecting C compile features
[0.735s] -- Detecting C compile features - done
[0.755s] -- Detecting CXX compiler ABI info
[0.974s] -- Detecting CXX compiler ABI info - done
[0.979s] -- Check for working CXX compiler: /usr/bin/c++ - skipped
[0.979s] -- Detecting CXX compile features
[0.979s] -- Detecting CXX compile features - done
[1.029s] -- Found ament_cmake: 1.3.12 (/opt/ros/humble/share/ament_cmake/cmake)
[1.581s] -- Found Python3: /usr/bin/python3 (found version "3.10.12") found components: Interpreter 
[1.742s] -- Found rosidl_default_generators: 1.2.0 (/opt/ros/humble/share/rosidl_default_generators/cmake)
[1.755s] -- Using all available rosidl_typesupport_c: rosidl_typesupport_fastrtps_c;rosidl_typesupport_introspection_c
[1.771s] -- Found rosidl_adapter: 3.1.7 (/opt/ros/humble/share/rosidl_adapter/cmake)
[1.902s] -- Using all available rosidl_typesupport_cpp: rosidl_typesupport_fastrtps_cpp;rosidl_typesupport_introspection_cpp
[2.057s] -- Found std_msgs: 4.9.0 (/opt/ros/humble/share/std_msgs/cmake)
[2.726s] -- Found ament_cmake_ros: 0.10.0 (/opt/ros/humble/share/ament_cmake_ros/cmake)
[2.990s] -- Using all available rosidl_typesupport_c: rosidl_typesupport_fastrtps_c;rosidl_typesupport_introspection_c
[3.338s] -- Using all available rosidl_typesupport_cpp: rosidl_typesupport_fastrtps_cpp;rosidl_typesupport_introspection_cpp
[3.369s] -- Found PythonInterp: /usr/bin/python3 (found suitable version "3.10.12", minimum required is "3.6") 
[3.374s] -- Found python_cmake_module: 0.10.0 (/opt/ros/humble/share/python_cmake_module/cmake)
[3.407s] -- Found PythonLibs: /usr/lib/x86_64-linux-gnu/libpython3.10.so (found suitable version "3.10.12", minimum required is "3.5") 
[3.408s] -- Using PYTHON_EXECUTABLE: /usr/bin/python3
[3.408s] -- Using PYTHON_INCLUDE_DIRS: /usr/include/python3.10
[3.408s] -- Using PYTHON_LIBRARIES: /usr/lib/x86_64-linux-gnu/libpython3.10.so
[3.427s] -- Found PythonExtra: .so  
[3.524s] -- Configuring done
[3.573s] -- Generating done
[3.583s] -- Build files have been written to: /home/mariem/ros2_ws/build/audio_common_msgs
[3.592s] Invoked command in '/home/mariem/ros2_ws/build/audio_common_msgs' returned '0': CMAKE_PREFIX_PATH=${CMAKE_PREFIX_PATH}:/opt/ros/humble /usr/bin/cmake /home/mariem/ros2_ws/src/audio_common/audio_common_msgs -DCMAKE_INSTALL_PREFIX=/home/mariem/ros2_ws/install/audio_common_msgs
[3.593s] Invoking command in '/home/mariem/ros2_ws/build/audio_common_msgs': CMAKE_PREFIX_PATH=${CMAKE_PREFIX_PATH}:/opt/ros/humble /usr/bin/cmake --build /home/mariem/ros2_ws/build/audio_common_msgs -- -j1 -l1
[3.646s] [  2%] [34m[1mGenerating C code for ROS interfaces[0m
[4.104s] [  4%] [32mBuilding C object CMakeFiles/audio_common_msgs__rosidl_generator_c.dir/rosidl_generator_c/audio_common_msgs/msg/detail/audio_data__functions.c.o[0m
[4.262s] [  6%] [32mBuilding C object CMakeFiles/audio_common_msgs__rosidl_generator_c.dir/rosidl_generator_c/audio_common_msgs/msg/detail/audio_data_stamped__functions.c.o[0m
[4.332s] [  8%] [32mBuilding C object CMakeFiles/audio_common_msgs__rosidl_generator_c.dir/rosidl_generator_c/audio_common_msgs/msg/detail/audio_info__functions.c.o[0m
[4.379s] [ 10%] [32m[1mLinking C shared library libaudio_common_msgs__rosidl_generator_c.so[0m
[4.449s] [ 10%] Built target audio_common_msgs__rosidl_generator_c
[4.464s] [ 12%] [34m[1mGenerating C introspection for ROS interfaces[0m
[4.823s] [ 14%] [32mBuilding C object CMakeFiles/audio_common_msgs__rosidl_typesupport_introspection_c.dir/rosidl_typesupport_introspection_c/audio_common_msgs/msg/detail/audio_data__type_support.c.o[0m
[4.867s] [ 17%] [32mBuilding C object CMakeFiles/audio_common_msgs__rosidl_typesupport_introspection_c.dir/rosidl_typesupport_introspection_c/audio_common_msgs/msg/detail/audio_data_stamped__type_support.c.o[0m
[4.915s] [ 19%] [32mBuilding C object CMakeFiles/audio_common_msgs__rosidl_typesupport_introspection_c.dir/rosidl_typesupport_introspection_c/audio_common_msgs/msg/detail/audio_info__type_support.c.o[0m
[4.958s] [ 21%] [32m[1mLinking C shared library libaudio_common_msgs__rosidl_typesupport_introspection_c.so[0m
[5.008s] [ 21%] Built target audio_common_msgs__rosidl_typesupport_introspection_c
[5.030s] [ 23%] [34m[1mGenerating C type support dispatch for ROS interfaces[0m
[5.347s] [ 25%] [32mBuilding CXX object CMakeFiles/audio_common_msgs__rosidl_typesupport_c.dir/rosidl_typesupport_c/audio_common_msgs/msg/audio_data__type_support.cpp.o[0m
[5.426s] [ 27%] [32mBuilding CXX object CMakeFiles/audio_common_msgs__rosidl_typesupport_c.dir/rosidl_typesupport_c/audio_common_msgs/msg/audio_data_stamped__type_support.cpp.o[0m
[5.469s] [ 29%] [32mBuilding CXX object CMakeFiles/audio_common_msgs__rosidl_typesupport_c.dir/rosidl_typesupport_c/audio_common_msgs/msg/audio_info__type_support.cpp.o[0m
[5.501s] [ 31%] [32m[1mLinking CXX shared library libaudio_common_msgs__rosidl_typesupport_c.so[0m
[5.558s] [ 31%] Built target audio_common_msgs__rosidl_typesupport_c
[5.586s] [ 34%] [34m[1mGenerating C++ code for ROS interfaces[0m
[5.982s] [ 34%] Built target audio_common_msgs__cpp
[5.999s] [ 36%] [34m[1mGenerating C++ type support for eProsima Fast-RTPS[0m
[6.330s] [ 38%] [32mBuilding CXX object CMakeFiles/audio_common_msgs__rosidl_typesupport_fastrtps_cpp.dir/rosidl_typesupport_fastrtps_cpp/audio_common_msgs/msg/detail/dds_fastrtps/audio_data__type_support.cpp.o[0m
[7.004s] [ 40%] [32mBuilding CXX object CMakeFiles/audio_common_msgs__rosidl_typesupport_fastrtps_cpp.dir/rosidl_typesupport_fastrtps_cpp/audio_common_msgs/msg/detail/dds_fastrtps/audio_data_stamped__type_support.cpp.o[0m
[7.407s] [ 42%] [32mBuilding CXX object CMakeFiles/audio_common_msgs__rosidl_typesupport_fastrtps_cpp.dir/rosidl_typesupport_fastrtps_cpp/audio_common_msgs/msg/detail/dds_fastrtps/audio_info__type_support.cpp.o[0m
[7.806s] [ 44%] [32m[1mLinking CXX shared library libaudio_common_msgs__rosidl_typesupport_fastrtps_cpp.so[0m
[7.895s] [ 44%] Built target audio_common_msgs__rosidl_typesupport_fastrtps_cpp
[7.922s] [ 46%] [34m[1mGenerating C++ introspection for ROS interfaces[0m
[8.206s] [ 48%] [32mBuilding CXX object CMakeFiles/audio_common_msgs__rosidl_typesupport_introspection_cpp.dir/rosidl_typesupport_introspection_cpp/audio_common_msgs/msg/detail/audio_data__type_support.cpp.o[0m
[8.546s] [ 51%] [32mBuilding CXX object CMakeFiles/audio_common_msgs__rosidl_typesupport_introspection_cpp.dir/rosidl_typesupport_introspection_cpp/audio_common_msgs/msg/detail/audio_data_stamped__type_support.cpp.o[0m
[8.857s] [ 53%] [32mBuilding CXX object CMakeFiles/audio_common_msgs__rosidl_typesupport_introspection_cpp.dir/rosidl_typesupport_introspection_cpp/audio_common_msgs/msg/detail/audio_info__type_support.cpp.o[0m
[9.155s] [ 55%] [32m[1mLinking CXX shared library libaudio_common_msgs__rosidl_typesupport_introspection_cpp.so[0m
[9.230s] [ 55%] Built target audio_common_msgs__rosidl_typesupport_introspection_cpp
[9.242s] [ 57%] [34m[1mGenerating C++ type support dispatch for ROS interfaces[0m
[9.507s] [ 59%] [32mBuilding CXX object CMakeFiles/audio_common_msgs__rosidl_typesupport_cpp.dir/rosidl_typesupport_cpp/audio_common_msgs/msg/audio_data__type_support.cpp.o[0m
[9.726s] [ 61%] [32mBuilding CXX object CMakeFiles/audio_common_msgs__rosidl_typesupport_cpp.dir/rosidl_typesupport_cpp/audio_common_msgs/msg/audio_data_stamped__type_support.cpp.o[0m
[9.934s] [ 63%] [32mBuilding CXX object CMakeFiles/audio_common_msgs__rosidl_typesupport_cpp.dir/rosidl_typesupport_cpp/audio_common_msgs/msg/audio_info__type_support.cpp.o[0m
[10.154s] [ 65%] [32m[1mLinking CXX shared library libaudio_common_msgs__rosidl_typesupport_cpp.so[0m
[10.198s] [ 65%] Built target audio_common_msgs__rosidl_typesupport_cpp
[10.216s] [ 68%] [34m[1mGenerating C type support for eProsima Fast-RTPS[0m
[10.522s] [ 70%] [32mBuilding CXX object CMakeFiles/audio_common_msgs__rosidl_typesupport_fastrtps_c.dir/rosidl_typesupport_fastrtps_c/audio_common_msgs/msg/detail/audio_data__type_support_c.cpp.o[0m
[10.780s] [ 72%] [32mBuilding CXX object CMakeFiles/audio_common_msgs__rosidl_typesupport_fastrtps_c.dir/rosidl_typesupport_fastrtps_c/audio_common_msgs/msg/detail/audio_data_stamped__type_support_c.cpp.o[0m
[11.041s] [ 74%] [32mBuilding CXX object CMakeFiles/audio_common_msgs__rosidl_typesupport_fastrtps_c.dir/rosidl_typesupport_fastrtps_c/audio_common_msgs/msg/detail/audio_info__type_support_c.cpp.o[0m
[11.333s] [ 76%] [32m[1mLinking CXX shared library libaudio_common_msgs__rosidl_typesupport_fastrtps_c.so[0m
[11.427s] [ 76%] Built target audio_common_msgs__rosidl_typesupport_fastrtps_c
[11.452s] [ 76%] Built target audio_common_msgs
[11.491s] [ 76%] Built target ament_cmake_python_copy_audio_common_msgs
[11.685s] running egg_info
[11.687s] creating audio_common_msgs.egg-info
[11.687s] writing audio_common_msgs.egg-info/PKG-INFO
[11.688s] writing dependency_links to audio_common_msgs.egg-info/dependency_links.txt
[11.688s] writing top-level names to audio_common_msgs.egg-info/top_level.txt
[11.688s] writing manifest file 'audio_common_msgs.egg-info/SOURCES.txt'
[11.717s] reading manifest file 'audio_common_msgs.egg-info/SOURCES.txt'
[11.719s] writing manifest file 'audio_common_msgs.egg-info/SOURCES.txt'
[11.744s] [ 76%] Built target ament_cmake_python_build_audio_common_msgs_egg
[11.775s] [ 78%] [34m[1mGenerating Python code for ROS interfaces[0m
[12.282s] [ 78%] Built target audio_common_msgs__py
[12.317s] [ 80%] [32mBuilding C object CMakeFiles/audio_common_msgs__rosidl_generator_py.dir/rosidl_generator_py/audio_common_msgs/msg/_audio_data_s.c.o[0m
[12.532s] [ 82%] [32mBuilding C object CMakeFiles/audio_common_msgs__rosidl_generator_py.dir/rosidl_generator_py/audio_common_msgs/msg/_audio_data_stamped_s.c.o[0m
[12.614s] [ 85%] [32mBuilding C object CMakeFiles/audio_common_msgs__rosidl_generator_py.dir/rosidl_generator_py/audio_common_msgs/msg/_audio_info_s.c.o[0m
[12.699s] [ 87%] [32m[1mLinking C shared library rosidl_generator_py/audio_common_msgs/libaudio_common_msgs__rosidl_generator_py.so[0m
[12.763s] [ 87%] Built target audio_common_msgs__rosidl_generator_py
[12.783s] [ 89%] [32mBuilding C object CMakeFiles/audio_common_msgs__rosidl_typesupport_fastrtps_c__pyext.dir/rosidl_generator_py/audio_common_msgs/_audio_common_msgs_s.ep.rosidl_typesupport_fastrtps_c.c.o[0m
[12.867s] [ 91%] [32m[1mLinking C shared library rosidl_generator_py/audio_common_msgs/audio_common_msgs_s__rosidl_typesupport_fastrtps_c.cpython-310-x86_64-linux-gnu.so[0m
[12.913s] [ 91%] Built target audio_common_msgs__rosidl_typesupport_fastrtps_c__pyext
[12.937s] [ 93%] [32mBuilding C object CMakeFiles/audio_common_msgs__rosidl_typesupport_introspection_c__pyext.dir/rosidl_generator_py/audio_common_msgs/_audio_common_msgs_s.ep.rosidl_typesupport_introspection_c.c.o[0m
[13.026s] [ 95%] [32m[1mLinking C shared library rosidl_generator_py/audio_common_msgs/audio_common_msgs_s__rosidl_typesupport_introspection_c.cpython-310-x86_64-linux-gnu.so[0m
[13.066s] [ 95%] Built target audio_common_msgs__rosidl_typesupport_introspection_c__pyext
[13.088s] [ 97%] [32mBuilding C object CMakeFiles/audio_common_msgs__rosidl_typesupport_c__pyext.dir/rosidl_generator_py/audio_common_msgs/_audio_common_msgs_s.ep.rosidl_typesupport_c.c.o[0m
[13.173s] [100%] [32m[1mLinking C shared library rosidl_generator_py/audio_common_msgs/audio_common_msgs_s__rosidl_typesupport_c.cpython-310-x86_64-linux-gnu.so[0m
[13.211s] [100%] Built target audio_common_msgs__rosidl_typesupport_c__pyext
[13.228s] Invoked command in '/home/mariem/ros2_ws/build/audio_common_msgs' returned '0': CMAKE_PREFIX_PATH=${CMAKE_PREFIX_PATH}:/opt/ros/humble /usr/bin/cmake --build /home/mariem/ros2_ws/build/audio_common_msgs -- -j1 -l1
[13.237s] Invoking command in '/home/mariem/ros2_ws/build/audio_common_msgs': CMAKE_PREFIX_PATH=${CMAKE_PREFIX_PATH}:/opt/ros/humble /usr/bin/cmake --install /home/mariem/ros2_ws/build/audio_common_msgs
[13.246s] -- Install configuration: ""
[13.246s] -- Installing: /home/mariem/ros2_ws/install/audio_common_msgs/share/ament_index/resource_index/rosidl_interfaces/audio_common_msgs
[13.247s] -- Installing: /home/mariem/ros2_ws/install/audio_common_msgs/include/audio_common_msgs/audio_common_msgs
[13.247s] -- Installing: /home/mariem/ros2_ws/install/audio_common_msgs/include/audio_common_msgs/audio_common_msgs/msg
[13.247s] -- Installing: /home/mariem/ros2_ws/install/audio_common_msgs/include/audio_common_msgs/audio_common_msgs/msg/detail
[13.247s] -- Installing: /home/mariem/ros2_ws/install/audio_common_msgs/include/audio_common_msgs/audio_common_msgs/msg/detail/audio_data__type_support.h
[13.247s] -- Installing: /home/mariem/ros2_ws/install/audio_common_msgs/include/audio_common_msgs/audio_common_msgs/msg/detail/audio_data__struct.h
[13.247s] -- Installing: /home/mariem/ros2_ws/install/audio_common_msgs/include/audio_common_msgs/audio_common_msgs/msg/detail/audio_data_stamped__struct.h
[13.247s] -- Installing: /home/mariem/ros2_ws/install/audio_common_msgs/include/audio_common_msgs/audio_common_msgs/msg/detail/audio_info__functions.c
[13.247s] -- Installing: /home/mariem/ros2_ws/install/audio_common_msgs/include/audio_common_msgs/audio_common_msgs/msg/detail/audio_info__struct.h
[13.248s] -- Installing: /home/mariem/ros2_ws/install/audio_common_msgs/include/audio_common_msgs/audio_common_msgs/msg/detail/audio_info__type_support.h
[13.248s] -- Installing: /home/mariem/ros2_ws/install/audio_common_msgs/include/audio_common_msgs/audio_common_msgs/msg/detail/audio_info__functions.h
[13.248s] -- Installing: /home/mariem/ros2_ws/install/audio_common_msgs/include/audio_common_msgs/audio_common_msgs/msg/detail/audio_data__functions.h
[13.248s] -- Installing: /home/mariem/ros2_ws/install/audio_common_msgs/include/audio_common_msgs/audio_common_msgs/msg/detail/audio_data__functions.c
[13.248s] -- Installing: /home/mariem/ros2_ws/install/audio_common_msgs/include/audio_common_msgs/audio_common_msgs/msg/detail/audio_data_stamped__functions.h
[13.248s] -- Installing: /home/mariem/ros2_ws/install/audio_common_msgs/include/audio_common_msgs/audio_common_msgs/msg/detail/audio_data_stamped__type_support.h
[13.248s] -- Installing: /home/mariem/ros2_ws/install/audio_common_msgs/include/audio_common_msgs/audio_common_msgs/msg/detail/audio_data_stamped__functions.c
[13.248s] -- Installing: /home/mariem/ros2_ws/install/audio_common_msgs/include/audio_common_msgs/audio_common_msgs/msg/rosidl_generator_c__visibility_control.h
[13.248s] -- Installing: /home/mariem/ros2_ws/install/audio_common_msgs/include/audio_common_msgs/audio_common_msgs/msg/audio_data_stamped.h
[13.249s] -- Installing: /home/mariem/ros2_ws/install/audio_common_msgs/include/audio_common_msgs/audio_common_msgs/msg/audio_info.h
[13.249s] -- Installing: /home/mariem/ros2_ws/install/audio_common_msgs/include/audio_common_msgs/audio_common_msgs/msg/audio_data.h
[13.249s] -- Installing: /home/mariem/ros2_ws/install/audio_common_msgs/share/audio_common_msgs/environment/library_path.sh
[13.249s] -- Installing: /home/mariem/ros2_ws/install/audio_common_msgs/share/audio_common_msgs/environment/library_path.dsv
[13.249s] -- Installing: /home/mariem/ros2_ws/install/audio_common_msgs/lib/libaudio_common_msgs__rosidl_generator_c.so
[13.250s] -- Set runtime path of "/home/mariem/ros2_ws/install/audio_common_msgs/lib/libaudio_common_msgs__rosidl_generator_c.so" to ""
[13.250s] -- Up-to-date: /home/mariem/ros2_ws/install/audio_common_msgs/include/audio_common_msgs/audio_common_msgs
[13.250s] -- Up-to-date: /home/mariem/ros2_ws/install/audio_common_msgs/include/audio_common_msgs/audio_common_msgs/msg
[13.250s] -- Up-to-date: /home/mariem/ros2_ws/install/audio_common_msgs/include/audio_common_msgs/audio_common_msgs/msg/detail
[13.250s] -- Installing: /home/mariem/ros2_ws/install/audio_common_msgs/include/audio_common_msgs/audio_common_msgs/msg/detail/audio_data_stamped__rosidl_typesupport_fastrtps_c.h
[13.250s] -- Installing: /home/mariem/ros2_ws/install/audio_common_msgs/include/audio_common_msgs/audio_common_msgs/msg/detail/audio_data__rosidl_typesupport_fastrtps_c.h
[13.251s] -- Installing: /home/mariem/ros2_ws/install/audio_common_msgs/include/audio_common_msgs/audio_common_msgs/msg/detail/audio_info__rosidl_typesupport_fastrtps_c.h
[13.251s] -- Installing: /home/mariem/ros2_ws/install/audio_common_msgs/include/audio_common_msgs/audio_common_msgs/msg/rosidl_typesupport_fastrtps_c__visibility_control.h
[13.251s] -- Installing: /home/mariem/ros2_ws/install/audio_common_msgs/lib/libaudio_common_msgs__rosidl_typesupport_fastrtps_c.so
[13.251s] -- Set runtime path of "/home/mariem/ros2_ws/install/audio_common_msgs/lib/libaudio_common_msgs__rosidl_typesupport_fastrtps_c.so" to ""
[13.251s] -- Up-to-date: /home/mariem/ros2_ws/install/audio_common_msgs/include/audio_common_msgs/audio_common_msgs
[13.251s] -- Up-to-date: /home/mariem/ros2_ws/install/audio_common_msgs/include/audio_common_msgs/audio_common_msgs/msg
[13.251s] -- Up-to-date: /home/mariem/ros2_ws/install/audio_common_msgs/include/audio_common_msgs/audio_common_msgs/msg/detail
[13.251s] -- Installing: /home/mariem/ros2_ws/install/audio_common_msgs/include/audio_common_msgs/audio_common_msgs/msg/detail/audio_info__type_support.c
[13.252s] -- Installing: /home/mariem/ros2_ws/install/audio_common_msgs/include/audio_common_msgs/audio_common_msgs/msg/detail/audio_data__rosidl_typesupport_introspection_c.h
[13.252s] -- Installing: /home/mariem/ros2_ws/install/audio_common_msgs/include/audio_common_msgs/audio_common_msgs/msg/detail/audio_data__type_support.c
[13.252s] -- Installing: /home/mariem/ros2_ws/install/audio_common_msgs/include/audio_common_msgs/audio_common_msgs/msg/detail/audio_info__rosidl_typesupport_introspection_c.h
[13.252s] -- Installing: /home/mariem/ros2_ws/install/audio_common_msgs/include/audio_common_msgs/audio_common_msgs/msg/detail/audio_data_stamped__rosidl_typesupport_introspection_c.h
[13.252s] -- Installing: /home/mariem/ros2_ws/install/audio_common_msgs/include/audio_common_msgs/audio_common_msgs/msg/detail/audio_data_stamped__type_support.c
[13.252s] -- Installing: /home/mariem/ros2_ws/install/audio_common_msgs/include/audio_common_msgs/audio_common_msgs/msg/rosidl_typesupport_introspection_c__visibility_control.h
[13.252s] -- Installing: /home/mariem/ros2_ws/install/audio_common_msgs/lib/libaudio_common_msgs__rosidl_typesupport_introspection_c.so
[13.252s] -- Set runtime path of "/home/mariem/ros2_ws/install/audio_common_msgs/lib/libaudio_common_msgs__rosidl_typesupport_introspection_c.so" to ""
[13.253s] -- Installing: /home/mariem/ros2_ws/install/audio_common_msgs/lib/libaudio_common_msgs__rosidl_typesupport_c.so
[13.253s] -- Set runtime path of "/home/mariem/ros2_ws/install/audio_common_msgs/lib/libaudio_common_msgs__rosidl_typesupport_c.so" to ""
[13.253s] -- Up-to-date: /home/mariem/ros2_ws/install/audio_common_msgs/include/audio_common_msgs/audio_common_msgs
[13.253s] -- Up-to-date: /home/mariem/ros2_ws/install/audio_common_msgs/include/audio_common_msgs/audio_common_msgs/msg
[13.253s] -- Up-to-date: /home/mariem/ros2_ws/install/audio_common_msgs/include/audio_common_msgs/audio_common_msgs/msg/detail
[13.253s] -- Installing: /home/mariem/ros2_ws/install/audio_common_msgs/include/audio_common_msgs/audio_common_msgs/msg/detail/audio_info__builder.hpp
[13.253s] -- Installing: /home/mariem/ros2_ws/install/audio_common_msgs/include/audio_common_msgs/audio_common_msgs/msg/detail/audio_data__struct.hpp
[13.253s] -- Installing: /home/mariem/ros2_ws/install/audio_common_msgs/include/audio_common_msgs/audio_common_msgs/msg/detail/audio_data__type_support.hpp
[13.257s] -- Installing: /home/mariem/ros2_ws/install/audio_common_msgs/include/audio_common_msgs/audio_common_msgs/msg/detail/audio_data_stamped__traits.hpp
[13.257s] -- Installing: /home/mariem/ros2_ws/install/audio_common_msgs/include/audio_common_msgs/audio_common_msgs/msg/detail/audio_info__type_support.hpp
[13.257s] -- Installing: /home/mariem/ros2_ws/install/audio_common_msgs/include/audio_common_msgs/audio_common_msgs/msg/detail/audio_data_stamped__builder.hpp
[13.257s] -- Installing: /home/mariem/ros2_ws/install/audio_common_msgs/include/audio_common_msgs/audio_common_msgs/msg/detail/audio_data__builder.hpp
[13.257s] -- Installing: /home/mariem/ros2_ws/install/audio_common_msgs/include/audio_common_msgs/audio_common_msgs/msg/detail/audio_info__traits.hpp
[13.257s] -- Installing: /home/mariem/ros2_ws/install/audio_common_msgs/include/audio_common_msgs/audio_common_msgs/msg/detail/audio_info__struct.hpp
[13.257s] -- Installing: /home/mariem/ros2_ws/install/audio_common_msgs/include/audio_common_msgs/audio_common_msgs/msg/detail/audio_data_stamped__type_support.hpp
[13.257s] -- Installing: /home/mariem/ros2_ws/install/audio_common_msgs/include/audio_common_msgs/audio_common_msgs/msg/detail/audio_data__traits.hpp
[13.257s] -- Installing: /home/mariem/ros2_ws/install/audio_common_msgs/include/audio_common_msgs/audio_common_msgs/msg/detail/audio_data_stamped__struct.hpp
[13.257s] -- Installing: /home/mariem/ros2_ws/install/audio_common_msgs/include/audio_common_msgs/audio_common_msgs/msg/audio_info.hpp
[13.257s] -- Installing: /home/mariem/ros2_ws/install/audio_common_msgs/include/audio_common_msgs/audio_common_msgs/msg/audio_data.hpp
[13.257s] -- Installing: /home/mariem/ros2_ws/install/audio_common_msgs/include/audio_common_msgs/audio_common_msgs/msg/audio_data_stamped.hpp
[13.258s] -- Installing: /home/mariem/ros2_ws/install/audio_common_msgs/include/audio_common_msgs/audio_common_msgs/msg/rosidl_generator_cpp__visibility_control.hpp
[13.258s] -- Up-to-date: /home/mariem/ros2_ws/install/audio_common_msgs/include/audio_common_msgs/audio_common_msgs
[13.258s] -- Up-to-date: /home/mariem/ros2_ws/install/audio_common_msgs/include/audio_common_msgs/audio_common_msgs/msg
[13.258s] -- Up-to-date: /home/mariem/ros2_ws/install/audio_common_msgs/include/audio_common_msgs/audio_common_msgs/msg/detail
[13.258s] -- Installing: /home/mariem/ros2_ws/install/audio_common_msgs/include/audio_common_msgs/audio_common_msgs/msg/detail/audio_data__rosidl_typesupport_fastrtps_cpp.hpp
[13.258s] -- Installing: /home/mariem/ros2_ws/install/audio_common_msgs/include/audio_common_msgs/audio_common_msgs/msg/detail/audio_info__rosidl_typesupport_fastrtps_cpp.hpp
[13.258s] -- Installing: /home/mariem/ros2_ws/install/audio_common_msgs/include/audio_common_msgs/audio_common_msgs/msg/detail/audio_data_stamped__rosidl_typesupport_fastrtps_cpp.hpp
[13.258s] -- Installing: /home/mariem/ros2_ws/install/audio_common_msgs/include/audio_common_msgs/audio_common_msgs/msg/detail/dds_fastrtps
[13.258s] -- Installing: /home/mariem/ros2_ws/install/audio_common_msgs/include/audio_common_msgs/audio_common_msgs/msg/rosidl_typesupport_fastrtps_cpp__visibility_control.h
[13.258s] -- Installing: /home/mariem/ros2_ws/install/audio_common_msgs/lib/libaudio_common_msgs__rosidl_typesupport_fastrtps_cpp.so
[13.258s] -- Set runtime path of "/home/mariem/ros2_ws/install/audio_common_msgs/lib/libaudio_common_msgs__rosidl_typesupport_fastrtps_cpp.so" to ""
[13.258s] -- Up-to-date: /home/mariem/ros2_ws/install/audio_common_msgs/include/audio_common_msgs/audio_common_msgs
[13.258s] -- Up-to-date: /home/mariem/ros2_ws/install/audio_common_msgs/include/audio_common_msgs/audio_common_msgs/msg
[13.258s] -- Up-to-date: /home/mariem/ros2_ws/install/audio_common_msgs/include/audio_common_msgs/audio_common_msgs/msg/detail
[13.258s] -- Installing: /home/mariem/ros2_ws/install/audio_common_msgs/include/audio_common_msgs/audio_common_msgs/msg/detail/audio_info__type_support.cpp
[13.258s] -- Installing: /home/mariem/ros2_ws/install/audio_common_msgs/include/audio_common_msgs/audio_common_msgs/msg/detail/audio_data__type_support.cpp
[13.258s] -- Installing: /home/mariem/ros2_ws/install/audio_common_msgs/include/audio_common_msgs/audio_common_msgs/msg/detail/audio_info__rosidl_typesupport_introspection_cpp.hpp
[13.258s] -- Installing: /home/mariem/ros2_ws/install/audio_common_msgs/include/audio_common_msgs/audio_common_msgs/msg/detail/audio_data_stamped__rosidl_typesupport_introspection_cpp.hpp
[13.258s] -- Installing: /home/mariem/ros2_ws/install/audio_common_msgs/include/audio_common_msgs/audio_common_msgs/msg/detail/audio_data_stamped__type_support.cpp
[13.258s] -- Installing: /home/mariem/ros2_ws/install/audio_common_msgs/include/audio_common_msgs/audio_common_msgs/msg/detail/audio_data__rosidl_typesupport_introspection_cpp.hpp
[13.258s] -- Installing: /home/mariem/ros2_ws/install/audio_common_msgs/lib/libaudio_common_msgs__rosidl_typesupport_introspection_cpp.so
[13.259s] -- Set runtime path of "/home/mariem/ros2_ws/install/audio_common_msgs/lib/libaudio_common_msgs__rosidl_typesupport_introspection_cpp.so" to ""
[13.259s] -- Installing: /home/mariem/ros2_ws/install/audio_common_msgs/lib/libaudio_common_msgs__rosidl_typesupport_cpp.so
[13.259s] -- Set runtime path of "/home/mariem/ros2_ws/install/audio_common_msgs/lib/libaudio_common_msgs__rosidl_typesupport_cpp.so" to ""
[13.259s] -- Installing: /home/mariem/ros2_ws/install/audio_common_msgs/share/audio_common_msgs/environment/pythonpath.sh
[13.259s] -- Installing: /home/mariem/ros2_ws/install/audio_common_msgs/share/audio_common_msgs/environment/pythonpath.dsv
[13.259s] -- Installing: /home/mariem/ros2_ws/install/audio_common_msgs/local/lib/python3.10/dist-packages/audio_common_msgs-0.3.12-py3.10.egg-info
[13.259s] -- Installing: /home/mariem/ros2_ws/install/audio_common_msgs/local/lib/python3.10/dist-packages/audio_common_msgs-0.3.12-py3.10.egg-info/PKG-INFO
[13.259s] -- Installing: /home/mariem/ros2_ws/install/audio_common_msgs/local/lib/python3.10/dist-packages/audio_common_msgs-0.3.12-py3.10.egg-info/dependency_links.txt
[13.259s] -- Installing: /home/mariem/ros2_ws/install/audio_common_msgs/local/lib/python3.10/dist-packages/audio_common_msgs-0.3.12-py3.10.egg-info/top_level.txt
[13.259s] -- Installing: /home/mariem/ros2_ws/install/audio_common_msgs/local/lib/python3.10/dist-packages/audio_common_msgs-0.3.12-py3.10.egg-info/SOURCES.txt
[13.260s] -- Installing: /home/mariem/ros2_ws/install/audio_common_msgs/local/lib/python3.10/dist-packages/audio_common_msgs
[13.260s] -- Installing: /home/mariem/ros2_ws/install/audio_common_msgs/local/lib/python3.10/dist-packages/audio_common_msgs/__init__.py
[13.260s] -- Installing: /home/mariem/ros2_ws/install/audio_common_msgs/local/lib/python3.10/dist-packages/audio_common_msgs/libaudio_common_msgs__rosidl_generator_py.so
[13.260s] -- Installing: /home/mariem/ros2_ws/install/audio_common_msgs/local/lib/python3.10/dist-packages/audio_common_msgs/audio_common_msgs_s__rosidl_typesupport_fastrtps_c.cpython-310-x86_64-linux-gnu.so
[13.260s] -- Installing: /home/mariem/ros2_ws/install/audio_common_msgs/local/lib/python3.10/dist-packages/audio_common_msgs/_audio_common_msgs_s.ep.rosidl_typesupport_introspection_c.c
[13.260s] -- Installing: /home/mariem/ros2_ws/install/audio_common_msgs/local/lib/python3.10/dist-packages/audio_common_msgs/audio_common_msgs_s__rosidl_typesupport_c.cpython-310-x86_64-linux-gnu.so
[13.260s] -- Installing: /home/mariem/ros2_ws/install/audio_common_msgs/local/lib/python3.10/dist-packages/audio_common_msgs/_audio_common_msgs_s.ep.rosidl_typesupport_c.c
[13.260s] -- Installing: /home/mariem/ros2_ws/install/audio_common_msgs/local/lib/python3.10/dist-packages/audio_common_msgs/msg
[13.260s] -- Installing: /home/mariem/ros2_ws/install/audio_common_msgs/local/lib/python3.10/dist-packages/audio_common_msgs/msg/__init__.py
[13.260s] -- Installing: /home/mariem/ros2_ws/install/audio_common_msgs/local/lib/python3.10/dist-packages/audio_common_msgs/msg/_audio_data_stamped_s.c
[13.260s] -- Installing: /home/mariem/ros2_ws/install/audio_common_msgs/local/lib/python3.10/dist-packages/audio_common_msgs/msg/_audio_info.py
[13.260s] -- Installing: /home/mariem/ros2_ws/install/audio_common_msgs/local/lib/python3.10/dist-packages/audio_common_msgs/msg/_audio_info_s.c
[13.260s] -- Installing: /home/mariem/ros2_ws/install/audio_common_msgs/local/lib/python3.10/dist-packages/audio_common_msgs/msg/_audio_data_s.c
[13.260s] -- Installing: /home/mariem/ros2_ws/install/audio_common_msgs/local/lib/python3.10/dist-packages/audio_common_msgs/msg/_audio_data_stamped.py
[13.260s] -- Installing: /home/mariem/ros2_ws/install/audio_common_msgs/local/lib/python3.10/dist-packages/audio_common_msgs/msg/_audio_data.py
[13.261s] -- Installing: /home/mariem/ros2_ws/install/audio_common_msgs/local/lib/python3.10/dist-packages/audio_common_msgs/_audio_common_msgs_s.ep.rosidl_typesupport_fastrtps_c.c
[13.261s] -- Installing: /home/mariem/ros2_ws/install/audio_common_msgs/local/lib/python3.10/dist-packages/audio_common_msgs/audio_common_msgs_s__rosidl_typesupport_introspection_c.cpython-310-x86_64-linux-gnu.so
[13.304s] Listing '/home/mariem/ros2_ws/install/audio_common_msgs/local/lib/python3.10/dist-packages/audio_common_msgs'...
[13.304s] Compiling '/home/mariem/ros2_ws/install/audio_common_msgs/local/lib/python3.10/dist-packages/audio_common_msgs/__init__.py'...
[13.304s] Listing '/home/mariem/ros2_ws/install/audio_common_msgs/local/lib/python3.10/dist-packages/audio_common_msgs/msg'...
[13.304s] Compiling '/home/mariem/ros2_ws/install/audio_common_msgs/local/lib/python3.10/dist-packages/audio_common_msgs/msg/__init__.py'...
[13.304s] Compiling '/home/mariem/ros2_ws/install/audio_common_msgs/local/lib/python3.10/dist-packages/audio_common_msgs/msg/_audio_data.py'...
[13.304s] Compiling '/home/mariem/ros2_ws/install/audio_common_msgs/local/lib/python3.10/dist-packages/audio_common_msgs/msg/_audio_data_stamped.py'...
[13.304s] Compiling '/home/mariem/ros2_ws/install/audio_common_msgs/local/lib/python3.10/dist-packages/audio_common_msgs/msg/_audio_info.py'...
[13.309s] -- Installing: /home/mariem/ros2_ws/install/audio_common_msgs/local/lib/python3.10/dist-packages/audio_common_msgs/audio_common_msgs_s__rosidl_typesupport_fastrtps_c.cpython-310-x86_64-linux-gnu.so
[13.310s] -- Set runtime path of "/home/mariem/ros2_ws/install/audio_common_msgs/local/lib/python3.10/dist-packages/audio_common_msgs/audio_common_msgs_s__rosidl_typesupport_fastrtps_c.cpython-310-x86_64-linux-gnu.so" to ""
[13.310s] -- Installing: /home/mariem/ros2_ws/install/audio_common_msgs/local/lib/python3.10/dist-packages/audio_common_msgs/audio_common_msgs_s__rosidl_typesupport_introspection_c.cpython-310-x86_64-linux-gnu.so
[13.310s] -- Set runtime path of "/home/mariem/ros2_ws/install/audio_common_msgs/local/lib/python3.10/dist-packages/audio_common_msgs/audio_common_msgs_s__rosidl_typesupport_introspection_c.cpython-310-x86_64-linux-gnu.so" to ""
[13.310s] -- Installing: /home/mariem/ros2_ws/install/audio_common_msgs/local/lib/python3.10/dist-packages/audio_common_msgs/audio_common_msgs_s__rosidl_typesupport_c.cpython-310-x86_64-linux-gnu.so
[13.311s] -- Set runtime path of "/home/mariem/ros2_ws/install/audio_common_msgs/local/lib/python3.10/dist-packages/audio_common_msgs/audio_common_msgs_s__rosidl_typesupport_c.cpython-310-x86_64-linux-gnu.so" to ""
[13.311s] -- Installing: /home/mariem/ros2_ws/install/audio_common_msgs/lib/libaudio_common_msgs__rosidl_generator_py.so
[13.311s] -- Set runtime path of "/home/mariem/ros2_ws/install/audio_common_msgs/lib/libaudio_common_msgs__rosidl_generator_py.so" to ""
[13.311s] -- Installing: /home/mariem/ros2_ws/install/audio_common_msgs/share/audio_common_msgs/msg/AudioData.idl
[13.311s] -- Installing: /home/mariem/ros2_ws/install/audio_common_msgs/share/audio_common_msgs/msg/AudioDataStamped.idl
[13.312s] -- Installing: /home/mariem/ros2_ws/install/audio_common_msgs/share/audio_common_msgs/msg/AudioInfo.idl
[13.312s] -- Installing: /home/mariem/ros2_ws/install/audio_common_msgs/share/audio_common_msgs/msg/AudioData.msg
[13.312s] -- Installing: /home/mariem/ros2_ws/install/audio_common_msgs/share/audio_common_msgs/msg/AudioDataStamped.msg
[13.312s] -- Installing: /home/mariem/ros2_ws/install/audio_common_msgs/share/audio_common_msgs/msg/AudioInfo.msg
[13.312s] -- Installing: /home/mariem/ros2_ws/install/audio_common_msgs/share/ament_index/resource_index/package_run_dependencies/audio_common_msgs
[13.312s] -- Installing: /home/mariem/ros2_ws/install/audio_common_msgs/share/ament_index/resource_index/parent_prefix_path/audio_common_msgs
[13.312s] -- Installing: /home/mariem/ros2_ws/install/audio_common_msgs/share/audio_common_msgs/environment/ament_prefix_path.sh
[13.312s] -- Installing: /home/mariem/ros2_ws/install/audio_common_msgs/share/audio_common_msgs/environment/ament_prefix_path.dsv
[13.313s] -- Installing: /home/mariem/ros2_ws/install/audio_common_msgs/share/audio_common_msgs/environment/path.sh
[13.313s] -- Installing: /home/mariem/ros2_ws/install/audio_common_msgs/share/audio_common_msgs/environment/path.dsv
[13.313s] -- Installing: /home/mariem/ros2_ws/install/audio_common_msgs/share/audio_common_msgs/local_setup.bash
[13.313s] -- Installing: /home/mariem/ros2_ws/install/audio_common_msgs/share/audio_common_msgs/local_setup.sh
[13.313s] -- Installing: /home/mariem/ros2_ws/install/audio_common_msgs/share/audio_common_msgs/local_setup.zsh
[13.313s] -- Installing: /home/mariem/ros2_ws/install/audio_common_msgs/share/audio_common_msgs/local_setup.dsv
[13.313s] -- Installing: /home/mariem/ros2_ws/install/audio_common_msgs/share/audio_common_msgs/package.dsv
[13.313s] -- Installing: /home/mariem/ros2_ws/install/audio_common_msgs/share/ament_index/resource_index/packages/audio_common_msgs
[13.314s] -- Installing: /home/mariem/ros2_ws/install/audio_common_msgs/share/audio_common_msgs/cmake/export_audio_common_msgs__rosidl_generator_cExport.cmake
[13.314s] -- Installing: /home/mariem/ros2_ws/install/audio_common_msgs/share/audio_common_msgs/cmake/export_audio_common_msgs__rosidl_generator_cExport-noconfig.cmake
[13.314s] -- Installing: /home/mariem/ros2_ws/install/audio_common_msgs/share/audio_common_msgs/cmake/export_audio_common_msgs__rosidl_typesupport_fastrtps_cExport.cmake
[13.314s] -- Installing: /home/mariem/ros2_ws/install/audio_common_msgs/share/audio_common_msgs/cmake/export_audio_common_msgs__rosidl_typesupport_fastrtps_cExport-noconfig.cmake
[13.314s] -- Installing: /home/mariem/ros2_ws/install/audio_common_msgs/share/audio_common_msgs/cmake/audio_common_msgs__rosidl_typesupport_introspection_cExport.cmake
[13.314s] -- Installing: /home/mariem/ros2_ws/install/audio_common_msgs/share/audio_common_msgs/cmake/audio_common_msgs__rosidl_typesupport_introspection_cExport-noconfig.cmake
[13.314s] -- Installing: /home/mariem/ros2_ws/install/audio_common_msgs/share/audio_common_msgs/cmake/audio_common_msgs__rosidl_typesupport_cExport.cmake
[13.314s] -- Installing: /home/mariem/ros2_ws/install/audio_common_msgs/share/audio_common_msgs/cmake/audio_common_msgs__rosidl_typesupport_cExport-noconfig.cmake
[13.315s] -- Installing: /home/mariem/ros2_ws/install/audio_common_msgs/share/audio_common_msgs/cmake/export_audio_common_msgs__rosidl_generator_cppExport.cmake
[13.315s] -- Installing: /home/mariem/ros2_ws/install/audio_common_msgs/share/audio_common_msgs/cmake/export_audio_common_msgs__rosidl_typesupport_fastrtps_cppExport.cmake
[13.315s] -- Installing: /home/mariem/ros2_ws/install/audio_common_msgs/share/audio_common_msgs/cmake/export_audio_common_msgs__rosidl_typesupport_fastrtps_cppExport-noconfig.cmake
[13.315s] -- Installing: /home/mariem/ros2_ws/install/audio_common_msgs/share/audio_common_msgs/cmake/audio_common_msgs__rosidl_typesupport_introspection_cppExport.cmake
[13.315s] -- Installing: /home/mariem/ros2_ws/install/audio_common_msgs/share/audio_common_msgs/cmake/audio_common_msgs__rosidl_typesupport_introspection_cppExport-noconfig.cmake
[13.315s] -- Installing: /home/mariem/ros2_ws/install/audio_common_msgs/share/audio_common_msgs/cmake/audio_common_msgs__rosidl_typesupport_cppExport.cmake
[13.315s] -- Installing: /home/mariem/ros2_ws/install/audio_common_msgs/share/audio_common_msgs/cmake/audio_common_msgs__rosidl_typesupport_cppExport-noconfig.cmake
[13.315s] -- Installing: /home/mariem/ros2_ws/install/audio_common_msgs/share/audio_common_msgs/cmake/export_audio_common_msgs__rosidl_generator_pyExport.cmake
[13.316s] -- Installing: /home/mariem/ros2_ws/install/audio_common_msgs/share/audio_common_msgs/cmake/export_audio_common_msgs__rosidl_generator_pyExport-noconfig.cmake
[13.316s] -- Installing: /home/mariem/ros2_ws/install/audio_common_msgs/share/audio_common_msgs/cmake/rosidl_cmake-extras.cmake
[13.316s] -- Installing: /home/mariem/ros2_ws/install/audio_common_msgs/share/audio_common_msgs/cmake/ament_cmake_export_dependencies-extras.cmake
[13.318s] -- Installing: /home/mariem/ros2_ws/install/audio_common_msgs/share/audio_common_msgs/cmake/ament_cmake_export_include_directories-extras.cmake
[13.318s] -- Installing: /home/mariem/ros2_ws/install/audio_common_msgs/share/audio_common_msgs/cmake/ament_cmake_export_libraries-extras.cmake
[13.318s] -- Installing: /home/mariem/ros2_ws/install/audio_common_msgs/share/audio_common_msgs/cmake/ament_cmake_export_targets-extras.cmake
[13.319s] -- Installing: /home/mariem/ros2_ws/install/audio_common_msgs/share/audio_common_msgs/cmake/rosidl_cmake_export_typesupport_targets-extras.cmake
[13.319s] -- Installing: /home/mariem/ros2_ws/install/audio_common_msgs/share/audio_common_msgs/cmake/rosidl_cmake_export_typesupport_libraries-extras.cmake
[13.319s] -- Installing: /home/mariem/ros2_ws/install/audio_common_msgs/share/audio_common_msgs/cmake/audio_common_msgsConfig.cmake
[13.319s] -- Installing: /home/mariem/ros2_ws/install/audio_common_msgs/share/audio_common_msgs/cmake/audio_common_msgsConfig-version.cmake
[13.319s] -- Installing: /home/mariem/ros2_ws/install/audio_common_msgs/share/audio_common_msgs/package.xml
[13.321s] Invoked command in '/home/mariem/ros2_ws/build/audio_common_msgs' returned '0': CMAKE_PREFIX_PATH=${CMAKE_PREFIX_PATH}:/opt/ros/humble /usr/bin/cmake --install /home/mariem/ros2_ws/build/audio_common_msgs
