[0.815s] Invoking command in '/home/mariem/ros2_ws/src/audio_streamer': PYTHONPATH=/home/mariem/ros2_ws/build/audio_streamer/prefix_override:/usr/lib/python3/dist-packages/colcon_core/task/python/colcon_distutils_commands:/home/mariem/ros2_ws/install/audio_streamer/lib/python3.10/site-packages:${PYTHONPATH} /usr/bin/python3 -W ignore:setup.py install is deprecated -W ignore:easy_install command is deprecated setup.py egg_info --egg-base ../../build/audio_streamer build --build-base /home/mariem/ros2_ws/build/audio_streamer/build install --record /home/mariem/ros2_ws/build/audio_streamer/install.log --single-version-externally-managed install_data
[1.031s] running egg_info
[1.031s] writing ../../build/audio_streamer/audio_streamer.egg-info/PKG-INFO
[1.033s] writing dependency_links to ../../build/audio_streamer/audio_streamer.egg-info/dependency_links.txt
[1.034s] writing entry points to ../../build/audio_streamer/audio_streamer.egg-info/entry_points.txt
[1.035s] writing requirements to ../../build/audio_streamer/audio_streamer.egg-info/requires.txt
[1.036s] writing top-level names to ../../build/audio_streamer/audio_streamer.egg-info/top_level.txt
[1.038s] reading manifest file '../../build/audio_streamer/audio_streamer.egg-info/SOURCES.txt'
[1.040s] writing manifest file '../../build/audio_streamer/audio_streamer.egg-info/SOURCES.txt'
[1.041s] running build
[1.041s] running build_py
[1.041s] copying audio_streamer/audio_subscriber.py -> /home/mariem/ros2_ws/build/audio_streamer/build/lib/audio_streamer
[1.042s] running install
[1.044s] running install_lib
[1.045s] copying /home/mariem/ros2_ws/build/audio_streamer/build/lib/audio_streamer/audio_subscriber.py -> /home/mariem/ros2_ws/install/audio_streamer/lib/python3.10/site-packages/audio_streamer
[1.045s] byte-compiling /home/mariem/ros2_ws/install/audio_streamer/lib/python3.10/site-packages/audio_streamer/audio_subscriber.py to audio_subscriber.cpython-310.pyc
[1.046s]   File "/home/mariem/ros2_ws/install/audio_streamer/lib/python3.10/site-packages/audio_streamer/audio_subscriber.py", line 13
[1.046s]     self.declare_parameter('output_device_index', -1) self.output_device_index = self.get_parameter('output_device_index').get_parameter_value().integer_value 
[1.046s]                                                       ^^^^
[1.046s] SyntaxError: invalid syntax
[1.046s] 
[1.046s] running install_data
[1.046s] copying config/params.yaml -> /home/mariem/ros2_ws/install/audio_streamer/share/audio_streamer/config
[1.046s] running install_egg_info
[1.048s] removing '/home/mariem/ros2_ws/install/audio_streamer/lib/python3.10/site-packages/audio_streamer-0.0.0-py3.10.egg-info' (and everything under it)
[1.048s] Copying ../../build/audio_streamer/audio_streamer.egg-info to /home/mariem/ros2_ws/install/audio_streamer/lib/python3.10/site-packages/audio_streamer-0.0.0-py3.10.egg-info
[1.050s] running install_scripts
[1.069s] Installing audio_pub script to /home/mariem/ros2_ws/install/audio_streamer/lib/audio_streamer
[1.070s] Installing audio_sub script to /home/mariem/ros2_ws/install/audio_streamer/lib/audio_streamer
[1.071s] writing list of installed files to '/home/mariem/ros2_ws/build/audio_streamer/install.log'
[1.092s] Invoked command in '/home/mariem/ros2_ws/src/audio_streamer' returned '0': PYTHONPATH=/home/mariem/ros2_ws/build/audio_streamer/prefix_override:/usr/lib/python3/dist-packages/colcon_core/task/python/colcon_distutils_commands:/home/mariem/ros2_ws/install/audio_streamer/lib/python3.10/site-packages:${PYTHONPATH} /usr/bin/python3 -W ignore:setup.py install is deprecated -W ignore:easy_install command is deprecated setup.py egg_info --egg-base ../../build/audio_streamer build --build-base /home/mariem/ros2_ws/build/audio_streamer/build install --record /home/mariem/ros2_ws/build/audio_streamer/install.log --single-version-externally-managed install_data
