[0.687s] Invoking command in '/home/mariem/ros2_ws/src/audio_streamer': PYTHONPATH=/home/mariem/ros2_ws/build/audio_streamer/prefix_override:/usr/lib/python3/dist-packages/colcon_core/task/python/colcon_distutils_commands:/home/mariem/ros2_ws/install/audio_streamer/lib/python3.10/site-packages:${PYTHONPATH} /usr/bin/python3 -W ignore:setup.py install is deprecated -W ignore:easy_install command is deprecated setup.py egg_info --egg-base ../../build/audio_streamer build --build-base /home/mariem/ros2_ws/build/audio_streamer/build install --record /home/mariem/ros2_ws/build/audio_streamer/install.log --single-version-externally-managed install_data
[0.935s] running egg_info
[0.945s] writing ../../build/audio_streamer/audio_streamer.egg-info/PKG-INFO
[0.953s] writing dependency_links to ../../build/audio_streamer/audio_streamer.egg-info/dependency_links.txt
[0.955s] writing entry points to ../../build/audio_streamer/audio_streamer.egg-info/entry_points.txt
[0.957s] writing requirements to ../../build/audio_streamer/audio_streamer.egg-info/requires.txt
[0.957s] writing top-level names to ../../build/audio_streamer/audio_streamer.egg-info/top_level.txt
[0.980s] reading manifest file '../../build/audio_streamer/audio_streamer.egg-info/SOURCES.txt'
[0.981s] writing manifest file '../../build/audio_streamer/audio_streamer.egg-info/SOURCES.txt'
[0.983s] running build
[0.983s] running build_py
[0.984s] copying audio_streamer/__init__.py -> /home/mariem/ros2_ws/build/audio_streamer/build/lib/audio_streamer
[0.984s] copying audio_streamer/audio_subscriber.py -> /home/mariem/ros2_ws/build/audio_streamer/build/lib/audio_streamer
[0.984s] copying audio_streamer/audio_publisher.py -> /home/mariem/ros2_ws/build/audio_streamer/build/lib/audio_streamer
[0.984s] running install
[0.994s] running install_lib
[1.002s] running install_data
[1.002s] copying resource/audio_streamer -> /home/mariem/ros2_ws/install/audio_streamer/share/ament_index/resource_index/packages
[1.014s] copying package.xml -> /home/mariem/ros2_ws/install/audio_streamer/share/audio_streamer
[1.014s] running install_egg_info
[1.016s] removing '/home/mariem/ros2_ws/install/audio_streamer/lib/python3.10/site-packages/audio_streamer-0.0.0-py3.10.egg-info' (and everything under it)
[1.016s] Copying ../../build/audio_streamer/audio_streamer.egg-info to /home/mariem/ros2_ws/install/audio_streamer/lib/python3.10/site-packages/audio_streamer-0.0.0-py3.10.egg-info
[1.017s] running install_scripts
[1.039s] Installing audio_pub script to /home/mariem/ros2_ws/install/audio_streamer/lib/audio_streamer
[1.048s] Installing audio_sub script to /home/mariem/ros2_ws/install/audio_streamer/lib/audio_streamer
[1.050s] writing list of installed files to '/home/mariem/ros2_ws/build/audio_streamer/install.log'
[1.071s] Invoked command in '/home/mariem/ros2_ws/src/audio_streamer' returned '0': PYTHONPATH=/home/mariem/ros2_ws/build/audio_streamer/prefix_override:/usr/lib/python3/dist-packages/colcon_core/task/python/colcon_distutils_commands:/home/mariem/ros2_ws/install/audio_streamer/lib/python3.10/site-packages:${PYTHONPATH} /usr/bin/python3 -W ignore:setup.py install is deprecated -W ignore:easy_install command is deprecated setup.py egg_info --egg-base ../../build/audio_streamer build --build-base /home/mariem/ros2_ws/build/audio_streamer/build install --record /home/mariem/ros2_ws/build/audio_streamer/install.log --single-version-externally-managed install_data
