[0.251s] DEBUG:colcon:Command line arguments: ['/usr/bin/colcon', 'build', '--packages-skip', 'audio_common', 'sound_play']
[0.251s] DEBUG:colcon:Parsed command line arguments: Namespace(log_base=None, log_level=None, verb_name='build', build_base='build', install_base='install', merge_install=False, symlink_install=False, test_result_base=None, continue_on_error=False, executor='parallel', parallel_workers=1, event_handlers=None, ignore_user_meta=False, metas=['./colcon.meta'], base_paths=['.'], packages_ignore=None, packages_ignore_regex=None, paths=None, packages_up_to=None, packages_up_to_regex=None, packages_above=None, packages_above_and_dependencies=None, packages_above_depth=None, packages_select_by_dep=None, packages_skip_by_dep=None, packages_skip_up_to=None, packages_select_build_failed=False, packages_skip_build_finished=False, packages_select_test_failures=False, packages_skip_test_passed=False, packages_select=None, packages_skip=['audio_common', 'sound_play'], packages_select_regex=None, packages_skip_regex=None, packages_start=None, packages_end=None, allow_overriding=[], cmake_args=None, cmake_target=None, cmake_target_skip_unavailable=False, cmake_clean_cache=False, cmake_clean_first=False, cmake_force_configure=False, ament_cmake_args=None, catkin_cmake_args=None, catkin_skip_building_tests=False, verb_parser=<colcon_defaults.argument_parser.defaults.DefaultArgumentsDecorator object at 0x757f9bf34c10>, verb_extension=<colcon_core.verb.build.BuildVerb object at 0x757f9bf347c0>, main=<bound method BuildVerb.main of <colcon_core.verb.build.BuildVerb object at 0x757f9bf347c0>>)
[0.294s] Level 1:colcon.colcon_core.package_discovery:discover_packages(colcon_meta) check parameters
[0.295s] Level 1:colcon.colcon_core.package_discovery:discover_packages(recursive) check parameters
[0.295s] Level 1:colcon.colcon_core.package_discovery:discover_packages(ignore) check parameters
[0.295s] Level 1:colcon.colcon_core.package_discovery:discover_packages(path) check parameters
[0.295s] Level 1:colcon.colcon_core.package_discovery:discover_packages(colcon_meta) discover
[0.295s] Level 1:colcon.colcon_core.package_discovery:discover_packages(recursive) discover
[0.295s] INFO:colcon.colcon_core.package_discovery:Crawling recursively for packages in '/home/mariem/ros2_ws'
[0.295s] Level 1:colcon.colcon_core.package_identification:_identify(.) by extensions ['ignore', 'ignore_ament_install']
[0.295s] Level 1:colcon.colcon_core.package_identification:_identify(.) by extension 'ignore'
[0.295s] Level 1:colcon.colcon_core.package_identification:_identify(.) by extension 'ignore_ament_install'
[0.295s] Level 1:colcon.colcon_core.package_identification:_identify(.) by extensions ['colcon_pkg']
[0.295s] Level 1:colcon.colcon_core.package_identification:_identify(.) by extension 'colcon_pkg'
[0.295s] Level 1:colcon.colcon_core.package_identification:_identify(.) by extensions ['colcon_meta']
[0.295s] Level 1:colcon.colcon_core.package_identification:_identify(.) by extension 'colcon_meta'
[0.295s] Level 1:colcon.colcon_core.package_identification:_identify(.) by extensions ['ros']
[0.295s] Level 1:colcon.colcon_core.package_identification:_identify(.) by extension 'ros'
[0.306s] Level 1:colcon.colcon_core.package_identification:_identify(.) by extensions ['cmake', 'python']
[0.306s] Level 1:colcon.colcon_core.package_identification:_identify(.) by extension 'cmake'
[0.306s] Level 1:colcon.colcon_core.package_identification:_identify(.) by extension 'python'
[0.306s] Level 1:colcon.colcon_core.package_identification:_identify(.) by extensions ['python_setup_py']
[0.306s] Level 1:colcon.colcon_core.package_identification:_identify(.) by extension 'python_setup_py'
[0.306s] Level 1:colcon.colcon_core.package_identification:_identify(build) by extensions ['ignore', 'ignore_ament_install']
[0.306s] Level 1:colcon.colcon_core.package_identification:_identify(build) by extension 'ignore'
[0.306s] Level 1:colcon.colcon_core.package_identification:_identify(build) ignored
[0.306s] Level 1:colcon.colcon_core.package_identification:_identify(install) by extensions ['ignore', 'ignore_ament_install']
[0.307s] Level 1:colcon.colcon_core.package_identification:_identify(install) by extension 'ignore'
[0.307s] Level 1:colcon.colcon_core.package_identification:_identify(install) ignored
[0.307s] Level 1:colcon.colcon_core.package_identification:_identify(log) by extensions ['ignore', 'ignore_ament_install']
[0.307s] Level 1:colcon.colcon_core.package_identification:_identify(log) by extension 'ignore'
[0.307s] Level 1:colcon.colcon_core.package_identification:_identify(log) ignored
[0.307s] Level 1:colcon.colcon_core.package_identification:_identify(src) by extensions ['ignore', 'ignore_ament_install']
[0.307s] Level 1:colcon.colcon_core.package_identification:_identify(src) by extension 'ignore'
[0.307s] Level 1:colcon.colcon_core.package_identification:_identify(src) by extension 'ignore_ament_install'
[0.307s] Level 1:colcon.colcon_core.package_identification:_identify(src) by extensions ['colcon_pkg']
[0.307s] Level 1:colcon.colcon_core.package_identification:_identify(src) by extension 'colcon_pkg'
[0.307s] Level 1:colcon.colcon_core.package_identification:_identify(src) by extensions ['colcon_meta']
[0.307s] Level 1:colcon.colcon_core.package_identification:_identify(src) by extension 'colcon_meta'
[0.307s] Level 1:colcon.colcon_core.package_identification:_identify(src) by extensions ['ros']
[0.307s] Level 1:colcon.colcon_core.package_identification:_identify(src) by extension 'ros'
[0.307s] Level 1:colcon.colcon_core.package_identification:_identify(src) by extensions ['cmake', 'python']
[0.307s] Level 1:colcon.colcon_core.package_identification:_identify(src) by extension 'cmake'
[0.307s] Level 1:colcon.colcon_core.package_identification:_identify(src) by extension 'python'
[0.307s] Level 1:colcon.colcon_core.package_identification:_identify(src) by extensions ['python_setup_py']
[0.307s] Level 1:colcon.colcon_core.package_identification:_identify(src) by extension 'python_setup_py'
[0.307s] Level 1:colcon.colcon_core.package_identification:_identify(src/audio_common) by extensions ['ignore', 'ignore_ament_install']
[0.308s] Level 1:colcon.colcon_core.package_identification:_identify(src/audio_common) by extension 'ignore'
[0.308s] Level 1:colcon.colcon_core.package_identification:_identify(src/audio_common) by extension 'ignore_ament_install'
[0.308s] Level 1:colcon.colcon_core.package_identification:_identify(src/audio_common) by extensions ['colcon_pkg']
[0.308s] Level 1:colcon.colcon_core.package_identification:_identify(src/audio_common) by extension 'colcon_pkg'
[0.308s] Level 1:colcon.colcon_core.package_identification:_identify(src/audio_common) by extensions ['colcon_meta']
[0.308s] Level 1:colcon.colcon_core.package_identification:_identify(src/audio_common) by extension 'colcon_meta'
[0.308s] Level 1:colcon.colcon_core.package_identification:_identify(src/audio_common) by extensions ['ros']
[0.309s] Level 1:colcon.colcon_core.package_identification:_identify(src/audio_common) by extension 'ros'
[0.309s] Level 1:colcon.colcon_core.package_identification:_identify(src/audio_common) by extensions ['cmake', 'python']
[0.309s] Level 1:colcon.colcon_core.package_identification:_identify(src/audio_common) by extension 'cmake'
[0.309s] Level 1:colcon.colcon_core.package_identification:_identify(src/audio_common) by extension 'python'
[0.309s] Level 1:colcon.colcon_core.package_identification:_identify(src/audio_common) by extensions ['python_setup_py']
[0.309s] Level 1:colcon.colcon_core.package_identification:_identify(src/audio_common) by extension 'python_setup_py'
[0.310s] Level 1:colcon.colcon_core.package_identification:_identify(src/audio_common/audio_capture) by extensions ['ignore', 'ignore_ament_install']
[0.310s] Level 1:colcon.colcon_core.package_identification:_identify(src/audio_common/audio_capture) by extension 'ignore'
[0.310s] Level 1:colcon.colcon_core.package_identification:_identify(src/audio_common/audio_capture) by extension 'ignore_ament_install'
[0.310s] Level 1:colcon.colcon_core.package_identification:_identify(src/audio_common/audio_capture) by extensions ['colcon_pkg']
[0.310s] Level 1:colcon.colcon_core.package_identification:_identify(src/audio_common/audio_capture) by extension 'colcon_pkg'
[0.310s] Level 1:colcon.colcon_core.package_identification:_identify(src/audio_common/audio_capture) by extensions ['colcon_meta']
[0.310s] Level 1:colcon.colcon_core.package_identification:_identify(src/audio_common/audio_capture) by extension 'colcon_meta'
[0.310s] Level 1:colcon.colcon_core.package_identification:_identify(src/audio_common/audio_capture) by extensions ['ros']
[0.310s] Level 1:colcon.colcon_core.package_identification:_identify(src/audio_common/audio_capture) by extension 'ros'
[0.312s] DEBUG:colcon.colcon_core.package_identification:Package 'src/audio_common/audio_capture' with type 'ros.ament_cmake' and name 'audio_capture'
[0.313s] Level 1:colcon.colcon_core.package_identification:_identify(src/audio_common/audio_common) by extensions ['ignore', 'ignore_ament_install']
[0.313s] Level 1:colcon.colcon_core.package_identification:_identify(src/audio_common/audio_common) by extension 'ignore'
[0.313s] Level 1:colcon.colcon_core.package_identification:_identify(src/audio_common/audio_common) by extension 'ignore_ament_install'
[0.313s] Level 1:colcon.colcon_core.package_identification:_identify(src/audio_common/audio_common) by extensions ['colcon_pkg']
[0.313s] Level 1:colcon.colcon_core.package_identification:_identify(src/audio_common/audio_common) by extension 'colcon_pkg'
[0.314s] Level 1:colcon.colcon_core.package_identification:_identify(src/audio_common/audio_common) by extensions ['colcon_meta']
[0.314s] Level 1:colcon.colcon_core.package_identification:_identify(src/audio_common/audio_common) by extension 'colcon_meta'
[0.314s] Level 1:colcon.colcon_core.package_identification:_identify(src/audio_common/audio_common) by extensions ['ros']
[0.314s] Level 1:colcon.colcon_core.package_identification:_identify(src/audio_common/audio_common) by extension 'ros'
[0.315s] DEBUG:colcon.colcon_core.package_identification:Package 'src/audio_common/audio_common' with type 'ros.ament_cmake' and name 'audio_common'
[0.315s] Level 1:colcon.colcon_core.package_identification:_identify(src/audio_common/audio_common_msgs) by extensions ['ignore', 'ignore_ament_install']
[0.315s] Level 1:colcon.colcon_core.package_identification:_identify(src/audio_common/audio_common_msgs) by extension 'ignore'
[0.315s] Level 1:colcon.colcon_core.package_identification:_identify(src/audio_common/audio_common_msgs) by extension 'ignore_ament_install'
[0.315s] Level 1:colcon.colcon_core.package_identification:_identify(src/audio_common/audio_common_msgs) by extensions ['colcon_pkg']
[0.315s] Level 1:colcon.colcon_core.package_identification:_identify(src/audio_common/audio_common_msgs) by extension 'colcon_pkg'
[0.315s] Level 1:colcon.colcon_core.package_identification:_identify(src/audio_common/audio_common_msgs) by extensions ['colcon_meta']
[0.315s] Level 1:colcon.colcon_core.package_identification:_identify(src/audio_common/audio_common_msgs) by extension 'colcon_meta'
[0.315s] Level 1:colcon.colcon_core.package_identification:_identify(src/audio_common/audio_common_msgs) by extensions ['ros']
[0.315s] Level 1:colcon.colcon_core.package_identification:_identify(src/audio_common/audio_common_msgs) by extension 'ros'
[0.316s] DEBUG:colcon.colcon_core.package_identification:Package 'src/audio_common/audio_common_msgs' with type 'ros.ament_cmake' and name 'audio_common_msgs'
[0.317s] Level 1:colcon.colcon_core.package_identification:_identify(src/audio_common/audio_play) by extensions ['ignore', 'ignore_ament_install']
[0.317s] Level 1:colcon.colcon_core.package_identification:_identify(src/audio_common/audio_play) by extension 'ignore'
[0.317s] Level 1:colcon.colcon_core.package_identification:_identify(src/audio_common/audio_play) by extension 'ignore_ament_install'
[0.317s] Level 1:colcon.colcon_core.package_identification:_identify(src/audio_common/audio_play) by extensions ['colcon_pkg']
[0.317s] Level 1:colcon.colcon_core.package_identification:_identify(src/audio_common/audio_play) by extension 'colcon_pkg'
[0.317s] Level 1:colcon.colcon_core.package_identification:_identify(src/audio_common/audio_play) by extensions ['colcon_meta']
[0.317s] Level 1:colcon.colcon_core.package_identification:_identify(src/audio_common/audio_play) by extension 'colcon_meta'
[0.317s] Level 1:colcon.colcon_core.package_identification:_identify(src/audio_common/audio_play) by extensions ['ros']
[0.317s] Level 1:colcon.colcon_core.package_identification:_identify(src/audio_common/audio_play) by extension 'ros'
[0.317s] DEBUG:colcon.colcon_core.package_identification:Package 'src/audio_common/audio_play' with type 'ros.ament_cmake' and name 'audio_play'
[0.318s] Level 1:colcon.colcon_core.package_identification:_identify(src/audio_common/sound_play) by extensions ['ignore', 'ignore_ament_install']
[0.318s] Level 1:colcon.colcon_core.package_identification:_identify(src/audio_common/sound_play) by extension 'ignore'
[0.318s] Level 1:colcon.colcon_core.package_identification:_identify(src/audio_common/sound_play) by extension 'ignore_ament_install'
[0.318s] Level 1:colcon.colcon_core.package_identification:_identify(src/audio_common/sound_play) by extensions ['colcon_pkg']
[0.318s] Level 1:colcon.colcon_core.package_identification:_identify(src/audio_common/sound_play) by extension 'colcon_pkg'
[0.318s] Level 1:colcon.colcon_core.package_identification:_identify(src/audio_common/sound_play) by extensions ['colcon_meta']
[0.318s] Level 1:colcon.colcon_core.package_identification:_identify(src/audio_common/sound_play) by extension 'colcon_meta'
[0.318s] Level 1:colcon.colcon_core.package_identification:_identify(src/audio_common/sound_play) by extensions ['ros']
[0.318s] Level 1:colcon.colcon_core.package_identification:_identify(src/audio_common/sound_play) by extension 'ros'
[0.319s] DEBUG:colcon.colcon_core.package_identification:Package 'src/audio_common/sound_play' with type 'ros.ament_cmake' and name 'sound_play'
[0.319s] Level 1:colcon.colcon_core.package_identification:_identify(src/audio_streamer) by extensions ['ignore', 'ignore_ament_install']
[0.319s] Level 1:colcon.colcon_core.package_identification:_identify(src/audio_streamer) by extension 'ignore'
[0.320s] Level 1:colcon.colcon_core.package_identification:_identify(src/audio_streamer) by extension 'ignore_ament_install'
[0.320s] Level 1:colcon.colcon_core.package_identification:_identify(src/audio_streamer) by extensions ['colcon_pkg']
[0.320s] Level 1:colcon.colcon_core.package_identification:_identify(src/audio_streamer) by extension 'colcon_pkg'
[0.320s] Level 1:colcon.colcon_core.package_identification:_identify(src/audio_streamer) by extensions ['colcon_meta']
[0.320s] Level 1:colcon.colcon_core.package_identification:_identify(src/audio_streamer) by extension 'colcon_meta'
[0.320s] Level 1:colcon.colcon_core.package_identification:_identify(src/audio_streamer) by extensions ['ros']
[0.320s] Level 1:colcon.colcon_core.package_identification:_identify(src/audio_streamer) by extension 'ros'
[0.320s] DEBUG:colcon.colcon_core.package_identification:Package 'src/audio_streamer' with type 'ros.ament_python' and name 'audio_streamer'
[0.320s] Level 1:colcon.colcon_core.package_discovery:discover_packages(recursive) using defaults
[0.320s] Level 1:colcon.colcon_core.package_discovery:discover_packages(ignore) discover
[0.320s] Level 1:colcon.colcon_core.package_discovery:discover_packages(ignore) using defaults
[0.320s] Level 1:colcon.colcon_core.package_discovery:discover_packages(path) discover
[0.320s] Level 1:colcon.colcon_core.package_discovery:discover_packages(path) using defaults
[0.355s] INFO:colcon.colcon_core.package_selection:Skipping package 'sound_play' in 'src/audio_common/sound_play'
[0.355s] INFO:colcon.colcon_core.package_selection:Skipping package 'audio_common' in 'src/audio_common/audio_common'
[0.357s] Level 1:colcon.colcon_core.package_discovery:discover_packages(prefix_path) check parameters
[0.357s] Level 1:colcon.colcon_core.package_discovery:discover_packages(prefix_path) discover
[0.362s] DEBUG:colcon.colcon_installed_package_information.package_discovery:Found 1 installed packages in /home/mariem/ros2_audio_ws/install
[0.362s] DEBUG:colcon.colcon_installed_package_information.package_discovery:Found 272 installed packages in /opt/ros/humble
[0.363s] Level 1:colcon.colcon_core.package_discovery:discover_packages(prefix_path) using defaults
[0.496s] Level 5:colcon.colcon_core.verb:set package 'audio_common_msgs' build argument 'cmake_args' from command line to 'None'
[0.496s] Level 5:colcon.colcon_core.verb:set package 'audio_common_msgs' build argument 'cmake_target' from command line to 'None'
[0.496s] Level 5:colcon.colcon_core.verb:set package 'audio_common_msgs' build argument 'cmake_target_skip_unavailable' from command line to 'False'
[0.496s] Level 5:colcon.colcon_core.verb:set package 'audio_common_msgs' build argument 'cmake_clean_cache' from command line to 'False'
[0.496s] Level 5:colcon.colcon_core.verb:set package 'audio_common_msgs' build argument 'cmake_clean_first' from command line to 'False'
[0.496s] Level 5:colcon.colcon_core.verb:set package 'audio_common_msgs' build argument 'cmake_force_configure' from command line to 'False'
[0.496s] Level 5:colcon.colcon_core.verb:set package 'audio_common_msgs' build argument 'ament_cmake_args' from command line to 'None'
[0.496s] Level 5:colcon.colcon_core.verb:set package 'audio_common_msgs' build argument 'catkin_cmake_args' from command line to 'None'
[0.496s] Level 5:colcon.colcon_core.verb:set package 'audio_common_msgs' build argument 'catkin_skip_building_tests' from command line to 'False'
[0.496s] DEBUG:colcon.colcon_core.verb:Building package 'audio_common_msgs' with the following arguments: {'ament_cmake_args': None, 'build_base': '/home/mariem/ros2_ws/build/audio_common_msgs', 'catkin_cmake_args': None, 'catkin_skip_building_tests': False, 'cmake_args': None, 'cmake_clean_cache': False, 'cmake_clean_first': False, 'cmake_force_configure': False, 'cmake_target': None, 'cmake_target_skip_unavailable': False, 'install_base': '/home/mariem/ros2_ws/install/audio_common_msgs', 'merge_install': False, 'path': '/home/mariem/ros2_ws/src/audio_common/audio_common_msgs', 'symlink_install': False, 'test_result_base': None}
[0.496s] Level 5:colcon.colcon_core.verb:set package 'audio_streamer' build argument 'cmake_args' from command line to 'None'
[0.496s] Level 5:colcon.colcon_core.verb:set package 'audio_streamer' build argument 'cmake_target' from command line to 'None'
[0.496s] Level 5:colcon.colcon_core.verb:set package 'audio_streamer' build argument 'cmake_target_skip_unavailable' from command line to 'False'
[0.496s] Level 5:colcon.colcon_core.verb:set package 'audio_streamer' build argument 'cmake_clean_cache' from command line to 'False'
[0.496s] Level 5:colcon.colcon_core.verb:set package 'audio_streamer' build argument 'cmake_clean_first' from command line to 'False'
[0.496s] Level 5:colcon.colcon_core.verb:set package 'audio_streamer' build argument 'cmake_force_configure' from command line to 'False'
[0.496s] Level 5:colcon.colcon_core.verb:set package 'audio_streamer' build argument 'ament_cmake_args' from command line to 'None'
[0.496s] Level 5:colcon.colcon_core.verb:set package 'audio_streamer' build argument 'catkin_cmake_args' from command line to 'None'
[0.496s] Level 5:colcon.colcon_core.verb:set package 'audio_streamer' build argument 'catkin_skip_building_tests' from command line to 'False'
[0.496s] DEBUG:colcon.colcon_core.verb:Building package 'audio_streamer' with the following arguments: {'ament_cmake_args': None, 'build_base': '/home/mariem/ros2_ws/build/audio_streamer', 'catkin_cmake_args': None, 'catkin_skip_building_tests': False, 'cmake_args': None, 'cmake_clean_cache': False, 'cmake_clean_first': False, 'cmake_force_configure': False, 'cmake_target': None, 'cmake_target_skip_unavailable': False, 'install_base': '/home/mariem/ros2_ws/install/audio_streamer', 'merge_install': False, 'path': '/home/mariem/ros2_ws/src/audio_streamer', 'symlink_install': False, 'test_result_base': None}
[0.496s] Level 5:colcon.colcon_core.verb:set package 'audio_capture' build argument 'cmake_args' from command line to 'None'
[0.496s] Level 5:colcon.colcon_core.verb:set package 'audio_capture' build argument 'cmake_target' from command line to 'None'
[0.496s] Level 5:colcon.colcon_core.verb:set package 'audio_capture' build argument 'cmake_target_skip_unavailable' from command line to 'False'
[0.497s] Level 5:colcon.colcon_core.verb:set package 'audio_capture' build argument 'cmake_clean_cache' from command line to 'False'
[0.497s] Level 5:colcon.colcon_core.verb:set package 'audio_capture' build argument 'cmake_clean_first' from command line to 'False'
[0.497s] Level 5:colcon.colcon_core.verb:set package 'audio_capture' build argument 'cmake_force_configure' from command line to 'False'
[0.497s] Level 5:colcon.colcon_core.verb:set package 'audio_capture' build argument 'ament_cmake_args' from command line to 'None'
[0.497s] Level 5:colcon.colcon_core.verb:set package 'audio_capture' build argument 'catkin_cmake_args' from command line to 'None'
[0.497s] Level 5:colcon.colcon_core.verb:set package 'audio_capture' build argument 'catkin_skip_building_tests' from command line to 'False'
[0.497s] DEBUG:colcon.colcon_core.verb:Building package 'audio_capture' with the following arguments: {'ament_cmake_args': None, 'build_base': '/home/mariem/ros2_ws/build/audio_capture', 'catkin_cmake_args': None, 'catkin_skip_building_tests': False, 'cmake_args': None, 'cmake_clean_cache': False, 'cmake_clean_first': False, 'cmake_force_configure': False, 'cmake_target': None, 'cmake_target_skip_unavailable': False, 'install_base': '/home/mariem/ros2_ws/install/audio_capture', 'merge_install': False, 'path': '/home/mariem/ros2_ws/src/audio_common/audio_capture', 'symlink_install': False, 'test_result_base': None}
[0.497s] Level 5:colcon.colcon_core.verb:set package 'audio_play' build argument 'cmake_args' from command line to 'None'
[0.497s] Level 5:colcon.colcon_core.verb:set package 'audio_play' build argument 'cmake_target' from command line to 'None'
[0.497s] Level 5:colcon.colcon_core.verb:set package 'audio_play' build argument 'cmake_target_skip_unavailable' from command line to 'False'
[0.497s] Level 5:colcon.colcon_core.verb:set package 'audio_play' build argument 'cmake_clean_cache' from command line to 'False'
[0.497s] Level 5:colcon.colcon_core.verb:set package 'audio_play' build argument 'cmake_clean_first' from command line to 'False'
[0.497s] Level 5:colcon.colcon_core.verb:set package 'audio_play' build argument 'cmake_force_configure' from command line to 'False'
[0.497s] Level 5:colcon.colcon_core.verb:set package 'audio_play' build argument 'ament_cmake_args' from command line to 'None'
[0.497s] Level 5:colcon.colcon_core.verb:set package 'audio_play' build argument 'catkin_cmake_args' from command line to 'None'
[0.497s] Level 5:colcon.colcon_core.verb:set package 'audio_play' build argument 'catkin_skip_building_tests' from command line to 'False'
[0.497s] DEBUG:colcon.colcon_core.verb:Building package 'audio_play' with the following arguments: {'ament_cmake_args': None, 'build_base': '/home/mariem/ros2_ws/build/audio_play', 'catkin_cmake_args': None, 'catkin_skip_building_tests': False, 'cmake_args': None, 'cmake_clean_cache': False, 'cmake_clean_first': False, 'cmake_force_configure': False, 'cmake_target': None, 'cmake_target_skip_unavailable': False, 'install_base': '/home/mariem/ros2_ws/install/audio_play', 'merge_install': False, 'path': '/home/mariem/ros2_ws/src/audio_common/audio_play', 'symlink_install': False, 'test_result_base': None}
[0.497s] INFO:colcon.colcon_core.executor:Executing jobs using 'parallel' executor
[0.498s] DEBUG:colcon.colcon_parallel_executor.executor.parallel:run_until_complete
[0.499s] INFO:colcon.colcon_ros.task.ament_cmake.build:Building ROS package in '/home/mariem/ros2_ws/src/audio_common/audio_common_msgs' with build type 'ament_cmake'
[0.499s] INFO:colcon.colcon_cmake.task.cmake.build:Building CMake package in '/home/mariem/ros2_ws/src/audio_common/audio_common_msgs'
[0.517s] INFO:colcon.colcon_core.plugin_system:Skipping extension 'colcon_core.shell.bat': Not used on non-Windows systems
[0.517s] INFO:colcon.colcon_core.shell:Skip shell extension 'powershell' for command environment: Not usable outside of PowerShell
[0.517s] DEBUG:colcon.colcon_core.shell:Skip shell extension 'dsv' for command environment
[0.538s] DEBUG:colcon.colcon_core.event_handler.log_command:Invoking command in '/home/mariem/ros2_ws/build/audio_common_msgs': CMAKE_PREFIX_PATH=${CMAKE_PREFIX_PATH}:/opt/ros/humble /usr/bin/cmake --build /home/mariem/ros2_ws/build/audio_common_msgs -- -j1 -l1
[2.086s] DEBUG:colcon.colcon_core.event_handler.log_command:Invoked command in '/home/mariem/ros2_ws/build/audio_common_msgs' returned '0': CMAKE_PREFIX_PATH=${CMAKE_PREFIX_PATH}:/opt/ros/humble /usr/bin/cmake --build /home/mariem/ros2_ws/build/audio_common_msgs -- -j1 -l1
[2.120s] DEBUG:colcon.colcon_core.event_handler.log_command:Invoking command in '/home/mariem/ros2_ws/build/audio_common_msgs': CMAKE_PREFIX_PATH=${CMAKE_PREFIX_PATH}:/opt/ros/humble /usr/bin/cmake --install /home/mariem/ros2_ws/build/audio_common_msgs
[2.281s] Level 1:colcon.colcon_core.environment:create_environment_scripts_only(audio_common_msgs)
[2.284s] DEBUG:colcon.colcon_core.event_handler.log_command:Invoked command in '/home/mariem/ros2_ws/build/audio_common_msgs' returned '0': CMAKE_PREFIX_PATH=${CMAKE_PREFIX_PATH}:/opt/ros/humble /usr/bin/cmake --install /home/mariem/ros2_ws/build/audio_common_msgs
[2.309s] Level 1:colcon.colcon_core.environment:checking '/home/mariem/ros2_ws/install/audio_common_msgs' for CMake module files
[2.310s] Level 1:colcon.colcon_core.environment:checking '/home/mariem/ros2_ws/install/audio_common_msgs' for CMake config files
[2.320s] Level 1:colcon.colcon_core.shell:create_environment_hook('audio_common_msgs', 'cmake_prefix_path')
[2.320s] INFO:colcon.colcon_core.shell:Creating environment hook '/home/mariem/ros2_ws/install/audio_common_msgs/share/audio_common_msgs/hook/cmake_prefix_path.ps1'
[2.321s] INFO:colcon.colcon_core.shell:Creating environment descriptor '/home/mariem/ros2_ws/install/audio_common_msgs/share/audio_common_msgs/hook/cmake_prefix_path.dsv'
[2.322s] INFO:colcon.colcon_core.shell:Creating environment hook '/home/mariem/ros2_ws/install/audio_common_msgs/share/audio_common_msgs/hook/cmake_prefix_path.sh'
[2.323s] Level 1:colcon.colcon_core.environment:checking '/home/mariem/ros2_ws/install/audio_common_msgs/lib'
[2.323s] Level 1:colcon.colcon_core.shell:create_environment_hook('audio_common_msgs', 'ld_library_path_lib')
[2.323s] INFO:colcon.colcon_core.shell:Creating environment hook '/home/mariem/ros2_ws/install/audio_common_msgs/share/audio_common_msgs/hook/ld_library_path_lib.ps1'
[2.324s] INFO:colcon.colcon_core.shell:Creating environment descriptor '/home/mariem/ros2_ws/install/audio_common_msgs/share/audio_common_msgs/hook/ld_library_path_lib.dsv'
[2.325s] INFO:colcon.colcon_core.shell:Creating environment hook '/home/mariem/ros2_ws/install/audio_common_msgs/share/audio_common_msgs/hook/ld_library_path_lib.sh'
[2.325s] Level 1:colcon.colcon_core.environment:checking '/home/mariem/ros2_ws/install/audio_common_msgs/bin'
[2.325s] Level 1:colcon.colcon_core.environment:checking '/home/mariem/ros2_ws/install/audio_common_msgs/lib/pkgconfig/audio_common_msgs.pc'
[2.325s] Level 1:colcon.colcon_core.environment:checking '/home/mariem/ros2_ws/install/audio_common_msgs/lib/python3.10/site-packages'
[2.326s] Level 1:colcon.colcon_core.environment:checking '/home/mariem/ros2_ws/install/audio_common_msgs/bin'
[2.326s] INFO:colcon.colcon_core.shell:Creating package script '/home/mariem/ros2_ws/install/audio_common_msgs/share/audio_common_msgs/package.ps1'
[2.329s] INFO:colcon.colcon_core.shell:Creating package descriptor '/home/mariem/ros2_ws/install/audio_common_msgs/share/audio_common_msgs/package.dsv'
[2.330s] INFO:colcon.colcon_core.shell:Creating package script '/home/mariem/ros2_ws/install/audio_common_msgs/share/audio_common_msgs/package.sh'
[2.331s] INFO:colcon.colcon_core.shell:Creating package script '/home/mariem/ros2_ws/install/audio_common_msgs/share/audio_common_msgs/package.bash'
[2.334s] INFO:colcon.colcon_core.shell:Creating package script '/home/mariem/ros2_ws/install/audio_common_msgs/share/audio_common_msgs/package.zsh'
[2.342s] Level 1:colcon.colcon_core.environment:create_file_with_runtime_dependencies(/home/mariem/ros2_ws/install/audio_common_msgs/share/colcon-core/packages/audio_common_msgs)
[2.344s] Level 1:colcon.colcon_core.environment:create_environment_scripts_only(audio_common_msgs)
[2.345s] Level 1:colcon.colcon_core.environment:checking '/home/mariem/ros2_ws/install/audio_common_msgs' for CMake module files
[2.345s] Level 1:colcon.colcon_core.environment:checking '/home/mariem/ros2_ws/install/audio_common_msgs' for CMake config files
[2.345s] Level 1:colcon.colcon_core.shell:create_environment_hook('audio_common_msgs', 'cmake_prefix_path')
[2.346s] INFO:colcon.colcon_core.shell:Creating environment hook '/home/mariem/ros2_ws/install/audio_common_msgs/share/audio_common_msgs/hook/cmake_prefix_path.ps1'
[2.347s] INFO:colcon.colcon_core.shell:Creating environment descriptor '/home/mariem/ros2_ws/install/audio_common_msgs/share/audio_common_msgs/hook/cmake_prefix_path.dsv'
[2.352s] INFO:colcon.colcon_core.shell:Creating environment hook '/home/mariem/ros2_ws/install/audio_common_msgs/share/audio_common_msgs/hook/cmake_prefix_path.sh'
[2.354s] Level 1:colcon.colcon_core.environment:checking '/home/mariem/ros2_ws/install/audio_common_msgs/lib'
[2.354s] Level 1:colcon.colcon_core.shell:create_environment_hook('audio_common_msgs', 'ld_library_path_lib')
[2.354s] INFO:colcon.colcon_core.shell:Creating environment hook '/home/mariem/ros2_ws/install/audio_common_msgs/share/audio_common_msgs/hook/ld_library_path_lib.ps1'
[2.354s] INFO:colcon.colcon_core.shell:Creating environment descriptor '/home/mariem/ros2_ws/install/audio_common_msgs/share/audio_common_msgs/hook/ld_library_path_lib.dsv'
[2.355s] INFO:colcon.colcon_core.shell:Creating environment hook '/home/mariem/ros2_ws/install/audio_common_msgs/share/audio_common_msgs/hook/ld_library_path_lib.sh'
[2.362s] Level 1:colcon.colcon_core.environment:checking '/home/mariem/ros2_ws/install/audio_common_msgs/bin'
[2.362s] Level 1:colcon.colcon_core.environment:checking '/home/mariem/ros2_ws/install/audio_common_msgs/lib/pkgconfig/audio_common_msgs.pc'
[2.362s] Level 1:colcon.colcon_core.environment:checking '/home/mariem/ros2_ws/install/audio_common_msgs/lib/python3.10/site-packages'
[2.363s] Level 1:colcon.colcon_core.environment:checking '/home/mariem/ros2_ws/install/audio_common_msgs/bin'
[2.363s] INFO:colcon.colcon_core.shell:Creating package script '/home/mariem/ros2_ws/install/audio_common_msgs/share/audio_common_msgs/package.ps1'
[2.366s] INFO:colcon.colcon_core.shell:Creating package descriptor '/home/mariem/ros2_ws/install/audio_common_msgs/share/audio_common_msgs/package.dsv'
[2.367s] INFO:colcon.colcon_core.shell:Creating package script '/home/mariem/ros2_ws/install/audio_common_msgs/share/audio_common_msgs/package.sh'
[2.372s] INFO:colcon.colcon_core.shell:Creating package script '/home/mariem/ros2_ws/install/audio_common_msgs/share/audio_common_msgs/package.bash'
[2.373s] INFO:colcon.colcon_core.shell:Creating package script '/home/mariem/ros2_ws/install/audio_common_msgs/share/audio_common_msgs/package.zsh'
[2.374s] Level 1:colcon.colcon_core.environment:create_file_with_runtime_dependencies(/home/mariem/ros2_ws/install/audio_common_msgs/share/colcon-core/packages/audio_common_msgs)
[2.375s] INFO:colcon.colcon_ros.task.ament_python.build:Building ROS package in '/home/mariem/ros2_ws/src/audio_streamer' with build type 'ament_python'
[2.375s] Level 1:colcon.colcon_core.shell:create_environment_hook('audio_streamer', 'ament_prefix_path')
[2.375s] INFO:colcon.colcon_core.shell:Creating environment hook '/home/mariem/ros2_ws/install/audio_streamer/share/audio_streamer/hook/ament_prefix_path.ps1'
[2.384s] INFO:colcon.colcon_core.shell:Creating environment descriptor '/home/mariem/ros2_ws/install/audio_streamer/share/audio_streamer/hook/ament_prefix_path.dsv'
[2.385s] INFO:colcon.colcon_core.shell:Creating environment hook '/home/mariem/ros2_ws/install/audio_streamer/share/audio_streamer/hook/ament_prefix_path.sh'
[2.386s] INFO:colcon.colcon_core.shell:Skip shell extension 'powershell' for command environment: Not usable outside of PowerShell
[2.386s] DEBUG:colcon.colcon_core.shell:Skip shell extension 'dsv' for command environment
[2.690s] INFO:colcon.colcon_core.task.python.build:Building Python package in '/home/mariem/ros2_ws/src/audio_streamer'
[2.690s] INFO:colcon.colcon_core.shell:Skip shell extension 'powershell' for command environment: Not usable outside of PowerShell
[2.690s] DEBUG:colcon.colcon_core.shell:Skip shell extension 'dsv' for command environment
[3.071s] DEBUG:colcon.colcon_core.event_handler.log_command:Invoking command in '/home/mariem/ros2_ws/src/audio_streamer': PYTHONPATH=/home/mariem/ros2_ws/build/audio_streamer/prefix_override:/usr/lib/python3/dist-packages/colcon_core/task/python/colcon_distutils_commands:/home/mariem/ros2_ws/install/audio_streamer/lib/python3.10/site-packages:${PYTHONPATH} /usr/bin/python3 -W ignore:setup.py install is deprecated -W ignore:easy_install command is deprecated setup.py egg_info --egg-base ../../build/audio_streamer build --build-base /home/mariem/ros2_ws/build/audio_streamer/build install --record /home/mariem/ros2_ws/build/audio_streamer/install.log --single-version-externally-managed install_data
[3.455s] Level 1:colcon.colcon_core.environment:checking '/home/mariem/ros2_ws/install/audio_streamer' for CMake module files
[3.456s] DEBUG:colcon.colcon_core.event_handler.log_command:Invoked command in '/home/mariem/ros2_ws/src/audio_streamer' returned '0': PYTHONPATH=/home/mariem/ros2_ws/build/audio_streamer/prefix_override:/usr/lib/python3/dist-packages/colcon_core/task/python/colcon_distutils_commands:/home/mariem/ros2_ws/install/audio_streamer/lib/python3.10/site-packages:${PYTHONPATH} /usr/bin/python3 -W ignore:setup.py install is deprecated -W ignore:easy_install command is deprecated setup.py egg_info --egg-base ../../build/audio_streamer build --build-base /home/mariem/ros2_ws/build/audio_streamer/build install --record /home/mariem/ros2_ws/build/audio_streamer/install.log --single-version-externally-managed install_data
[3.456s] Level 1:colcon.colcon_core.environment:checking '/home/mariem/ros2_ws/install/audio_streamer' for CMake config files
[3.456s] Level 1:colcon.colcon_core.environment:checking '/home/mariem/ros2_ws/install/audio_streamer/lib'
[3.456s] Level 1:colcon.colcon_core.environment:checking '/home/mariem/ros2_ws/install/audio_streamer/bin'
[3.456s] Level 1:colcon.colcon_core.environment:checking '/home/mariem/ros2_ws/install/audio_streamer/lib/pkgconfig/audio_streamer.pc'
[3.456s] Level 1:colcon.colcon_core.environment:checking '/home/mariem/ros2_ws/install/audio_streamer/lib/python3.10/site-packages'
[3.456s] Level 1:colcon.colcon_core.shell:create_environment_hook('audio_streamer', 'pythonpath')
[3.457s] INFO:colcon.colcon_core.shell:Creating environment hook '/home/mariem/ros2_ws/install/audio_streamer/share/audio_streamer/hook/pythonpath.ps1'
[3.459s] INFO:colcon.colcon_core.shell:Creating environment descriptor '/home/mariem/ros2_ws/install/audio_streamer/share/audio_streamer/hook/pythonpath.dsv'
[3.461s] INFO:colcon.colcon_core.shell:Creating environment hook '/home/mariem/ros2_ws/install/audio_streamer/share/audio_streamer/hook/pythonpath.sh'
[3.462s] Level 1:colcon.colcon_core.environment:checking '/home/mariem/ros2_ws/install/audio_streamer/bin'
[3.462s] Level 1:colcon.colcon_core.environment:create_environment_scripts_only(audio_streamer)
[3.463s] INFO:colcon.colcon_core.shell:Creating package script '/home/mariem/ros2_ws/install/audio_streamer/share/audio_streamer/package.ps1'
[3.463s] INFO:colcon.colcon_core.shell:Creating package descriptor '/home/mariem/ros2_ws/install/audio_streamer/share/audio_streamer/package.dsv'
[3.464s] INFO:colcon.colcon_core.shell:Creating package script '/home/mariem/ros2_ws/install/audio_streamer/share/audio_streamer/package.sh'
[3.465s] INFO:colcon.colcon_core.shell:Creating package script '/home/mariem/ros2_ws/install/audio_streamer/share/audio_streamer/package.bash'
[3.465s] INFO:colcon.colcon_core.shell:Creating package script '/home/mariem/ros2_ws/install/audio_streamer/share/audio_streamer/package.zsh'
[3.466s] Level 1:colcon.colcon_core.environment:create_file_with_runtime_dependencies(/home/mariem/ros2_ws/install/audio_streamer/share/colcon-core/packages/audio_streamer)
[3.467s] INFO:colcon.colcon_ros.task.ament_cmake.build:Building ROS package in '/home/mariem/ros2_ws/src/audio_common/audio_capture' with build type 'ament_cmake'
[3.467s] INFO:colcon.colcon_cmake.task.cmake.build:Building CMake package in '/home/mariem/ros2_ws/src/audio_common/audio_capture'
[3.467s] INFO:colcon.colcon_core.shell:Skip shell extension 'powershell' for command environment: Not usable outside of PowerShell
[3.467s] DEBUG:colcon.colcon_core.shell:Skip shell extension 'dsv' for command environment
[3.495s] DEBUG:colcon.colcon_core.event_handler.log_command:Invoking command in '/home/mariem/ros2_ws/build/audio_capture': AMENT_PREFIX_PATH=/home/mariem/ros2_ws/install/audio_common_msgs:${AMENT_PREFIX_PATH} CMAKE_PREFIX_PATH=/home/mariem/ros2_ws/install/audio_common_msgs:/home/mariem/ros2_audio_ws/install/audio_common_msgs:/opt/ros/humble LD_LIBRARY_PATH=/home/mariem/ros2_ws/install/audio_common_msgs/lib:${LD_LIBRARY_PATH} PYTHONPATH=/home/mariem/ros2_ws/install/audio_common_msgs/local/lib/python3.10/dist-packages:${PYTHONPATH} /usr/bin/cmake --build /home/mariem/ros2_ws/build/audio_capture -- -j1 -l1
[3.693s] DEBUG:colcon.colcon_core.event_handler.log_command:Invoked command in '/home/mariem/ros2_ws/build/audio_capture' returned '0': AMENT_PREFIX_PATH=/home/mariem/ros2_ws/install/audio_common_msgs:${AMENT_PREFIX_PATH} CMAKE_PREFIX_PATH=/home/mariem/ros2_ws/install/audio_common_msgs:/home/mariem/ros2_audio_ws/install/audio_common_msgs:/opt/ros/humble LD_LIBRARY_PATH=/home/mariem/ros2_ws/install/audio_common_msgs/lib:${LD_LIBRARY_PATH} PYTHONPATH=/home/mariem/ros2_ws/install/audio_common_msgs/local/lib/python3.10/dist-packages:${PYTHONPATH} /usr/bin/cmake --build /home/mariem/ros2_ws/build/audio_capture -- -j1 -l1
[3.693s] DEBUG:colcon.colcon_core.event_handler.log_command:Invoking command in '/home/mariem/ros2_ws/build/audio_capture': AMENT_PREFIX_PATH=/home/mariem/ros2_ws/install/audio_common_msgs:${AMENT_PREFIX_PATH} CMAKE_PREFIX_PATH=/home/mariem/ros2_ws/install/audio_common_msgs:/home/mariem/ros2_audio_ws/install/audio_common_msgs:/opt/ros/humble LD_LIBRARY_PATH=/home/mariem/ros2_ws/install/audio_common_msgs/lib:${LD_LIBRARY_PATH} PYTHONPATH=/home/mariem/ros2_ws/install/audio_common_msgs/local/lib/python3.10/dist-packages:${PYTHONPATH} /usr/bin/cmake --install /home/mariem/ros2_ws/build/audio_capture
[3.708s] Level 1:colcon.colcon_core.environment:create_environment_scripts_only(audio_capture)
[3.708s] DEBUG:colcon.colcon_core.event_handler.log_command:Invoked command in '/home/mariem/ros2_ws/build/audio_capture' returned '0': AMENT_PREFIX_PATH=/home/mariem/ros2_ws/install/audio_common_msgs:${AMENT_PREFIX_PATH} CMAKE_PREFIX_PATH=/home/mariem/ros2_ws/install/audio_common_msgs:/home/mariem/ros2_audio_ws/install/audio_common_msgs:/opt/ros/humble LD_LIBRARY_PATH=/home/mariem/ros2_ws/install/audio_common_msgs/lib:${LD_LIBRARY_PATH} PYTHONPATH=/home/mariem/ros2_ws/install/audio_common_msgs/local/lib/python3.10/dist-packages:${PYTHONPATH} /usr/bin/cmake --install /home/mariem/ros2_ws/build/audio_capture
[3.708s] Level 1:colcon.colcon_core.environment:checking '/home/mariem/ros2_ws/install/audio_capture' for CMake module files
[3.708s] Level 1:colcon.colcon_core.environment:checking '/home/mariem/ros2_ws/install/audio_capture' for CMake config files
[3.708s] Level 1:colcon.colcon_core.shell:create_environment_hook('audio_capture', 'cmake_prefix_path')
[3.709s] INFO:colcon.colcon_core.shell:Creating environment hook '/home/mariem/ros2_ws/install/audio_capture/share/audio_capture/hook/cmake_prefix_path.ps1'
[3.711s] INFO:colcon.colcon_core.shell:Creating environment descriptor '/home/mariem/ros2_ws/install/audio_capture/share/audio_capture/hook/cmake_prefix_path.dsv'
[3.712s] INFO:colcon.colcon_core.shell:Creating environment hook '/home/mariem/ros2_ws/install/audio_capture/share/audio_capture/hook/cmake_prefix_path.sh'
[3.714s] Level 1:colcon.colcon_core.environment:checking '/home/mariem/ros2_ws/install/audio_capture/lib'
[3.714s] Level 1:colcon.colcon_core.shell:create_environment_hook('audio_capture', 'ld_library_path_lib')
[3.714s] INFO:colcon.colcon_core.shell:Creating environment hook '/home/mariem/ros2_ws/install/audio_capture/share/audio_capture/hook/ld_library_path_lib.ps1'
[3.715s] INFO:colcon.colcon_core.shell:Creating environment descriptor '/home/mariem/ros2_ws/install/audio_capture/share/audio_capture/hook/ld_library_path_lib.dsv'
[3.716s] INFO:colcon.colcon_core.shell:Creating environment hook '/home/mariem/ros2_ws/install/audio_capture/share/audio_capture/hook/ld_library_path_lib.sh'
[3.717s] Level 1:colcon.colcon_core.environment:checking '/home/mariem/ros2_ws/install/audio_capture/bin'
[3.718s] Level 1:colcon.colcon_core.shell:create_environment_hook('audio_capture', 'path')
[3.718s] INFO:colcon.colcon_core.shell:Creating environment hook '/home/mariem/ros2_ws/install/audio_capture/share/audio_capture/hook/path.ps1'
[3.719s] INFO:colcon.colcon_core.shell:Creating environment descriptor '/home/mariem/ros2_ws/install/audio_capture/share/audio_capture/hook/path.dsv'
[3.719s] INFO:colcon.colcon_core.shell:Creating environment hook '/home/mariem/ros2_ws/install/audio_capture/share/audio_capture/hook/path.sh'
[3.720s] Level 1:colcon.colcon_core.environment:checking '/home/mariem/ros2_ws/install/audio_capture/lib/pkgconfig/audio_capture.pc'
[3.720s] Level 1:colcon.colcon_core.environment:checking '/home/mariem/ros2_ws/install/audio_capture/lib/python3.10/site-packages'
[3.720s] Level 1:colcon.colcon_core.environment:checking '/home/mariem/ros2_ws/install/audio_capture/bin'
[3.720s] Level 1:colcon.colcon_core.shell:create_environment_hook('audio_capture', 'pythonscriptspath')
[3.721s] INFO:colcon.colcon_core.shell:Creating environment hook '/home/mariem/ros2_ws/install/audio_capture/share/audio_capture/hook/pythonscriptspath.ps1'
[3.721s] INFO:colcon.colcon_core.shell:Creating environment descriptor '/home/mariem/ros2_ws/install/audio_capture/share/audio_capture/hook/pythonscriptspath.dsv'
[3.722s] INFO:colcon.colcon_core.shell:Creating environment hook '/home/mariem/ros2_ws/install/audio_capture/share/audio_capture/hook/pythonscriptspath.sh'
[3.723s] INFO:colcon.colcon_core.shell:Creating package script '/home/mariem/ros2_ws/install/audio_capture/share/audio_capture/package.ps1'
[3.723s] INFO:colcon.colcon_core.shell:Creating package descriptor '/home/mariem/ros2_ws/install/audio_capture/share/audio_capture/package.dsv'
[3.724s] INFO:colcon.colcon_core.shell:Creating package script '/home/mariem/ros2_ws/install/audio_capture/share/audio_capture/package.sh'
[3.725s] INFO:colcon.colcon_core.shell:Creating package script '/home/mariem/ros2_ws/install/audio_capture/share/audio_capture/package.bash'
[3.726s] INFO:colcon.colcon_core.shell:Creating package script '/home/mariem/ros2_ws/install/audio_capture/share/audio_capture/package.zsh'
[3.727s] Level 1:colcon.colcon_core.environment:create_file_with_runtime_dependencies(/home/mariem/ros2_ws/install/audio_capture/share/colcon-core/packages/audio_capture)
[3.728s] Level 1:colcon.colcon_core.environment:create_environment_scripts_only(audio_capture)
[3.728s] Level 1:colcon.colcon_core.environment:checking '/home/mariem/ros2_ws/install/audio_capture' for CMake module files
[3.729s] Level 1:colcon.colcon_core.environment:checking '/home/mariem/ros2_ws/install/audio_capture' for CMake config files
[3.729s] Level 1:colcon.colcon_core.shell:create_environment_hook('audio_capture', 'cmake_prefix_path')
[3.729s] INFO:colcon.colcon_core.shell:Creating environment hook '/home/mariem/ros2_ws/install/audio_capture/share/audio_capture/hook/cmake_prefix_path.ps1'
[3.735s] INFO:colcon.colcon_core.shell:Creating environment descriptor '/home/mariem/ros2_ws/install/audio_capture/share/audio_capture/hook/cmake_prefix_path.dsv'
[3.737s] INFO:colcon.colcon_core.shell:Creating environment hook '/home/mariem/ros2_ws/install/audio_capture/share/audio_capture/hook/cmake_prefix_path.sh'
[3.739s] Level 1:colcon.colcon_core.environment:checking '/home/mariem/ros2_ws/install/audio_capture/lib'
[3.739s] Level 1:colcon.colcon_core.shell:create_environment_hook('audio_capture', 'ld_library_path_lib')
[3.739s] INFO:colcon.colcon_core.shell:Creating environment hook '/home/mariem/ros2_ws/install/audio_capture/share/audio_capture/hook/ld_library_path_lib.ps1'
[3.740s] INFO:colcon.colcon_core.shell:Creating environment descriptor '/home/mariem/ros2_ws/install/audio_capture/share/audio_capture/hook/ld_library_path_lib.dsv'
[3.741s] INFO:colcon.colcon_core.shell:Creating environment hook '/home/mariem/ros2_ws/install/audio_capture/share/audio_capture/hook/ld_library_path_lib.sh'
[3.742s] Level 1:colcon.colcon_core.environment:checking '/home/mariem/ros2_ws/install/audio_capture/bin'
[3.743s] Level 1:colcon.colcon_core.shell:create_environment_hook('audio_capture', 'path')
[3.743s] INFO:colcon.colcon_core.shell:Creating environment hook '/home/mariem/ros2_ws/install/audio_capture/share/audio_capture/hook/path.ps1'
[3.744s] INFO:colcon.colcon_core.shell:Creating environment descriptor '/home/mariem/ros2_ws/install/audio_capture/share/audio_capture/hook/path.dsv'
[3.745s] INFO:colcon.colcon_core.shell:Creating environment hook '/home/mariem/ros2_ws/install/audio_capture/share/audio_capture/hook/path.sh'
[3.746s] Level 1:colcon.colcon_core.environment:checking '/home/mariem/ros2_ws/install/audio_capture/lib/pkgconfig/audio_capture.pc'
[3.746s] Level 1:colcon.colcon_core.environment:checking '/home/mariem/ros2_ws/install/audio_capture/lib/python3.10/site-packages'
[3.746s] Level 1:colcon.colcon_core.environment:checking '/home/mariem/ros2_ws/install/audio_capture/bin'
[3.747s] Level 1:colcon.colcon_core.shell:create_environment_hook('audio_capture', 'pythonscriptspath')
[3.747s] INFO:colcon.colcon_core.shell:Creating environment hook '/home/mariem/ros2_ws/install/audio_capture/share/audio_capture/hook/pythonscriptspath.ps1'
[3.747s] INFO:colcon.colcon_core.shell:Creating environment descriptor '/home/mariem/ros2_ws/install/audio_capture/share/audio_capture/hook/pythonscriptspath.dsv'
[3.748s] INFO:colcon.colcon_core.shell:Creating environment hook '/home/mariem/ros2_ws/install/audio_capture/share/audio_capture/hook/pythonscriptspath.sh'
[3.749s] INFO:colcon.colcon_core.shell:Creating package script '/home/mariem/ros2_ws/install/audio_capture/share/audio_capture/package.ps1'
[3.750s] INFO:colcon.colcon_core.shell:Creating package descriptor '/home/mariem/ros2_ws/install/audio_capture/share/audio_capture/package.dsv'
[3.750s] INFO:colcon.colcon_core.shell:Creating package script '/home/mariem/ros2_ws/install/audio_capture/share/audio_capture/package.sh'
[3.751s] INFO:colcon.colcon_core.shell:Creating package script '/home/mariem/ros2_ws/install/audio_capture/share/audio_capture/package.bash'
[3.752s] INFO:colcon.colcon_core.shell:Creating package script '/home/mariem/ros2_ws/install/audio_capture/share/audio_capture/package.zsh'
[3.752s] Level 1:colcon.colcon_core.environment:create_file_with_runtime_dependencies(/home/mariem/ros2_ws/install/audio_capture/share/colcon-core/packages/audio_capture)
[3.753s] INFO:colcon.colcon_ros.task.ament_cmake.build:Building ROS package in '/home/mariem/ros2_ws/src/audio_common/audio_play' with build type 'ament_cmake'
[3.753s] INFO:colcon.colcon_cmake.task.cmake.build:Building CMake package in '/home/mariem/ros2_ws/src/audio_common/audio_play'
[3.754s] INFO:colcon.colcon_core.shell:Skip shell extension 'powershell' for command environment: Not usable outside of PowerShell
[3.754s] DEBUG:colcon.colcon_core.shell:Skip shell extension 'dsv' for command environment
[3.780s] DEBUG:colcon.colcon_core.event_handler.log_command:Invoking command in '/home/mariem/ros2_ws/build/audio_play': AMENT_PREFIX_PATH=/home/mariem/ros2_ws/install/audio_common_msgs:${AMENT_PREFIX_PATH} CMAKE_PREFIX_PATH=/home/mariem/ros2_ws/install/audio_common_msgs:/home/mariem/ros2_audio_ws/install/audio_common_msgs:/opt/ros/humble LD_LIBRARY_PATH=/home/mariem/ros2_ws/install/audio_common_msgs/lib:${LD_LIBRARY_PATH} PYTHONPATH=/home/mariem/ros2_ws/install/audio_common_msgs/local/lib/python3.10/dist-packages:${PYTHONPATH} /usr/bin/cmake --build /home/mariem/ros2_ws/build/audio_play -- -j1 -l1
[3.931s] DEBUG:colcon.colcon_core.event_handler.log_command:Invoked command in '/home/mariem/ros2_ws/build/audio_play' returned '0': AMENT_PREFIX_PATH=/home/mariem/ros2_ws/install/audio_common_msgs:${AMENT_PREFIX_PATH} CMAKE_PREFIX_PATH=/home/mariem/ros2_ws/install/audio_common_msgs:/home/mariem/ros2_audio_ws/install/audio_common_msgs:/opt/ros/humble LD_LIBRARY_PATH=/home/mariem/ros2_ws/install/audio_common_msgs/lib:${LD_LIBRARY_PATH} PYTHONPATH=/home/mariem/ros2_ws/install/audio_common_msgs/local/lib/python3.10/dist-packages:${PYTHONPATH} /usr/bin/cmake --build /home/mariem/ros2_ws/build/audio_play -- -j1 -l1
[3.932s] DEBUG:colcon.colcon_core.event_handler.log_command:Invoking command in '/home/mariem/ros2_ws/build/audio_play': AMENT_PREFIX_PATH=/home/mariem/ros2_ws/install/audio_common_msgs:${AMENT_PREFIX_PATH} CMAKE_PREFIX_PATH=/home/mariem/ros2_ws/install/audio_common_msgs:/home/mariem/ros2_audio_ws/install/audio_common_msgs:/opt/ros/humble LD_LIBRARY_PATH=/home/mariem/ros2_ws/install/audio_common_msgs/lib:${LD_LIBRARY_PATH} PYTHONPATH=/home/mariem/ros2_ws/install/audio_common_msgs/local/lib/python3.10/dist-packages:${PYTHONPATH} /usr/bin/cmake --install /home/mariem/ros2_ws/build/audio_play
[3.972s] Level 1:colcon.colcon_core.environment:create_environment_scripts_only(audio_play)
[3.972s] Level 1:colcon.colcon_core.environment:checking '/home/mariem/ros2_ws/install/audio_play' for CMake module files
[3.973s] Level 1:colcon.colcon_core.environment:checking '/home/mariem/ros2_ws/install/audio_play' for CMake config files
[3.973s] Level 1:colcon.colcon_core.shell:create_environment_hook('audio_play', 'cmake_prefix_path')
[3.973s] INFO:colcon.colcon_core.shell:Creating environment hook '/home/mariem/ros2_ws/install/audio_play/share/audio_play/hook/cmake_prefix_path.ps1'
[3.975s] DEBUG:colcon.colcon_core.event_handler.log_command:Invoked command in '/home/mariem/ros2_ws/build/audio_play' returned '0': AMENT_PREFIX_PATH=/home/mariem/ros2_ws/install/audio_common_msgs:${AMENT_PREFIX_PATH} CMAKE_PREFIX_PATH=/home/mariem/ros2_ws/install/audio_common_msgs:/home/mariem/ros2_audio_ws/install/audio_common_msgs:/opt/ros/humble LD_LIBRARY_PATH=/home/mariem/ros2_ws/install/audio_common_msgs/lib:${LD_LIBRARY_PATH} PYTHONPATH=/home/mariem/ros2_ws/install/audio_common_msgs/local/lib/python3.10/dist-packages:${PYTHONPATH} /usr/bin/cmake --install /home/mariem/ros2_ws/build/audio_play
[3.975s] INFO:colcon.colcon_core.shell:Creating environment descriptor '/home/mariem/ros2_ws/install/audio_play/share/audio_play/hook/cmake_prefix_path.dsv'
[3.977s] INFO:colcon.colcon_core.shell:Creating environment hook '/home/mariem/ros2_ws/install/audio_play/share/audio_play/hook/cmake_prefix_path.sh'
[3.979s] Level 1:colcon.colcon_core.environment:checking '/home/mariem/ros2_ws/install/audio_play/lib'
[3.979s] Level 1:colcon.colcon_core.shell:create_environment_hook('audio_play', 'ld_library_path_lib')
[3.979s] INFO:colcon.colcon_core.shell:Creating environment hook '/home/mariem/ros2_ws/install/audio_play/share/audio_play/hook/ld_library_path_lib.ps1'
[3.980s] INFO:colcon.colcon_core.shell:Creating environment descriptor '/home/mariem/ros2_ws/install/audio_play/share/audio_play/hook/ld_library_path_lib.dsv'
[3.981s] INFO:colcon.colcon_core.shell:Creating environment hook '/home/mariem/ros2_ws/install/audio_play/share/audio_play/hook/ld_library_path_lib.sh'
[3.982s] Level 1:colcon.colcon_core.environment:checking '/home/mariem/ros2_ws/install/audio_play/bin'
[3.982s] Level 1:colcon.colcon_core.shell:create_environment_hook('audio_play', 'path')
[3.983s] INFO:colcon.colcon_core.shell:Creating environment hook '/home/mariem/ros2_ws/install/audio_play/share/audio_play/hook/path.ps1'
[3.983s] INFO:colcon.colcon_core.shell:Creating environment descriptor '/home/mariem/ros2_ws/install/audio_play/share/audio_play/hook/path.dsv'
[3.984s] INFO:colcon.colcon_core.shell:Creating environment hook '/home/mariem/ros2_ws/install/audio_play/share/audio_play/hook/path.sh'
[3.985s] Level 1:colcon.colcon_core.environment:checking '/home/mariem/ros2_ws/install/audio_play/lib/pkgconfig/audio_play.pc'
[3.985s] Level 1:colcon.colcon_core.environment:checking '/home/mariem/ros2_ws/install/audio_play/lib/python3.10/site-packages'
[3.985s] Level 1:colcon.colcon_core.environment:checking '/home/mariem/ros2_ws/install/audio_play/bin'
[3.985s] Level 1:colcon.colcon_core.shell:create_environment_hook('audio_play', 'pythonscriptspath')
[3.985s] INFO:colcon.colcon_core.shell:Creating environment hook '/home/mariem/ros2_ws/install/audio_play/share/audio_play/hook/pythonscriptspath.ps1'
[3.986s] INFO:colcon.colcon_core.shell:Creating environment descriptor '/home/mariem/ros2_ws/install/audio_play/share/audio_play/hook/pythonscriptspath.dsv'
[3.987s] INFO:colcon.colcon_core.shell:Creating environment hook '/home/mariem/ros2_ws/install/audio_play/share/audio_play/hook/pythonscriptspath.sh'
[3.988s] INFO:colcon.colcon_core.shell:Creating package script '/home/mariem/ros2_ws/install/audio_play/share/audio_play/package.ps1'
[3.989s] INFO:colcon.colcon_core.shell:Creating package descriptor '/home/mariem/ros2_ws/install/audio_play/share/audio_play/package.dsv'
[3.990s] INFO:colcon.colcon_core.shell:Creating package script '/home/mariem/ros2_ws/install/audio_play/share/audio_play/package.sh'
[3.991s] INFO:colcon.colcon_core.shell:Creating package script '/home/mariem/ros2_ws/install/audio_play/share/audio_play/package.bash'
[3.991s] INFO:colcon.colcon_core.shell:Creating package script '/home/mariem/ros2_ws/install/audio_play/share/audio_play/package.zsh'
[3.992s] Level 1:colcon.colcon_core.environment:create_file_with_runtime_dependencies(/home/mariem/ros2_ws/install/audio_play/share/colcon-core/packages/audio_play)
[3.994s] Level 1:colcon.colcon_core.environment:create_environment_scripts_only(audio_play)
[3.994s] Level 1:colcon.colcon_core.environment:checking '/home/mariem/ros2_ws/install/audio_play' for CMake module files
[3.995s] Level 1:colcon.colcon_core.environment:checking '/home/mariem/ros2_ws/install/audio_play' for CMake config files
[3.995s] Level 1:colcon.colcon_core.shell:create_environment_hook('audio_play', 'cmake_prefix_path')
[3.995s] INFO:colcon.colcon_core.shell:Creating environment hook '/home/mariem/ros2_ws/install/audio_play/share/audio_play/hook/cmake_prefix_path.ps1'
[3.996s] INFO:colcon.colcon_core.shell:Creating environment descriptor '/home/mariem/ros2_ws/install/audio_play/share/audio_play/hook/cmake_prefix_path.dsv'
[3.996s] INFO:colcon.colcon_core.shell:Creating environment hook '/home/mariem/ros2_ws/install/audio_play/share/audio_play/hook/cmake_prefix_path.sh'
[3.998s] Level 1:colcon.colcon_core.environment:checking '/home/mariem/ros2_ws/install/audio_play/lib'
[3.998s] Level 1:colcon.colcon_core.shell:create_environment_hook('audio_play', 'ld_library_path_lib')
[3.998s] INFO:colcon.colcon_core.shell:Creating environment hook '/home/mariem/ros2_ws/install/audio_play/share/audio_play/hook/ld_library_path_lib.ps1'
[3.998s] INFO:colcon.colcon_core.shell:Creating environment descriptor '/home/mariem/ros2_ws/install/audio_play/share/audio_play/hook/ld_library_path_lib.dsv'
[3.999s] INFO:colcon.colcon_core.shell:Creating environment hook '/home/mariem/ros2_ws/install/audio_play/share/audio_play/hook/ld_library_path_lib.sh'
[4.000s] Level 1:colcon.colcon_core.environment:checking '/home/mariem/ros2_ws/install/audio_play/bin'
[4.000s] Level 1:colcon.colcon_core.shell:create_environment_hook('audio_play', 'path')
[4.001s] INFO:colcon.colcon_core.shell:Creating environment hook '/home/mariem/ros2_ws/install/audio_play/share/audio_play/hook/path.ps1'
[4.001s] INFO:colcon.colcon_core.shell:Creating environment descriptor '/home/mariem/ros2_ws/install/audio_play/share/audio_play/hook/path.dsv'
[4.002s] INFO:colcon.colcon_core.shell:Creating environment hook '/home/mariem/ros2_ws/install/audio_play/share/audio_play/hook/path.sh'
[4.003s] Level 1:colcon.colcon_core.environment:checking '/home/mariem/ros2_ws/install/audio_play/lib/pkgconfig/audio_play.pc'
[4.003s] Level 1:colcon.colcon_core.environment:checking '/home/mariem/ros2_ws/install/audio_play/lib/python3.10/site-packages'
[4.003s] Level 1:colcon.colcon_core.environment:checking '/home/mariem/ros2_ws/install/audio_play/bin'
[4.003s] Level 1:colcon.colcon_core.shell:create_environment_hook('audio_play', 'pythonscriptspath')
[4.003s] INFO:colcon.colcon_core.shell:Creating environment hook '/home/mariem/ros2_ws/install/audio_play/share/audio_play/hook/pythonscriptspath.ps1'
[4.004s] INFO:colcon.colcon_core.shell:Creating environment descriptor '/home/mariem/ros2_ws/install/audio_play/share/audio_play/hook/pythonscriptspath.dsv'
[4.005s] INFO:colcon.colcon_core.shell:Creating environment hook '/home/mariem/ros2_ws/install/audio_play/share/audio_play/hook/pythonscriptspath.sh'
[4.006s] INFO:colcon.colcon_core.shell:Creating package script '/home/mariem/ros2_ws/install/audio_play/share/audio_play/package.ps1'
[4.007s] INFO:colcon.colcon_core.shell:Creating package descriptor '/home/mariem/ros2_ws/install/audio_play/share/audio_play/package.dsv'
[4.008s] INFO:colcon.colcon_core.shell:Creating package script '/home/mariem/ros2_ws/install/audio_play/share/audio_play/package.sh'
[4.009s] INFO:colcon.colcon_core.shell:Creating package script '/home/mariem/ros2_ws/install/audio_play/share/audio_play/package.bash'
[4.010s] INFO:colcon.colcon_core.shell:Creating package script '/home/mariem/ros2_ws/install/audio_play/share/audio_play/package.zsh'
[4.011s] Level 1:colcon.colcon_core.environment:create_file_with_runtime_dependencies(/home/mariem/ros2_ws/install/audio_play/share/colcon-core/packages/audio_play)
[4.012s] DEBUG:colcon.colcon_parallel_executor.executor.parallel:closing loop
[4.013s] DEBUG:colcon.colcon_parallel_executor.executor.parallel:loop closed
[4.013s] DEBUG:colcon.colcon_parallel_executor.executor.parallel:run_until_complete finished with '0'
[4.013s] DEBUG:colcon.colcon_core.event_reactor:joining thread
[4.025s] INFO:colcon.colcon_core.plugin_system:Skipping extension 'colcon_notification.desktop_notification.terminal_notifier': Not used on non-Darwin systems
[4.025s] INFO:colcon.colcon_core.plugin_system:Skipping extension 'colcon_notification.desktop_notification.win32': Not used on non-Windows systems
[4.025s] INFO:colcon.colcon_notification.desktop_notification:Sending desktop notification using 'notify2'
[4.061s] DEBUG:colcon.colcon_core.event_reactor:joined thread
[4.061s] INFO:colcon.colcon_core.shell:Creating prefix script '/home/mariem/ros2_ws/install/local_setup.ps1'
[4.064s] INFO:colcon.colcon_core.shell:Creating prefix util module '/home/mariem/ros2_ws/install/_local_setup_util_ps1.py'
[4.068s] INFO:colcon.colcon_core.shell:Creating prefix chain script '/home/mariem/ros2_ws/install/setup.ps1'
[4.069s] INFO:colcon.colcon_core.shell:Creating prefix script '/home/mariem/ros2_ws/install/local_setup.sh'
[4.079s] INFO:colcon.colcon_core.shell:Creating prefix util module '/home/mariem/ros2_ws/install/_local_setup_util_sh.py'
[4.080s] INFO:colcon.colcon_core.shell:Creating prefix chain script '/home/mariem/ros2_ws/install/setup.sh'
[4.081s] INFO:colcon.colcon_core.shell:Creating prefix script '/home/mariem/ros2_ws/install/local_setup.bash'
[4.082s] INFO:colcon.colcon_core.shell:Creating prefix chain script '/home/mariem/ros2_ws/install/setup.bash'
[4.083s] INFO:colcon.colcon_core.shell:Creating prefix script '/home/mariem/ros2_ws/install/local_setup.zsh'
[4.084s] INFO:colcon.colcon_core.shell:Creating prefix chain script '/home/mariem/ros2_ws/install/setup.zsh'
