[35m[1mConsolidate compiler generated dependencies of target audio_common_msgs__rosidl_generator_c[0m
[ 10%] Built target audio_common_msgs__rosidl_generator_c
[35m[1mConsolidate compiler generated dependencies of target audio_common_msgs__rosidl_typesupport_introspection_c[0m
[ 21%] Built target audio_common_msgs__rosidl_typesupport_introspection_c
[35m[1mConsolidate compiler generated dependencies of target audio_common_msgs__rosidl_typesupport_c[0m
[ 31%] Built target audio_common_msgs__rosidl_typesupport_c
[ 34%] Built target audio_common_msgs__cpp
[35m[1mConsolidate compiler generated dependencies of target audio_common_msgs__rosidl_typesupport_fastrtps_cpp[0m
[ 44%] Built target audio_common_msgs__rosidl_typesupport_fastrtps_cpp
[35m[1mConsolidate compiler generated dependencies of target audio_common_msgs__rosidl_typesupport_introspection_cpp[0m
[ 55%] Built target audio_common_msgs__rosidl_typesupport_introspection_cpp
[35m[1mConsolidate compiler generated dependencies of target audio_common_msgs__rosidl_typesupport_cpp[0m
[ 65%] Built target audio_common_msgs__rosidl_typesupport_cpp
[35m[1mConsolidate compiler generated dependencies of target audio_common_msgs__rosidl_typesupport_fastrtps_c[0m
[ 76%] Built target audio_common_msgs__rosidl_typesupport_fastrtps_c
[ 76%] Built target audio_common_msgs
[ 76%] Built target ament_cmake_python_copy_audio_common_msgs
running egg_info
writing audio_common_msgs.egg-info/PKG-INFO
writing dependency_links to audio_common_msgs.egg-info/dependency_links.txt
writing top-level names to audio_common_msgs.egg-info/top_level.txt
reading manifest file 'audio_common_msgs.egg-info/SOURCES.txt'
writing manifest file 'audio_common_msgs.egg-info/SOURCES.txt'
[ 76%] Built target ament_cmake_python_build_audio_common_msgs_egg
[ 78%] Built target audio_common_msgs__py
[35m[1mConsolidate compiler generated dependencies of target audio_common_msgs__rosidl_generator_py[0m
[ 87%] Built target audio_common_msgs__rosidl_generator_py
[35m[1mConsolidate compiler generated dependencies of target audio_common_msgs__rosidl_typesupport_fastrtps_c__pyext[0m
[ 91%] Built target audio_common_msgs__rosidl_typesupport_fastrtps_c__pyext
[35m[1mConsolidate compiler generated dependencies of target audio_common_msgs__rosidl_typesupport_introspection_c__pyext[0m
[ 95%] Built target audio_common_msgs__rosidl_typesupport_introspection_c__pyext
[35m[1mConsolidate compiler generated dependencies of target audio_common_msgs__rosidl_typesupport_c__pyext[0m
[100%] Built target audio_common_msgs__rosidl_typesupport_c__pyext
-- Install configuration: ""
-- Up-to-date: /home/mariem/ros2_ws/install/audio_common_msgs/share/ament_index/resource_index/rosidl_interfaces/audio_common_msgs
-- Up-to-date: /home/mariem/ros2_ws/install/audio_common_msgs/include/audio_common_msgs/audio_common_msgs
-- Up-to-date: /home/mariem/ros2_ws/install/audio_common_msgs/include/audio_common_msgs/audio_common_msgs/msg
-- Up-to-date: /home/mariem/ros2_ws/install/audio_common_msgs/include/audio_common_msgs/audio_common_msgs/msg/detail
-- Up-to-date: /home/mariem/ros2_ws/install/audio_common_msgs/include/audio_common_msgs/audio_common_msgs/msg/detail/audio_data__type_support.h
-- Up-to-date: /home/mariem/ros2_ws/install/audio_common_msgs/include/audio_common_msgs/audio_common_msgs/msg/detail/audio_data__struct.h
-- Up-to-date: /home/mariem/ros2_ws/install/audio_common_msgs/include/audio_common_msgs/audio_common_msgs/msg/detail/audio_data_stamped__struct.h
-- Up-to-date: /home/mariem/ros2_ws/install/audio_common_msgs/include/audio_common_msgs/audio_common_msgs/msg/detail/audio_info__functions.c
-- Up-to-date: /home/mariem/ros2_ws/install/audio_common_msgs/include/audio_common_msgs/audio_common_msgs/msg/detail/audio_info__struct.h
-- Up-to-date: /home/mariem/ros2_ws/install/audio_common_msgs/include/audio_common_msgs/audio_common_msgs/msg/detail/audio_info__type_support.h
-- Up-to-date: /home/mariem/ros2_ws/install/audio_common_msgs/include/audio_common_msgs/audio_common_msgs/msg/detail/audio_info__functions.h
-- Up-to-date: /home/mariem/ros2_ws/install/audio_common_msgs/include/audio_common_msgs/audio_common_msgs/msg/detail/audio_data__functions.h
-- Up-to-date: /home/mariem/ros2_ws/install/audio_common_msgs/include/audio_common_msgs/audio_common_msgs/msg/detail/audio_data__functions.c
-- Up-to-date: /home/mariem/ros2_ws/install/audio_common_msgs/include/audio_common_msgs/audio_common_msgs/msg/detail/audio_data_stamped__functions.h
-- Up-to-date: /home/mariem/ros2_ws/install/audio_common_msgs/include/audio_common_msgs/audio_common_msgs/msg/detail/audio_data_stamped__type_support.h
-- Up-to-date: /home/mariem/ros2_ws/install/audio_common_msgs/include/audio_common_msgs/audio_common_msgs/msg/detail/audio_data_stamped__functions.c
-- Up-to-date: /home/mariem/ros2_ws/install/audio_common_msgs/include/audio_common_msgs/audio_common_msgs/msg/rosidl_generator_c__visibility_control.h
-- Up-to-date: /home/mariem/ros2_ws/install/audio_common_msgs/include/audio_common_msgs/audio_common_msgs/msg/audio_data_stamped.h
-- Up-to-date: /home/mariem/ros2_ws/install/audio_common_msgs/include/audio_common_msgs/audio_common_msgs/msg/audio_info.h
-- Up-to-date: /home/mariem/ros2_ws/install/audio_common_msgs/include/audio_common_msgs/audio_common_msgs/msg/audio_data.h
-- Up-to-date: /home/mariem/ros2_ws/install/audio_common_msgs/share/audio_common_msgs/environment/library_path.sh
-- Up-to-date: /home/mariem/ros2_ws/install/audio_common_msgs/share/audio_common_msgs/environment/library_path.dsv
-- Up-to-date: /home/mariem/ros2_ws/install/audio_common_msgs/lib/libaudio_common_msgs__rosidl_generator_c.so
-- Up-to-date: /home/mariem/ros2_ws/install/audio_common_msgs/include/audio_common_msgs/audio_common_msgs
-- Up-to-date: /home/mariem/ros2_ws/install/audio_common_msgs/include/audio_common_msgs/audio_common_msgs/msg
-- Up-to-date: /home/mariem/ros2_ws/install/audio_common_msgs/include/audio_common_msgs/audio_common_msgs/msg/detail
-- Up-to-date: /home/mariem/ros2_ws/install/audio_common_msgs/include/audio_common_msgs/audio_common_msgs/msg/detail/audio_data_stamped__rosidl_typesupport_fastrtps_c.h
-- Up-to-date: /home/mariem/ros2_ws/install/audio_common_msgs/include/audio_common_msgs/audio_common_msgs/msg/detail/audio_data__rosidl_typesupport_fastrtps_c.h
-- Up-to-date: /home/mariem/ros2_ws/install/audio_common_msgs/include/audio_common_msgs/audio_common_msgs/msg/detail/audio_info__rosidl_typesupport_fastrtps_c.h
-- Up-to-date: /home/mariem/ros2_ws/install/audio_common_msgs/include/audio_common_msgs/audio_common_msgs/msg/rosidl_typesupport_fastrtps_c__visibility_control.h
-- Up-to-date: /home/mariem/ros2_ws/install/audio_common_msgs/lib/libaudio_common_msgs__rosidl_typesupport_fastrtps_c.so
-- Up-to-date: /home/mariem/ros2_ws/install/audio_common_msgs/include/audio_common_msgs/audio_common_msgs
-- Up-to-date: /home/mariem/ros2_ws/install/audio_common_msgs/include/audio_common_msgs/audio_common_msgs/msg
-- Up-to-date: /home/mariem/ros2_ws/install/audio_common_msgs/include/audio_common_msgs/audio_common_msgs/msg/detail
-- Up-to-date: /home/mariem/ros2_ws/install/audio_common_msgs/include/audio_common_msgs/audio_common_msgs/msg/detail/audio_info__type_support.c
-- Up-to-date: /home/mariem/ros2_ws/install/audio_common_msgs/include/audio_common_msgs/audio_common_msgs/msg/detail/audio_data__rosidl_typesupport_introspection_c.h
-- Up-to-date: /home/mariem/ros2_ws/install/audio_common_msgs/include/audio_common_msgs/audio_common_msgs/msg/detail/audio_data__type_support.c
-- Up-to-date: /home/mariem/ros2_ws/install/audio_common_msgs/include/audio_common_msgs/audio_common_msgs/msg/detail/audio_info__rosidl_typesupport_introspection_c.h
-- Up-to-date: /home/mariem/ros2_ws/install/audio_common_msgs/include/audio_common_msgs/audio_common_msgs/msg/detail/audio_data_stamped__rosidl_typesupport_introspection_c.h
-- Up-to-date: /home/mariem/ros2_ws/install/audio_common_msgs/include/audio_common_msgs/audio_common_msgs/msg/detail/audio_data_stamped__type_support.c
-- Up-to-date: /home/mariem/ros2_ws/install/audio_common_msgs/include/audio_common_msgs/audio_common_msgs/msg/rosidl_typesupport_introspection_c__visibility_control.h
-- Up-to-date: /home/mariem/ros2_ws/install/audio_common_msgs/lib/libaudio_common_msgs__rosidl_typesupport_introspection_c.so
-- Up-to-date: /home/mariem/ros2_ws/install/audio_common_msgs/lib/libaudio_common_msgs__rosidl_typesupport_c.so
-- Up-to-date: /home/mariem/ros2_ws/install/audio_common_msgs/include/audio_common_msgs/audio_common_msgs
-- Up-to-date: /home/mariem/ros2_ws/install/audio_common_msgs/include/audio_common_msgs/audio_common_msgs/msg
-- Up-to-date: /home/mariem/ros2_ws/install/audio_common_msgs/include/audio_common_msgs/audio_common_msgs/msg/detail
-- Up-to-date: /home/mariem/ros2_ws/install/audio_common_msgs/include/audio_common_msgs/audio_common_msgs/msg/detail/audio_info__builder.hpp
-- Up-to-date: /home/mariem/ros2_ws/install/audio_common_msgs/include/audio_common_msgs/audio_common_msgs/msg/detail/audio_data__struct.hpp
-- Up-to-date: /home/mariem/ros2_ws/install/audio_common_msgs/include/audio_common_msgs/audio_common_msgs/msg/detail/audio_data__type_support.hpp
-- Up-to-date: /home/mariem/ros2_ws/install/audio_common_msgs/include/audio_common_msgs/audio_common_msgs/msg/detail/audio_data_stamped__traits.hpp
-- Up-to-date: /home/mariem/ros2_ws/install/audio_common_msgs/include/audio_common_msgs/audio_common_msgs/msg/detail/audio_info__type_support.hpp
-- Up-to-date: /home/mariem/ros2_ws/install/audio_common_msgs/include/audio_common_msgs/audio_common_msgs/msg/detail/audio_data_stamped__builder.hpp
-- Up-to-date: /home/mariem/ros2_ws/install/audio_common_msgs/include/audio_common_msgs/audio_common_msgs/msg/detail/audio_data__builder.hpp
-- Up-to-date: /home/mariem/ros2_ws/install/audio_common_msgs/include/audio_common_msgs/audio_common_msgs/msg/detail/audio_info__traits.hpp
-- Up-to-date: /home/mariem/ros2_ws/install/audio_common_msgs/include/audio_common_msgs/audio_common_msgs/msg/detail/audio_info__struct.hpp
-- Up-to-date: /home/mariem/ros2_ws/install/audio_common_msgs/include/audio_common_msgs/audio_common_msgs/msg/detail/audio_data_stamped__type_support.hpp
-- Up-to-date: /home/mariem/ros2_ws/install/audio_common_msgs/include/audio_common_msgs/audio_common_msgs/msg/detail/audio_data__traits.hpp
-- Up-to-date: /home/mariem/ros2_ws/install/audio_common_msgs/include/audio_common_msgs/audio_common_msgs/msg/detail/audio_data_stamped__struct.hpp
-- Up-to-date: /home/mariem/ros2_ws/install/audio_common_msgs/include/audio_common_msgs/audio_common_msgs/msg/audio_info.hpp
-- Up-to-date: /home/mariem/ros2_ws/install/audio_common_msgs/include/audio_common_msgs/audio_common_msgs/msg/audio_data.hpp
-- Up-to-date: /home/mariem/ros2_ws/install/audio_common_msgs/include/audio_common_msgs/audio_common_msgs/msg/audio_data_stamped.hpp
-- Up-to-date: /home/mariem/ros2_ws/install/audio_common_msgs/include/audio_common_msgs/audio_common_msgs/msg/rosidl_generator_cpp__visibility_control.hpp
-- Up-to-date: /home/mariem/ros2_ws/install/audio_common_msgs/include/audio_common_msgs/audio_common_msgs
-- Up-to-date: /home/mariem/ros2_ws/install/audio_common_msgs/include/audio_common_msgs/audio_common_msgs/msg
-- Up-to-date: /home/mariem/ros2_ws/install/audio_common_msgs/include/audio_common_msgs/audio_common_msgs/msg/detail
-- Up-to-date: /home/mariem/ros2_ws/install/audio_common_msgs/include/audio_common_msgs/audio_common_msgs/msg/detail/audio_data__rosidl_typesupport_fastrtps_cpp.hpp
-- Up-to-date: /home/mariem/ros2_ws/install/audio_common_msgs/include/audio_common_msgs/audio_common_msgs/msg/detail/audio_info__rosidl_typesupport_fastrtps_cpp.hpp
-- Up-to-date: /home/mariem/ros2_ws/install/audio_common_msgs/include/audio_common_msgs/audio_common_msgs/msg/detail/audio_data_stamped__rosidl_typesupport_fastrtps_cpp.hpp
-- Up-to-date: /home/mariem/ros2_ws/install/audio_common_msgs/include/audio_common_msgs/audio_common_msgs/msg/detail/dds_fastrtps
-- Up-to-date: /home/mariem/ros2_ws/install/audio_common_msgs/include/audio_common_msgs/audio_common_msgs/msg/rosidl_typesupport_fastrtps_cpp__visibility_control.h
-- Up-to-date: /home/mariem/ros2_ws/install/audio_common_msgs/lib/libaudio_common_msgs__rosidl_typesupport_fastrtps_cpp.so
-- Up-to-date: /home/mariem/ros2_ws/install/audio_common_msgs/include/audio_common_msgs/audio_common_msgs
-- Up-to-date: /home/mariem/ros2_ws/install/audio_common_msgs/include/audio_common_msgs/audio_common_msgs/msg
-- Up-to-date: /home/mariem/ros2_ws/install/audio_common_msgs/include/audio_common_msgs/audio_common_msgs/msg/detail
-- Up-to-date: /home/mariem/ros2_ws/install/audio_common_msgs/include/audio_common_msgs/audio_common_msgs/msg/detail/audio_info__type_support.cpp
-- Up-to-date: /home/mariem/ros2_ws/install/audio_common_msgs/include/audio_common_msgs/audio_common_msgs/msg/detail/audio_data__type_support.cpp
-- Up-to-date: /home/mariem/ros2_ws/install/audio_common_msgs/include/audio_common_msgs/audio_common_msgs/msg/detail/audio_info__rosidl_typesupport_introspection_cpp.hpp
-- Up-to-date: /home/mariem/ros2_ws/install/audio_common_msgs/include/audio_common_msgs/audio_common_msgs/msg/detail/audio_data_stamped__rosidl_typesupport_introspection_cpp.hpp
-- Up-to-date: /home/mariem/ros2_ws/install/audio_common_msgs/include/audio_common_msgs/audio_common_msgs/msg/detail/audio_data_stamped__type_support.cpp
-- Up-to-date: /home/mariem/ros2_ws/install/audio_common_msgs/include/audio_common_msgs/audio_common_msgs/msg/detail/audio_data__rosidl_typesupport_introspection_cpp.hpp
-- Up-to-date: /home/mariem/ros2_ws/install/audio_common_msgs/lib/libaudio_common_msgs__rosidl_typesupport_introspection_cpp.so
-- Up-to-date: /home/mariem/ros2_ws/install/audio_common_msgs/lib/libaudio_common_msgs__rosidl_typesupport_cpp.so
-- Up-to-date: /home/mariem/ros2_ws/install/audio_common_msgs/share/audio_common_msgs/environment/pythonpath.sh
-- Up-to-date: /home/mariem/ros2_ws/install/audio_common_msgs/share/audio_common_msgs/environment/pythonpath.dsv
-- Up-to-date: /home/mariem/ros2_ws/install/audio_common_msgs/local/lib/python3.10/dist-packages/audio_common_msgs-0.3.12-py3.10.egg-info
-- Installing: /home/mariem/ros2_ws/install/audio_common_msgs/local/lib/python3.10/dist-packages/audio_common_msgs-0.3.12-py3.10.egg-info/PKG-INFO
-- Installing: /home/mariem/ros2_ws/install/audio_common_msgs/local/lib/python3.10/dist-packages/audio_common_msgs-0.3.12-py3.10.egg-info/dependency_links.txt
-- Installing: /home/mariem/ros2_ws/install/audio_common_msgs/local/lib/python3.10/dist-packages/audio_common_msgs-0.3.12-py3.10.egg-info/top_level.txt
-- Installing: /home/mariem/ros2_ws/install/audio_common_msgs/local/lib/python3.10/dist-packages/audio_common_msgs-0.3.12-py3.10.egg-info/SOURCES.txt
-- Up-to-date: /home/mariem/ros2_ws/install/audio_common_msgs/local/lib/python3.10/dist-packages/audio_common_msgs
-- Up-to-date: /home/mariem/ros2_ws/install/audio_common_msgs/local/lib/python3.10/dist-packages/audio_common_msgs/__init__.py
-- Up-to-date: /home/mariem/ros2_ws/install/audio_common_msgs/local/lib/python3.10/dist-packages/audio_common_msgs/libaudio_common_msgs__rosidl_generator_py.so
-- Up-to-date: /home/mariem/ros2_ws/install/audio_common_msgs/local/lib/python3.10/dist-packages/audio_common_msgs/audio_common_msgs_s__rosidl_typesupport_fastrtps_c.cpython-310-x86_64-linux-gnu.so
-- Up-to-date: /home/mariem/ros2_ws/install/audio_common_msgs/local/lib/python3.10/dist-packages/audio_common_msgs/_audio_common_msgs_s.ep.rosidl_typesupport_introspection_c.c
-- Up-to-date: /home/mariem/ros2_ws/install/audio_common_msgs/local/lib/python3.10/dist-packages/audio_common_msgs/audio_common_msgs_s__rosidl_typesupport_c.cpython-310-x86_64-linux-gnu.so
-- Up-to-date: /home/mariem/ros2_ws/install/audio_common_msgs/local/lib/python3.10/dist-packages/audio_common_msgs/_audio_common_msgs_s.ep.rosidl_typesupport_c.c
-- Up-to-date: /home/mariem/ros2_ws/install/audio_common_msgs/local/lib/python3.10/dist-packages/audio_common_msgs/msg
-- Up-to-date: /home/mariem/ros2_ws/install/audio_common_msgs/local/lib/python3.10/dist-packages/audio_common_msgs/msg/__init__.py
-- Up-to-date: /home/mariem/ros2_ws/install/audio_common_msgs/local/lib/python3.10/dist-packages/audio_common_msgs/msg/_audio_data_stamped_s.c
-- Up-to-date: /home/mariem/ros2_ws/install/audio_common_msgs/local/lib/python3.10/dist-packages/audio_common_msgs/msg/_audio_info.py
-- Up-to-date: /home/mariem/ros2_ws/install/audio_common_msgs/local/lib/python3.10/dist-packages/audio_common_msgs/msg/_audio_info_s.c
-- Up-to-date: /home/mariem/ros2_ws/install/audio_common_msgs/local/lib/python3.10/dist-packages/audio_common_msgs/msg/_audio_data_s.c
-- Up-to-date: /home/mariem/ros2_ws/install/audio_common_msgs/local/lib/python3.10/dist-packages/audio_common_msgs/msg/_audio_data_stamped.py
-- Up-to-date: /home/mariem/ros2_ws/install/audio_common_msgs/local/lib/python3.10/dist-packages/audio_common_msgs/msg/_audio_data.py
-- Up-to-date: /home/mariem/ros2_ws/install/audio_common_msgs/local/lib/python3.10/dist-packages/audio_common_msgs/_audio_common_msgs_s.ep.rosidl_typesupport_fastrtps_c.c
-- Up-to-date: /home/mariem/ros2_ws/install/audio_common_msgs/local/lib/python3.10/dist-packages/audio_common_msgs/audio_common_msgs_s__rosidl_typesupport_introspection_c.cpython-310-x86_64-linux-gnu.so
Listing '/home/mariem/ros2_ws/install/audio_common_msgs/local/lib/python3.10/dist-packages/audio_common_msgs'...
Listing '/home/mariem/ros2_ws/install/audio_common_msgs/local/lib/python3.10/dist-packages/audio_common_msgs/msg'...
-- Up-to-date: /home/mariem/ros2_ws/install/audio_common_msgs/local/lib/python3.10/dist-packages/audio_common_msgs/audio_common_msgs_s__rosidl_typesupport_fastrtps_c.cpython-310-x86_64-linux-gnu.so
-- Up-to-date: /home/mariem/ros2_ws/install/audio_common_msgs/local/lib/python3.10/dist-packages/audio_common_msgs/audio_common_msgs_s__rosidl_typesupport_introspection_c.cpython-310-x86_64-linux-gnu.so
-- Up-to-date: /home/mariem/ros2_ws/install/audio_common_msgs/local/lib/python3.10/dist-packages/audio_common_msgs/audio_common_msgs_s__rosidl_typesupport_c.cpython-310-x86_64-linux-gnu.so
-- Up-to-date: /home/mariem/ros2_ws/install/audio_common_msgs/lib/libaudio_common_msgs__rosidl_generator_py.so
-- Up-to-date: /home/mariem/ros2_ws/install/audio_common_msgs/share/audio_common_msgs/msg/AudioData.idl
-- Up-to-date: /home/mariem/ros2_ws/install/audio_common_msgs/share/audio_common_msgs/msg/AudioDataStamped.idl
-- Up-to-date: /home/mariem/ros2_ws/install/audio_common_msgs/share/audio_common_msgs/msg/AudioInfo.idl
-- Up-to-date: /home/mariem/ros2_ws/install/audio_common_msgs/share/audio_common_msgs/msg/AudioData.msg
-- Up-to-date: /home/mariem/ros2_ws/install/audio_common_msgs/share/audio_common_msgs/msg/AudioDataStamped.msg
-- Up-to-date: /home/mariem/ros2_ws/install/audio_common_msgs/share/audio_common_msgs/msg/AudioInfo.msg
-- Up-to-date: /home/mariem/ros2_ws/install/audio_common_msgs/share/ament_index/resource_index/package_run_dependencies/audio_common_msgs
-- Up-to-date: /home/mariem/ros2_ws/install/audio_common_msgs/share/ament_index/resource_index/parent_prefix_path/audio_common_msgs
-- Up-to-date: /home/mariem/ros2_ws/install/audio_common_msgs/share/audio_common_msgs/environment/ament_prefix_path.sh
-- Up-to-date: /home/mariem/ros2_ws/install/audio_common_msgs/share/audio_common_msgs/environment/ament_prefix_path.dsv
-- Up-to-date: /home/mariem/ros2_ws/install/audio_common_msgs/share/audio_common_msgs/environment/path.sh
-- Up-to-date: /home/mariem/ros2_ws/install/audio_common_msgs/share/audio_common_msgs/environment/path.dsv
-- Up-to-date: /home/mariem/ros2_ws/install/audio_common_msgs/share/audio_common_msgs/local_setup.bash
-- Up-to-date: /home/mariem/ros2_ws/install/audio_common_msgs/share/audio_common_msgs/local_setup.sh
-- Up-to-date: /home/mariem/ros2_ws/install/audio_common_msgs/share/audio_common_msgs/local_setup.zsh
-- Up-to-date: /home/mariem/ros2_ws/install/audio_common_msgs/share/audio_common_msgs/local_setup.dsv
-- Installing: /home/mariem/ros2_ws/install/audio_common_msgs/share/audio_common_msgs/package.dsv
-- Up-to-date: /home/mariem/ros2_ws/install/audio_common_msgs/share/ament_index/resource_index/packages/audio_common_msgs
-- Up-to-date: /home/mariem/ros2_ws/install/audio_common_msgs/share/audio_common_msgs/cmake/export_audio_common_msgs__rosidl_generator_cExport.cmake
-- Up-to-date: /home/mariem/ros2_ws/install/audio_common_msgs/share/audio_common_msgs/cmake/export_audio_common_msgs__rosidl_generator_cExport-noconfig.cmake
-- Up-to-date: /home/mariem/ros2_ws/install/audio_common_msgs/share/audio_common_msgs/cmake/export_audio_common_msgs__rosidl_typesupport_fastrtps_cExport.cmake
-- Up-to-date: /home/mariem/ros2_ws/install/audio_common_msgs/share/audio_common_msgs/cmake/export_audio_common_msgs__rosidl_typesupport_fastrtps_cExport-noconfig.cmake
-- Up-to-date: /home/mariem/ros2_ws/install/audio_common_msgs/share/audio_common_msgs/cmake/audio_common_msgs__rosidl_typesupport_introspection_cExport.cmake
-- Up-to-date: /home/mariem/ros2_ws/install/audio_common_msgs/share/audio_common_msgs/cmake/audio_common_msgs__rosidl_typesupport_introspection_cExport-noconfig.cmake
-- Up-to-date: /home/mariem/ros2_ws/install/audio_common_msgs/share/audio_common_msgs/cmake/audio_common_msgs__rosidl_typesupport_cExport.cmake
-- Up-to-date: /home/mariem/ros2_ws/install/audio_common_msgs/share/audio_common_msgs/cmake/audio_common_msgs__rosidl_typesupport_cExport-noconfig.cmake
-- Up-to-date: /home/mariem/ros2_ws/install/audio_common_msgs/share/audio_common_msgs/cmake/export_audio_common_msgs__rosidl_generator_cppExport.cmake
-- Up-to-date: /home/mariem/ros2_ws/install/audio_common_msgs/share/audio_common_msgs/cmake/export_audio_common_msgs__rosidl_typesupport_fastrtps_cppExport.cmake
-- Up-to-date: /home/mariem/ros2_ws/install/audio_common_msgs/share/audio_common_msgs/cmake/export_audio_common_msgs__rosidl_typesupport_fastrtps_cppExport-noconfig.cmake
-- Up-to-date: /home/mariem/ros2_ws/install/audio_common_msgs/share/audio_common_msgs/cmake/audio_common_msgs__rosidl_typesupport_introspection_cppExport.cmake
-- Up-to-date: /home/mariem/ros2_ws/install/audio_common_msgs/share/audio_common_msgs/cmake/audio_common_msgs__rosidl_typesupport_introspection_cppExport-noconfig.cmake
-- Up-to-date: /home/mariem/ros2_ws/install/audio_common_msgs/share/audio_common_msgs/cmake/audio_common_msgs__rosidl_typesupport_cppExport.cmake
-- Up-to-date: /home/mariem/ros2_ws/install/audio_common_msgs/share/audio_common_msgs/cmake/audio_common_msgs__rosidl_typesupport_cppExport-noconfig.cmake
-- Up-to-date: /home/mariem/ros2_ws/install/audio_common_msgs/share/audio_common_msgs/cmake/export_audio_common_msgs__rosidl_generator_pyExport.cmake
-- Up-to-date: /home/mariem/ros2_ws/install/audio_common_msgs/share/audio_common_msgs/cmake/export_audio_common_msgs__rosidl_generator_pyExport-noconfig.cmake
-- Up-to-date: /home/mariem/ros2_ws/install/audio_common_msgs/share/audio_common_msgs/cmake/rosidl_cmake-extras.cmake
-- Up-to-date: /home/mariem/ros2_ws/install/audio_common_msgs/share/audio_common_msgs/cmake/ament_cmake_export_dependencies-extras.cmake
-- Up-to-date: /home/mariem/ros2_ws/install/audio_common_msgs/share/audio_common_msgs/cmake/ament_cmake_export_include_directories-extras.cmake
-- Up-to-date: /home/mariem/ros2_ws/install/audio_common_msgs/share/audio_common_msgs/cmake/ament_cmake_export_libraries-extras.cmake
-- Up-to-date: /home/mariem/ros2_ws/install/audio_common_msgs/share/audio_common_msgs/cmake/ament_cmake_export_targets-extras.cmake
-- Up-to-date: /home/mariem/ros2_ws/install/audio_common_msgs/share/audio_common_msgs/cmake/rosidl_cmake_export_typesupport_targets-extras.cmake
-- Up-to-date: /home/mariem/ros2_ws/install/audio_common_msgs/share/audio_common_msgs/cmake/rosidl_cmake_export_typesupport_libraries-extras.cmake
-- Up-to-date: /home/mariem/ros2_ws/install/audio_common_msgs/share/audio_common_msgs/cmake/audio_common_msgsConfig.cmake
-- Up-to-date: /home/mariem/ros2_ws/install/audio_common_msgs/share/audio_common_msgs/cmake/audio_common_msgsConfig-version.cmake
-- Up-to-date: /home/mariem/ros2_ws/install/audio_common_msgs/share/audio_common_msgs/package.xml
