[0.038s] Invoking command in '/home/mariem/ros2_ws/build/audio_common_msgs': CMAKE_PREFIX_PATH=${CMAKE_PREFIX_PATH}:/opt/ros/humble /usr/bin/cmake --build /home/mariem/ros2_ws/build/audio_common_msgs -- -j1 -l1
[0.121s] [35m[1mConsolidate compiler generated dependencies of target audio_common_msgs__rosidl_generator_c[0m
[0.157s] [ 10%] Built target audio_common_msgs__rosidl_generator_c
[0.207s] [35m[1mConsolidate compiler generated dependencies of target audio_common_msgs__rosidl_typesupport_introspection_c[0m
[0.255s] [ 21%] Built target audio_common_msgs__rosidl_typesupport_introspection_c
[0.300s] [35m[1mConsolidate compiler generated dependencies of target audio_common_msgs__rosidl_typesupport_c[0m
[0.339s] [ 31%] Built target audio_common_msgs__rosidl_typesupport_c
[0.398s] [ 34%] Built target audio_common_msgs__cpp
[0.437s] [35m[1mConsolidate compiler generated dependencies of target audio_common_msgs__rosidl_typesupport_fastrtps_cpp[0m
[0.491s] [ 44%] Built target audio_common_msgs__rosidl_typesupport_fastrtps_cpp
[0.523s] [35m[1mConsolidate compiler generated dependencies of target audio_common_msgs__rosidl_typesupport_introspection_cpp[0m
[0.555s] [ 55%] Built target audio_common_msgs__rosidl_typesupport_introspection_cpp
[0.594s] [35m[1mConsolidate compiler generated dependencies of target audio_common_msgs__rosidl_typesupport_cpp[0m
[0.637s] [ 65%] Built target audio_common_msgs__rosidl_typesupport_cpp
[0.680s] [35m[1mConsolidate compiler generated dependencies of target audio_common_msgs__rosidl_typesupport_fastrtps_c[0m
[0.721s] [ 76%] Built target audio_common_msgs__rosidl_typesupport_fastrtps_c
[0.767s] [ 76%] Built target audio_common_msgs
[0.830s] [ 76%] Built target ament_cmake_python_copy_audio_common_msgs
[1.053s] running egg_info
[1.069s] writing audio_common_msgs.egg-info/PKG-INFO
[1.071s] writing dependency_links to audio_common_msgs.egg-info/dependency_links.txt
[1.072s] writing top-level names to audio_common_msgs.egg-info/top_level.txt
[1.103s] reading manifest file 'audio_common_msgs.egg-info/SOURCES.txt'
[1.105s] writing manifest file 'audio_common_msgs.egg-info/SOURCES.txt'
[1.146s] [ 76%] Built target ament_cmake_python_build_audio_common_msgs_egg
[1.218s] [ 78%] Built target audio_common_msgs__py
[1.273s] [35m[1mConsolidate compiler generated dependencies of target audio_common_msgs__rosidl_generator_py[0m
[1.319s] [ 87%] Built target audio_common_msgs__rosidl_generator_py
[1.361s] [35m[1mConsolidate compiler generated dependencies of target audio_common_msgs__rosidl_typesupport_fastrtps_c__pyext[0m
[1.401s] [ 91%] Built target audio_common_msgs__rosidl_typesupport_fastrtps_c__pyext
[1.440s] [35m[1mConsolidate compiler generated dependencies of target audio_common_msgs__rosidl_typesupport_introspection_c__pyext[0m
[1.481s] [ 95%] Built target audio_common_msgs__rosidl_typesupport_introspection_c__pyext
[1.523s] [35m[1mConsolidate compiler generated dependencies of target audio_common_msgs__rosidl_typesupport_c__pyext[0m
[1.561s] [100%] Built target audio_common_msgs__rosidl_typesupport_c__pyext
[1.586s] Invoked command in '/home/mariem/ros2_ws/build/audio_common_msgs' returned '0': CMAKE_PREFIX_PATH=${CMAKE_PREFIX_PATH}:/opt/ros/humble /usr/bin/cmake --build /home/mariem/ros2_ws/build/audio_common_msgs -- -j1 -l1
[1.619s] Invoking command in '/home/mariem/ros2_ws/build/audio_common_msgs': CMAKE_PREFIX_PATH=${CMAKE_PREFIX_PATH}:/opt/ros/humble /usr/bin/cmake --install /home/mariem/ros2_ws/build/audio_common_msgs
[1.646s] -- Install configuration: ""
[1.647s] -- Up-to-date: /home/mariem/ros2_ws/install/audio_common_msgs/share/ament_index/resource_index/rosidl_interfaces/audio_common_msgs
[1.647s] -- Up-to-date: /home/mariem/ros2_ws/install/audio_common_msgs/include/audio_common_msgs/audio_common_msgs
[1.647s] -- Up-to-date: /home/mariem/ros2_ws/install/audio_common_msgs/include/audio_common_msgs/audio_common_msgs/msg
[1.648s] -- Up-to-date: /home/mariem/ros2_ws/install/audio_common_msgs/include/audio_common_msgs/audio_common_msgs/msg/detail
[1.658s] -- Up-to-date: /home/mariem/ros2_ws/install/audio_common_msgs/include/audio_common_msgs/audio_common_msgs/msg/detail/audio_data__type_support.h
[1.659s] -- Up-to-date: /home/mariem/ros2_ws/install/audio_common_msgs/include/audio_common_msgs/audio_common_msgs/msg/detail/audio_data__struct.h
[1.659s] -- Up-to-date: /home/mariem/ros2_ws/install/audio_common_msgs/include/audio_common_msgs/audio_common_msgs/msg/detail/audio_data_stamped__struct.h
[1.659s] -- Up-to-date: /home/mariem/ros2_ws/install/audio_common_msgs/include/audio_common_msgs/audio_common_msgs/msg/detail/audio_info__functions.c
[1.659s] -- Up-to-date: /home/mariem/ros2_ws/install/audio_common_msgs/include/audio_common_msgs/audio_common_msgs/msg/detail/audio_info__struct.h
[1.659s] -- Up-to-date: /home/mariem/ros2_ws/install/audio_common_msgs/include/audio_common_msgs/audio_common_msgs/msg/detail/audio_info__type_support.h
[1.659s] -- Up-to-date: /home/mariem/ros2_ws/install/audio_common_msgs/include/audio_common_msgs/audio_common_msgs/msg/detail/audio_info__functions.h
[1.659s] -- Up-to-date: /home/mariem/ros2_ws/install/audio_common_msgs/include/audio_common_msgs/audio_common_msgs/msg/detail/audio_data__functions.h
[1.659s] -- Up-to-date: /home/mariem/ros2_ws/install/audio_common_msgs/include/audio_common_msgs/audio_common_msgs/msg/detail/audio_data__functions.c
[1.659s] -- Up-to-date: /home/mariem/ros2_ws/install/audio_common_msgs/include/audio_common_msgs/audio_common_msgs/msg/detail/audio_data_stamped__functions.h
[1.659s] -- Up-to-date: /home/mariem/ros2_ws/install/audio_common_msgs/include/audio_common_msgs/audio_common_msgs/msg/detail/audio_data_stamped__type_support.h
[1.659s] -- Up-to-date: /home/mariem/ros2_ws/install/audio_common_msgs/include/audio_common_msgs/audio_common_msgs/msg/detail/audio_data_stamped__functions.c
[1.660s] -- Up-to-date: /home/mariem/ros2_ws/install/audio_common_msgs/include/audio_common_msgs/audio_common_msgs/msg/rosidl_generator_c__visibility_control.h
[1.660s] -- Up-to-date: /home/mariem/ros2_ws/install/audio_common_msgs/include/audio_common_msgs/audio_common_msgs/msg/audio_data_stamped.h
[1.660s] -- Up-to-date: /home/mariem/ros2_ws/install/audio_common_msgs/include/audio_common_msgs/audio_common_msgs/msg/audio_info.h
[1.660s] -- Up-to-date: /home/mariem/ros2_ws/install/audio_common_msgs/include/audio_common_msgs/audio_common_msgs/msg/audio_data.h
[1.660s] -- Up-to-date: /home/mariem/ros2_ws/install/audio_common_msgs/share/audio_common_msgs/environment/library_path.sh
[1.660s] -- Up-to-date: /home/mariem/ros2_ws/install/audio_common_msgs/share/audio_common_msgs/environment/library_path.dsv
[1.660s] -- Up-to-date: /home/mariem/ros2_ws/install/audio_common_msgs/lib/libaudio_common_msgs__rosidl_generator_c.so
[1.660s] -- Up-to-date: /home/mariem/ros2_ws/install/audio_common_msgs/include/audio_common_msgs/audio_common_msgs
[1.662s] -- Up-to-date: /home/mariem/ros2_ws/install/audio_common_msgs/include/audio_common_msgs/audio_common_msgs/msg
[1.662s] -- Up-to-date: /home/mariem/ros2_ws/install/audio_common_msgs/include/audio_common_msgs/audio_common_msgs/msg/detail
[1.664s] -- Up-to-date: /home/mariem/ros2_ws/install/audio_common_msgs/include/audio_common_msgs/audio_common_msgs/msg/detail/audio_data_stamped__rosidl_typesupport_fastrtps_c.h
[1.664s] -- Up-to-date: /home/mariem/ros2_ws/install/audio_common_msgs/include/audio_common_msgs/audio_common_msgs/msg/detail/audio_data__rosidl_typesupport_fastrtps_c.h
[1.664s] -- Up-to-date: /home/mariem/ros2_ws/install/audio_common_msgs/include/audio_common_msgs/audio_common_msgs/msg/detail/audio_info__rosidl_typesupport_fastrtps_c.h
[1.664s] -- Up-to-date: /home/mariem/ros2_ws/install/audio_common_msgs/include/audio_common_msgs/audio_common_msgs/msg/rosidl_typesupport_fastrtps_c__visibility_control.h
[1.664s] -- Up-to-date: /home/mariem/ros2_ws/install/audio_common_msgs/lib/libaudio_common_msgs__rosidl_typesupport_fastrtps_c.so
[1.664s] -- Up-to-date: /home/mariem/ros2_ws/install/audio_common_msgs/include/audio_common_msgs/audio_common_msgs
[1.664s] -- Up-to-date: /home/mariem/ros2_ws/install/audio_common_msgs/include/audio_common_msgs/audio_common_msgs/msg
[1.665s] -- Up-to-date: /home/mariem/ros2_ws/install/audio_common_msgs/include/audio_common_msgs/audio_common_msgs/msg/detail
[1.666s] -- Up-to-date: /home/mariem/ros2_ws/install/audio_common_msgs/include/audio_common_msgs/audio_common_msgs/msg/detail/audio_info__type_support.c
[1.666s] -- Up-to-date: /home/mariem/ros2_ws/install/audio_common_msgs/include/audio_common_msgs/audio_common_msgs/msg/detail/audio_data__rosidl_typesupport_introspection_c.h
[1.677s] -- Up-to-date: /home/mariem/ros2_ws/install/audio_common_msgs/include/audio_common_msgs/audio_common_msgs/msg/detail/audio_data__type_support.c
[1.677s] -- Up-to-date: /home/mariem/ros2_ws/install/audio_common_msgs/include/audio_common_msgs/audio_common_msgs/msg/detail/audio_info__rosidl_typesupport_introspection_c.h
[1.677s] -- Up-to-date: /home/mariem/ros2_ws/install/audio_common_msgs/include/audio_common_msgs/audio_common_msgs/msg/detail/audio_data_stamped__rosidl_typesupport_introspection_c.h
[1.678s] -- Up-to-date: /home/mariem/ros2_ws/install/audio_common_msgs/include/audio_common_msgs/audio_common_msgs/msg/detail/audio_data_stamped__type_support.c
[1.678s] -- Up-to-date: /home/mariem/ros2_ws/install/audio_common_msgs/include/audio_common_msgs/audio_common_msgs/msg/rosidl_typesupport_introspection_c__visibility_control.h
[1.679s] -- Up-to-date: /home/mariem/ros2_ws/install/audio_common_msgs/lib/libaudio_common_msgs__rosidl_typesupport_introspection_c.so
[1.679s] -- Up-to-date: /home/mariem/ros2_ws/install/audio_common_msgs/lib/libaudio_common_msgs__rosidl_typesupport_c.so
[1.679s] -- Up-to-date: /home/mariem/ros2_ws/install/audio_common_msgs/include/audio_common_msgs/audio_common_msgs
[1.681s] -- Up-to-date: /home/mariem/ros2_ws/install/audio_common_msgs/include/audio_common_msgs/audio_common_msgs/msg
[1.682s] -- Up-to-date: /home/mariem/ros2_ws/install/audio_common_msgs/include/audio_common_msgs/audio_common_msgs/msg/detail
[1.683s] -- Up-to-date: /home/mariem/ros2_ws/install/audio_common_msgs/include/audio_common_msgs/audio_common_msgs/msg/detail/audio_info__builder.hpp
[1.683s] -- Up-to-date: /home/mariem/ros2_ws/install/audio_common_msgs/include/audio_common_msgs/audio_common_msgs/msg/detail/audio_data__struct.hpp
[1.683s] -- Up-to-date: /home/mariem/ros2_ws/install/audio_common_msgs/include/audio_common_msgs/audio_common_msgs/msg/detail/audio_data__type_support.hpp
[1.683s] -- Up-to-date: /home/mariem/ros2_ws/install/audio_common_msgs/include/audio_common_msgs/audio_common_msgs/msg/detail/audio_data_stamped__traits.hpp
[1.683s] -- Up-to-date: /home/mariem/ros2_ws/install/audio_common_msgs/include/audio_common_msgs/audio_common_msgs/msg/detail/audio_info__type_support.hpp
[1.683s] -- Up-to-date: /home/mariem/ros2_ws/install/audio_common_msgs/include/audio_common_msgs/audio_common_msgs/msg/detail/audio_data_stamped__builder.hpp
[1.683s] -- Up-to-date: /home/mariem/ros2_ws/install/audio_common_msgs/include/audio_common_msgs/audio_common_msgs/msg/detail/audio_data__builder.hpp
[1.683s] -- Up-to-date: /home/mariem/ros2_ws/install/audio_common_msgs/include/audio_common_msgs/audio_common_msgs/msg/detail/audio_info__traits.hpp
[1.683s] -- Up-to-date: /home/mariem/ros2_ws/install/audio_common_msgs/include/audio_common_msgs/audio_common_msgs/msg/detail/audio_info__struct.hpp
[1.683s] -- Up-to-date: /home/mariem/ros2_ws/install/audio_common_msgs/include/audio_common_msgs/audio_common_msgs/msg/detail/audio_data_stamped__type_support.hpp
[1.684s] -- Up-to-date: /home/mariem/ros2_ws/install/audio_common_msgs/include/audio_common_msgs/audio_common_msgs/msg/detail/audio_data__traits.hpp
[1.684s] -- Up-to-date: /home/mariem/ros2_ws/install/audio_common_msgs/include/audio_common_msgs/audio_common_msgs/msg/detail/audio_data_stamped__struct.hpp
[1.684s] -- Up-to-date: /home/mariem/ros2_ws/install/audio_common_msgs/include/audio_common_msgs/audio_common_msgs/msg/audio_info.hpp
[1.684s] -- Up-to-date: /home/mariem/ros2_ws/install/audio_common_msgs/include/audio_common_msgs/audio_common_msgs/msg/audio_data.hpp
[1.685s] -- Up-to-date: /home/mariem/ros2_ws/install/audio_common_msgs/include/audio_common_msgs/audio_common_msgs/msg/audio_data_stamped.hpp
[1.685s] -- Up-to-date: /home/mariem/ros2_ws/install/audio_common_msgs/include/audio_common_msgs/audio_common_msgs/msg/rosidl_generator_cpp__visibility_control.hpp
[1.685s] -- Up-to-date: /home/mariem/ros2_ws/install/audio_common_msgs/include/audio_common_msgs/audio_common_msgs
[1.685s] -- Up-to-date: /home/mariem/ros2_ws/install/audio_common_msgs/include/audio_common_msgs/audio_common_msgs/msg
[1.686s] -- Up-to-date: /home/mariem/ros2_ws/install/audio_common_msgs/include/audio_common_msgs/audio_common_msgs/msg/detail
[1.687s] -- Up-to-date: /home/mariem/ros2_ws/install/audio_common_msgs/include/audio_common_msgs/audio_common_msgs/msg/detail/audio_data__rosidl_typesupport_fastrtps_cpp.hpp
[1.687s] -- Up-to-date: /home/mariem/ros2_ws/install/audio_common_msgs/include/audio_common_msgs/audio_common_msgs/msg/detail/audio_info__rosidl_typesupport_fastrtps_cpp.hpp
[1.687s] -- Up-to-date: /home/mariem/ros2_ws/install/audio_common_msgs/include/audio_common_msgs/audio_common_msgs/msg/detail/audio_data_stamped__rosidl_typesupport_fastrtps_cpp.hpp
[1.687s] -- Up-to-date: /home/mariem/ros2_ws/install/audio_common_msgs/include/audio_common_msgs/audio_common_msgs/msg/detail/dds_fastrtps
[1.689s] -- Up-to-date: /home/mariem/ros2_ws/install/audio_common_msgs/include/audio_common_msgs/audio_common_msgs/msg/rosidl_typesupport_fastrtps_cpp__visibility_control.h
[1.689s] -- Up-to-date: /home/mariem/ros2_ws/install/audio_common_msgs/lib/libaudio_common_msgs__rosidl_typesupport_fastrtps_cpp.so
[1.689s] -- Up-to-date: /home/mariem/ros2_ws/install/audio_common_msgs/include/audio_common_msgs/audio_common_msgs
[1.692s] -- Up-to-date: /home/mariem/ros2_ws/install/audio_common_msgs/include/audio_common_msgs/audio_common_msgs/msg
[1.693s] -- Up-to-date: /home/mariem/ros2_ws/install/audio_common_msgs/include/audio_common_msgs/audio_common_msgs/msg/detail
[1.695s] -- Up-to-date: /home/mariem/ros2_ws/install/audio_common_msgs/include/audio_common_msgs/audio_common_msgs/msg/detail/audio_info__type_support.cpp
[1.695s] -- Up-to-date: /home/mariem/ros2_ws/install/audio_common_msgs/include/audio_common_msgs/audio_common_msgs/msg/detail/audio_data__type_support.cpp
[1.695s] -- Up-to-date: /home/mariem/ros2_ws/install/audio_common_msgs/include/audio_common_msgs/audio_common_msgs/msg/detail/audio_info__rosidl_typesupport_introspection_cpp.hpp
[1.695s] -- Up-to-date: /home/mariem/ros2_ws/install/audio_common_msgs/include/audio_common_msgs/audio_common_msgs/msg/detail/audio_data_stamped__rosidl_typesupport_introspection_cpp.hpp
[1.695s] -- Up-to-date: /home/mariem/ros2_ws/install/audio_common_msgs/include/audio_common_msgs/audio_common_msgs/msg/detail/audio_data_stamped__type_support.cpp
[1.695s] -- Up-to-date: /home/mariem/ros2_ws/install/audio_common_msgs/include/audio_common_msgs/audio_common_msgs/msg/detail/audio_data__rosidl_typesupport_introspection_cpp.hpp
[1.695s] -- Up-to-date: /home/mariem/ros2_ws/install/audio_common_msgs/lib/libaudio_common_msgs__rosidl_typesupport_introspection_cpp.so
[1.695s] -- Up-to-date: /home/mariem/ros2_ws/install/audio_common_msgs/lib/libaudio_common_msgs__rosidl_typesupport_cpp.so
[1.695s] -- Up-to-date: /home/mariem/ros2_ws/install/audio_common_msgs/share/audio_common_msgs/environment/pythonpath.sh
[1.695s] -- Up-to-date: /home/mariem/ros2_ws/install/audio_common_msgs/share/audio_common_msgs/environment/pythonpath.dsv
[1.696s] -- Up-to-date: /home/mariem/ros2_ws/install/audio_common_msgs/local/lib/python3.10/dist-packages/audio_common_msgs-0.3.12-py3.10.egg-info
[1.696s] -- Installing: /home/mariem/ros2_ws/install/audio_common_msgs/local/lib/python3.10/dist-packages/audio_common_msgs-0.3.12-py3.10.egg-info/PKG-INFO
[1.696s] -- Installing: /home/mariem/ros2_ws/install/audio_common_msgs/local/lib/python3.10/dist-packages/audio_common_msgs-0.3.12-py3.10.egg-info/dependency_links.txt
[1.696s] -- Installing: /home/mariem/ros2_ws/install/audio_common_msgs/local/lib/python3.10/dist-packages/audio_common_msgs-0.3.12-py3.10.egg-info/top_level.txt
[1.696s] -- Installing: /home/mariem/ros2_ws/install/audio_common_msgs/local/lib/python3.10/dist-packages/audio_common_msgs-0.3.12-py3.10.egg-info/SOURCES.txt
[1.696s] -- Up-to-date: /home/mariem/ros2_ws/install/audio_common_msgs/local/lib/python3.10/dist-packages/audio_common_msgs
[1.696s] -- Up-to-date: /home/mariem/ros2_ws/install/audio_common_msgs/local/lib/python3.10/dist-packages/audio_common_msgs/__init__.py
[1.696s] -- Up-to-date: /home/mariem/ros2_ws/install/audio_common_msgs/local/lib/python3.10/dist-packages/audio_common_msgs/libaudio_common_msgs__rosidl_generator_py.so
[1.697s] -- Up-to-date: /home/mariem/ros2_ws/install/audio_common_msgs/local/lib/python3.10/dist-packages/audio_common_msgs/audio_common_msgs_s__rosidl_typesupport_fastrtps_c.cpython-310-x86_64-linux-gnu.so
[1.697s] -- Up-to-date: /home/mariem/ros2_ws/install/audio_common_msgs/local/lib/python3.10/dist-packages/audio_common_msgs/_audio_common_msgs_s.ep.rosidl_typesupport_introspection_c.c
[1.697s] -- Up-to-date: /home/mariem/ros2_ws/install/audio_common_msgs/local/lib/python3.10/dist-packages/audio_common_msgs/audio_common_msgs_s__rosidl_typesupport_c.cpython-310-x86_64-linux-gnu.so
[1.718s] -- Up-to-date: /home/mariem/ros2_ws/install/audio_common_msgs/local/lib/python3.10/dist-packages/audio_common_msgs/_audio_common_msgs_s.ep.rosidl_typesupport_c.c
[1.718s] -- Up-to-date: /home/mariem/ros2_ws/install/audio_common_msgs/local/lib/python3.10/dist-packages/audio_common_msgs/msg
[1.718s] -- Up-to-date: /home/mariem/ros2_ws/install/audio_common_msgs/local/lib/python3.10/dist-packages/audio_common_msgs/msg/__init__.py
[1.718s] -- Up-to-date: /home/mariem/ros2_ws/install/audio_common_msgs/local/lib/python3.10/dist-packages/audio_common_msgs/msg/_audio_data_stamped_s.c
[1.718s] -- Up-to-date: /home/mariem/ros2_ws/install/audio_common_msgs/local/lib/python3.10/dist-packages/audio_common_msgs/msg/_audio_info.py
[1.718s] -- Up-to-date: /home/mariem/ros2_ws/install/audio_common_msgs/local/lib/python3.10/dist-packages/audio_common_msgs/msg/_audio_info_s.c
[1.718s] -- Up-to-date: /home/mariem/ros2_ws/install/audio_common_msgs/local/lib/python3.10/dist-packages/audio_common_msgs/msg/_audio_data_s.c
[1.718s] -- Up-to-date: /home/mariem/ros2_ws/install/audio_common_msgs/local/lib/python3.10/dist-packages/audio_common_msgs/msg/_audio_data_stamped.py
[1.718s] -- Up-to-date: /home/mariem/ros2_ws/install/audio_common_msgs/local/lib/python3.10/dist-packages/audio_common_msgs/msg/_audio_data.py
[1.718s] -- Up-to-date: /home/mariem/ros2_ws/install/audio_common_msgs/local/lib/python3.10/dist-packages/audio_common_msgs/_audio_common_msgs_s.ep.rosidl_typesupport_fastrtps_c.c
[1.718s] -- Up-to-date: /home/mariem/ros2_ws/install/audio_common_msgs/local/lib/python3.10/dist-packages/audio_common_msgs/audio_common_msgs_s__rosidl_typesupport_introspection_c.cpython-310-x86_64-linux-gnu.so
[1.751s] Listing '/home/mariem/ros2_ws/install/audio_common_msgs/local/lib/python3.10/dist-packages/audio_common_msgs'...
[1.751s] Listing '/home/mariem/ros2_ws/install/audio_common_msgs/local/lib/python3.10/dist-packages/audio_common_msgs/msg'...
[1.757s] -- Up-to-date: /home/mariem/ros2_ws/install/audio_common_msgs/local/lib/python3.10/dist-packages/audio_common_msgs/audio_common_msgs_s__rosidl_typesupport_fastrtps_c.cpython-310-x86_64-linux-gnu.so
[1.761s] -- Up-to-date: /home/mariem/ros2_ws/install/audio_common_msgs/local/lib/python3.10/dist-packages/audio_common_msgs/audio_common_msgs_s__rosidl_typesupport_introspection_c.cpython-310-x86_64-linux-gnu.so
[1.763s] -- Up-to-date: /home/mariem/ros2_ws/install/audio_common_msgs/local/lib/python3.10/dist-packages/audio_common_msgs/audio_common_msgs_s__rosidl_typesupport_c.cpython-310-x86_64-linux-gnu.so
[1.764s] -- Up-to-date: /home/mariem/ros2_ws/install/audio_common_msgs/lib/libaudio_common_msgs__rosidl_generator_py.so
[1.764s] -- Up-to-date: /home/mariem/ros2_ws/install/audio_common_msgs/share/audio_common_msgs/msg/AudioData.idl
[1.764s] -- Up-to-date: /home/mariem/ros2_ws/install/audio_common_msgs/share/audio_common_msgs/msg/AudioDataStamped.idl
[1.764s] -- Up-to-date: /home/mariem/ros2_ws/install/audio_common_msgs/share/audio_common_msgs/msg/AudioInfo.idl
[1.764s] -- Up-to-date: /home/mariem/ros2_ws/install/audio_common_msgs/share/audio_common_msgs/msg/AudioData.msg
[1.764s] -- Up-to-date: /home/mariem/ros2_ws/install/audio_common_msgs/share/audio_common_msgs/msg/AudioDataStamped.msg
[1.764s] -- Up-to-date: /home/mariem/ros2_ws/install/audio_common_msgs/share/audio_common_msgs/msg/AudioInfo.msg
[1.764s] -- Up-to-date: /home/mariem/ros2_ws/install/audio_common_msgs/share/ament_index/resource_index/package_run_dependencies/audio_common_msgs
[1.764s] -- Up-to-date: /home/mariem/ros2_ws/install/audio_common_msgs/share/ament_index/resource_index/parent_prefix_path/audio_common_msgs
[1.765s] -- Up-to-date: /home/mariem/ros2_ws/install/audio_common_msgs/share/audio_common_msgs/environment/ament_prefix_path.sh
[1.765s] -- Up-to-date: /home/mariem/ros2_ws/install/audio_common_msgs/share/audio_common_msgs/environment/ament_prefix_path.dsv
[1.765s] -- Up-to-date: /home/mariem/ros2_ws/install/audio_common_msgs/share/audio_common_msgs/environment/path.sh
[1.765s] -- Up-to-date: /home/mariem/ros2_ws/install/audio_common_msgs/share/audio_common_msgs/environment/path.dsv
[1.765s] -- Up-to-date: /home/mariem/ros2_ws/install/audio_common_msgs/share/audio_common_msgs/local_setup.bash
[1.765s] -- Up-to-date: /home/mariem/ros2_ws/install/audio_common_msgs/share/audio_common_msgs/local_setup.sh
[1.765s] -- Up-to-date: /home/mariem/ros2_ws/install/audio_common_msgs/share/audio_common_msgs/local_setup.zsh
[1.765s] -- Up-to-date: /home/mariem/ros2_ws/install/audio_common_msgs/share/audio_common_msgs/local_setup.dsv
[1.765s] -- Installing: /home/mariem/ros2_ws/install/audio_common_msgs/share/audio_common_msgs/package.dsv
[1.766s] -- Up-to-date: /home/mariem/ros2_ws/install/audio_common_msgs/share/ament_index/resource_index/packages/audio_common_msgs
[1.767s] -- Up-to-date: /home/mariem/ros2_ws/install/audio_common_msgs/share/audio_common_msgs/cmake/export_audio_common_msgs__rosidl_generator_cExport.cmake
[1.767s] -- Up-to-date: /home/mariem/ros2_ws/install/audio_common_msgs/share/audio_common_msgs/cmake/export_audio_common_msgs__rosidl_generator_cExport-noconfig.cmake
[1.768s] -- Up-to-date: /home/mariem/ros2_ws/install/audio_common_msgs/share/audio_common_msgs/cmake/export_audio_common_msgs__rosidl_typesupport_fastrtps_cExport.cmake
[1.768s] -- Up-to-date: /home/mariem/ros2_ws/install/audio_common_msgs/share/audio_common_msgs/cmake/export_audio_common_msgs__rosidl_typesupport_fastrtps_cExport-noconfig.cmake
[1.769s] -- Up-to-date: /home/mariem/ros2_ws/install/audio_common_msgs/share/audio_common_msgs/cmake/audio_common_msgs__rosidl_typesupport_introspection_cExport.cmake
[1.769s] -- Up-to-date: /home/mariem/ros2_ws/install/audio_common_msgs/share/audio_common_msgs/cmake/audio_common_msgs__rosidl_typesupport_introspection_cExport-noconfig.cmake
[1.770s] -- Up-to-date: /home/mariem/ros2_ws/install/audio_common_msgs/share/audio_common_msgs/cmake/audio_common_msgs__rosidl_typesupport_cExport.cmake
[1.770s] -- Up-to-date: /home/mariem/ros2_ws/install/audio_common_msgs/share/audio_common_msgs/cmake/audio_common_msgs__rosidl_typesupport_cExport-noconfig.cmake
[1.771s] -- Up-to-date: /home/mariem/ros2_ws/install/audio_common_msgs/share/audio_common_msgs/cmake/export_audio_common_msgs__rosidl_generator_cppExport.cmake
[1.771s] -- Up-to-date: /home/mariem/ros2_ws/install/audio_common_msgs/share/audio_common_msgs/cmake/export_audio_common_msgs__rosidl_typesupport_fastrtps_cppExport.cmake
[1.771s] -- Up-to-date: /home/mariem/ros2_ws/install/audio_common_msgs/share/audio_common_msgs/cmake/export_audio_common_msgs__rosidl_typesupport_fastrtps_cppExport-noconfig.cmake
[1.772s] -- Up-to-date: /home/mariem/ros2_ws/install/audio_common_msgs/share/audio_common_msgs/cmake/audio_common_msgs__rosidl_typesupport_introspection_cppExport.cmake
[1.772s] -- Up-to-date: /home/mariem/ros2_ws/install/audio_common_msgs/share/audio_common_msgs/cmake/audio_common_msgs__rosidl_typesupport_introspection_cppExport-noconfig.cmake
[1.773s] -- Up-to-date: /home/mariem/ros2_ws/install/audio_common_msgs/share/audio_common_msgs/cmake/audio_common_msgs__rosidl_typesupport_cppExport.cmake
[1.774s] -- Up-to-date: /home/mariem/ros2_ws/install/audio_common_msgs/share/audio_common_msgs/cmake/audio_common_msgs__rosidl_typesupport_cppExport-noconfig.cmake
[1.774s] -- Up-to-date: /home/mariem/ros2_ws/install/audio_common_msgs/share/audio_common_msgs/cmake/export_audio_common_msgs__rosidl_generator_pyExport.cmake
[1.775s] -- Up-to-date: /home/mariem/ros2_ws/install/audio_common_msgs/share/audio_common_msgs/cmake/export_audio_common_msgs__rosidl_generator_pyExport-noconfig.cmake
[1.775s] -- Up-to-date: /home/mariem/ros2_ws/install/audio_common_msgs/share/audio_common_msgs/cmake/rosidl_cmake-extras.cmake
[1.775s] -- Up-to-date: /home/mariem/ros2_ws/install/audio_common_msgs/share/audio_common_msgs/cmake/ament_cmake_export_dependencies-extras.cmake
[1.775s] -- Up-to-date: /home/mariem/ros2_ws/install/audio_common_msgs/share/audio_common_msgs/cmake/ament_cmake_export_include_directories-extras.cmake
[1.775s] -- Up-to-date: /home/mariem/ros2_ws/install/audio_common_msgs/share/audio_common_msgs/cmake/ament_cmake_export_libraries-extras.cmake
[1.775s] -- Up-to-date: /home/mariem/ros2_ws/install/audio_common_msgs/share/audio_common_msgs/cmake/ament_cmake_export_targets-extras.cmake
[1.775s] -- Up-to-date: /home/mariem/ros2_ws/install/audio_common_msgs/share/audio_common_msgs/cmake/rosidl_cmake_export_typesupport_targets-extras.cmake
[1.775s] -- Up-to-date: /home/mariem/ros2_ws/install/audio_common_msgs/share/audio_common_msgs/cmake/rosidl_cmake_export_typesupport_libraries-extras.cmake
[1.776s] -- Up-to-date: /home/mariem/ros2_ws/install/audio_common_msgs/share/audio_common_msgs/cmake/audio_common_msgsConfig.cmake
[1.777s] -- Up-to-date: /home/mariem/ros2_ws/install/audio_common_msgs/share/audio_common_msgs/cmake/audio_common_msgsConfig-version.cmake
[1.778s] -- Up-to-date: /home/mariem/ros2_ws/install/audio_common_msgs/share/audio_common_msgs/package.xml
[1.784s] Invoked command in '/home/mariem/ros2_ws/build/audio_common_msgs' returned '0': CMAKE_PREFIX_PATH=${CMAKE_PREFIX_PATH}:/opt/ros/humble /usr/bin/cmake --install /home/mariem/ros2_ws/build/audio_common_msgs
