[35m[1mConsolidate compiler generated dependencies of target audio_play[0m
[ 50%] Built target audio_play
[35m[1mConsolidate compiler generated dependencies of target audio_play_node[0m
[100%] Built target audio_play_node
-- Install configuration: ""
-- Up-to-date: /home/mariem/ros2_ws/install/audio_play/lib/audio_play/audio_play_node
-- Up-to-date: /home/mariem/ros2_ws/install/audio_play/bin/audio_play_node
-- Up-to-date: /home/mariem/ros2_ws/install/audio_play/lib/libaudio_play.so
-- Up-to-date: /home/mariem/ros2_ws/install/audio_play/share/audio_play/launch
-- Up-to-date: /home/mariem/ros2_ws/install/audio_play/share/audio_play/launch/play.launch.py
-- Up-to-date: /home/mariem/ros2_ws/install/audio_play/share/audio_play/launch/play.launch.xml
-- Up-to-date: /home/mariem/ros2_ws/install/audio_play/share/audio_play/environment/library_path.sh
-- Up-to-date: /home/mariem/ros2_ws/install/audio_play/share/audio_play/environment/library_path.dsv
-- Up-to-date: /home/mariem/ros2_ws/install/audio_play/share/ament_index/resource_index/package_run_dependencies/audio_play
-- Up-to-date: /home/mariem/ros2_ws/install/audio_play/share/ament_index/resource_index/parent_prefix_path/audio_play
-- Up-to-date: /home/mariem/ros2_ws/install/audio_play/share/audio_play/environment/ament_prefix_path.sh
-- Up-to-date: /home/mariem/ros2_ws/install/audio_play/share/audio_play/environment/ament_prefix_path.dsv
-- Up-to-date: /home/mariem/ros2_ws/install/audio_play/share/audio_play/environment/path.sh
-- Up-to-date: /home/mariem/ros2_ws/install/audio_play/share/audio_play/environment/path.dsv
-- Up-to-date: /home/mariem/ros2_ws/install/audio_play/share/audio_play/local_setup.bash
-- Up-to-date: /home/mariem/ros2_ws/install/audio_play/share/audio_play/local_setup.sh
-- Up-to-date: /home/mariem/ros2_ws/install/audio_play/share/audio_play/local_setup.zsh
-- Up-to-date: /home/mariem/ros2_ws/install/audio_play/share/audio_play/local_setup.dsv
-- Installing: /home/mariem/ros2_ws/install/audio_play/share/audio_play/package.dsv
-- Up-to-date: /home/mariem/ros2_ws/install/audio_play/share/ament_index/resource_index/packages/audio_play
-- Up-to-date: /home/mariem/ros2_ws/install/audio_play/share/ament_index/resource_index/rclcpp_components/audio_play
-- Up-to-date: /home/mariem/ros2_ws/install/audio_play/share/audio_play/cmake/ament_cmake_export_libraries-extras.cmake
-- Up-to-date: /home/mariem/ros2_ws/install/audio_play/share/audio_play/cmake/audio_playConfig.cmake
-- Up-to-date: /home/mariem/ros2_ws/install/audio_play/share/audio_play/cmake/audio_playConfig-version.cmake
-- Up-to-date: /home/mariem/ros2_ws/install/audio_play/share/audio_play/package.xml
