[0.024s] Invoking command in '/home/mariem/ros2_ws/build/audio_play': AMENT_PREFIX_PATH=/home/mariem/ros2_ws/install/audio_common_msgs:${AMENT_PREFIX_PATH} CMAKE_PREFIX_PATH=/home/mariem/ros2_ws/install/audio_common_msgs:/home/mariem/ros2_audio_ws/install/audio_common_msgs:/opt/ros/humble LD_LIBRARY_PATH=/home/mariem/ros2_ws/install/audio_common_msgs/lib:${LD_LIBRARY_PATH} PYTHONPATH=/home/mariem/ros2_ws/install/audio_common_msgs/local/lib/python3.10/dist-packages:${PYTHONPATH} /usr/bin/cmake --build /home/mariem/ros2_ws/build/audio_play -- -j1 -l1
[0.102s] [35m[1mConsolidate compiler generated dependencies of target audio_play[0m
[0.129s] [ 50%] Built target audio_play
[0.145s] [35m[1mConsolidate compiler generated dependencies of target audio_play_node[0m
[0.162s] [100%] Built target audio_play_node
[0.175s] Invoked command in '/home/mariem/ros2_ws/build/audio_play' returned '0': AMENT_PREFIX_PATH=/home/mariem/ros2_ws/install/audio_common_msgs:${AMENT_PREFIX_PATH} CMAKE_PREFIX_PATH=/home/mariem/ros2_ws/install/audio_common_msgs:/home/mariem/ros2_audio_ws/install/audio_common_msgs:/opt/ros/humble LD_LIBRARY_PATH=/home/mariem/ros2_ws/install/audio_common_msgs/lib:${LD_LIBRARY_PATH} PYTHONPATH=/home/mariem/ros2_ws/install/audio_common_msgs/local/lib/python3.10/dist-packages:${PYTHONPATH} /usr/bin/cmake --build /home/mariem/ros2_ws/build/audio_play -- -j1 -l1
[0.176s] Invoking command in '/home/mariem/ros2_ws/build/audio_play': AMENT_PREFIX_PATH=/home/mariem/ros2_ws/install/audio_common_msgs:${AMENT_PREFIX_PATH} CMAKE_PREFIX_PATH=/home/mariem/ros2_ws/install/audio_common_msgs:/home/mariem/ros2_audio_ws/install/audio_common_msgs:/opt/ros/humble LD_LIBRARY_PATH=/home/mariem/ros2_ws/install/audio_common_msgs/lib:${LD_LIBRARY_PATH} PYTHONPATH=/home/mariem/ros2_ws/install/audio_common_msgs/local/lib/python3.10/dist-packages:${PYTHONPATH} /usr/bin/cmake --install /home/mariem/ros2_ws/build/audio_play
[0.200s] -- Install configuration: ""
[0.212s] -- Up-to-date: /home/mariem/ros2_ws/install/audio_play/lib/audio_play/audio_play_node
[0.212s] -- Up-to-date: /home/mariem/ros2_ws/install/audio_play/bin/audio_play_node
[0.212s] -- Up-to-date: /home/mariem/ros2_ws/install/audio_play/lib/libaudio_play.so
[0.212s] -- Up-to-date: /home/mariem/ros2_ws/install/audio_play/share/audio_play/launch
[0.212s] -- Up-to-date: /home/mariem/ros2_ws/install/audio_play/share/audio_play/launch/play.launch.py
[0.212s] -- Up-to-date: /home/mariem/ros2_ws/install/audio_play/share/audio_play/launch/play.launch.xml
[0.212s] -- Up-to-date: /home/mariem/ros2_ws/install/audio_play/share/audio_play/environment/library_path.sh
[0.212s] -- Up-to-date: /home/mariem/ros2_ws/install/audio_play/share/audio_play/environment/library_path.dsv
[0.212s] -- Up-to-date: /home/mariem/ros2_ws/install/audio_play/share/ament_index/resource_index/package_run_dependencies/audio_play
[0.212s] -- Up-to-date: /home/mariem/ros2_ws/install/audio_play/share/ament_index/resource_index/parent_prefix_path/audio_play
[0.212s] -- Up-to-date: /home/mariem/ros2_ws/install/audio_play/share/audio_play/environment/ament_prefix_path.sh
[0.213s] -- Up-to-date: /home/mariem/ros2_ws/install/audio_play/share/audio_play/environment/ament_prefix_path.dsv
[0.213s] -- Up-to-date: /home/mariem/ros2_ws/install/audio_play/share/audio_play/environment/path.sh
[0.213s] -- Up-to-date: /home/mariem/ros2_ws/install/audio_play/share/audio_play/environment/path.dsv
[0.213s] -- Up-to-date: /home/mariem/ros2_ws/install/audio_play/share/audio_play/local_setup.bash
[0.213s] -- Up-to-date: /home/mariem/ros2_ws/install/audio_play/share/audio_play/local_setup.sh
[0.213s] -- Up-to-date: /home/mariem/ros2_ws/install/audio_play/share/audio_play/local_setup.zsh
[0.213s] -- Up-to-date: /home/mariem/ros2_ws/install/audio_play/share/audio_play/local_setup.dsv
[0.213s] -- Installing: /home/mariem/ros2_ws/install/audio_play/share/audio_play/package.dsv
[0.214s] -- Up-to-date: /home/mariem/ros2_ws/install/audio_play/share/ament_index/resource_index/packages/audio_play
[0.214s] -- Up-to-date: /home/mariem/ros2_ws/install/audio_play/share/ament_index/resource_index/rclcpp_components/audio_play
[0.214s] -- Up-to-date: /home/mariem/ros2_ws/install/audio_play/share/audio_play/cmake/ament_cmake_export_libraries-extras.cmake
[0.214s] -- Up-to-date: /home/mariem/ros2_ws/install/audio_play/share/audio_play/cmake/audio_playConfig.cmake
[0.214s] -- Up-to-date: /home/mariem/ros2_ws/install/audio_play/share/audio_play/cmake/audio_playConfig-version.cmake
[0.214s] -- Up-to-date: /home/mariem/ros2_ws/install/audio_play/share/audio_play/package.xml
[0.219s] Invoked command in '/home/mariem/ros2_ws/build/audio_play' returned '0': AMENT_PREFIX_PATH=/home/mariem/ros2_ws/install/audio_common_msgs:${AMENT_PREFIX_PATH} CMAKE_PREFIX_PATH=/home/mariem/ros2_ws/install/audio_common_msgs:/home/mariem/ros2_audio_ws/install/audio_common_msgs:/opt/ros/humble LD_LIBRARY_PATH=/home/mariem/ros2_ws/install/audio_common_msgs/lib:${LD_LIBRARY_PATH} PYTHONPATH=/home/mariem/ros2_ws/install/audio_common_msgs/local/lib/python3.10/dist-packages:${PYTHONPATH} /usr/bin/cmake --install /home/mariem/ros2_ws/build/audio_play
