[0.504s] Invoking command in '/home/mariem/ros2_ws/src/audio_streamer': PYTHONPATH=/home/mariem/ros2_ws/build/audio_streamer/prefix_override:/usr/lib/python3/dist-packages/colcon_core/task/python/colcon_distutils_commands:/home/mariem/ros2_ws/install/audio_streamer/lib/python3.10/site-packages:${PYTHONPATH} /usr/bin/python3 -W ignore:setup.py install is deprecated -W ignore:easy_install command is deprecated setup.py egg_info --egg-base ../../build/audio_streamer build --build-base /home/mariem/ros2_ws/build/audio_streamer/build install --record /home/mariem/ros2_ws/build/audio_streamer/install.log --single-version-externally-managed install_data
[0.690s] running egg_info
[0.699s] writing ../../build/audio_streamer/audio_streamer.egg-info/PKG-INFO
[0.701s] writing dependency_links to ../../build/audio_streamer/audio_streamer.egg-info/dependency_links.txt
[0.701s] writing entry points to ../../build/audio_streamer/audio_streamer.egg-info/entry_points.txt
[0.702s] writing requirements to ../../build/audio_streamer/audio_streamer.egg-info/requires.txt
[0.703s] writing top-level names to ../../build/audio_streamer/audio_streamer.egg-info/top_level.txt
[0.720s] reading manifest file '../../build/audio_streamer/audio_streamer.egg-info/SOURCES.txt'
[0.721s] writing manifest file '../../build/audio_streamer/audio_streamer.egg-info/SOURCES.txt'
[0.723s] running build
[0.723s] running build_py
[0.723s] copying audio_streamer/__init__.py -> /home/mariem/ros2_ws/build/audio_streamer/build/lib/audio_streamer
[0.723s] copying audio_streamer/audio_subscriber.py -> /home/mariem/ros2_ws/build/audio_streamer/build/lib/audio_streamer
[0.724s] copying audio_streamer/audio_publisher.py -> /home/mariem/ros2_ws/build/audio_streamer/build/lib/audio_streamer
[0.724s] running install
[0.728s] running install_lib
[0.737s] running install_data
[0.737s] copying resource/audio_streamer -> /home/mariem/ros2_ws/install/audio_streamer/share/ament_index/resource_index/packages
[0.737s] copying package.xml -> /home/mariem/ros2_ws/install/audio_streamer/share/audio_streamer
[0.737s] running install_egg_info
[0.747s] removing '/home/mariem/ros2_ws/install/audio_streamer/lib/python3.10/site-packages/audio_streamer-0.0.0-py3.10.egg-info' (and everything under it)
[0.748s] Copying ../../build/audio_streamer/audio_streamer.egg-info to /home/mariem/ros2_ws/install/audio_streamer/lib/python3.10/site-packages/audio_streamer-0.0.0-py3.10.egg-info
[0.748s] running install_scripts
[0.772s] Installing audio_pub script to /home/mariem/ros2_ws/install/audio_streamer/lib/audio_streamer
[0.775s] Installing audio_sub script to /home/mariem/ros2_ws/install/audio_streamer/lib/audio_streamer
[0.776s] writing list of installed files to '/home/mariem/ros2_ws/build/audio_streamer/install.log'
[0.797s] Invoked command in '/home/mariem/ros2_ws/src/audio_streamer' returned '0': PYTHONPATH=/home/mariem/ros2_ws/build/audio_streamer/prefix_override:/usr/lib/python3/dist-packages/colcon_core/task/python/colcon_distutils_commands:/home/mariem/ros2_ws/install/audio_streamer/lib/python3.10/site-packages:${PYTHONPATH} /usr/bin/python3 -W ignore:setup.py install is deprecated -W ignore:easy_install command is deprecated setup.py egg_info --egg-base ../../build/audio_streamer build --build-base /home/mariem/ros2_ws/build/audio_streamer/build install --record /home/mariem/ros2_ws/build/audio_streamer/install.log --single-version-externally-managed install_data
