[0.043s] Invoking command in '/home/mariem/ros2_ws/build/audio_play': AMENT_PREFIX_PATH=/home/mariem/ros2_ws/install/audio_common_msgs:${AMENT_PREFIX_PATH} CMAKE_PREFIX_PATH=/home/mariem/ros2_ws/install/audio_common_msgs:/home/mariem/ros2_audio_ws/install/audio_common_msgs:/opt/ros/humble LD_LIBRARY_PATH=/home/mariem/ros2_ws/install/audio_common_msgs/lib:${LD_LIBRARY_PATH} PYTHONPATH=/home/mariem/ros2_ws/install/audio_common_msgs/local/lib/python3.10/dist-packages:${PYTHONPATH} /usr/bin/cmake /home/mariem/ros2_ws/src/audio_common/audio_play -DCMAKE_INSTALL_PREFIX=/home/mariem/ros2_ws/install/audio_play
[0.176s] -- The C compiler identification is GNU 11.4.0
[0.250s] -- The CXX compiler identification is GNU 11.4.0
[0.273s] -- Detecting C compiler ABI info
[0.357s] -- Detecting C compiler ABI info - done
[0.363s] -- Check for working C compiler: /usr/bin/cc - skipped
[0.366s] -- Detecting C compile features
[0.368s] -- Detecting C compile features - done
[0.372s] -- Detecting CXX compiler ABI info
[0.459s] -- Detecting CXX compiler ABI info - done
[0.460s] -- Check for working CXX compiler: /usr/bin/c++ - skipped
[0.460s] -- Detecting CXX compile features
[0.461s] -- Detecting CXX compile features - done
[0.478s] -- Found ament_cmake: 1.3.12 (/opt/ros/humble/share/ament_cmake/cmake)
[1.045s] -- Found Python3: /usr/bin/python3 (found version "3.10.12") found components: Interpreter 
[1.201s] -- Found rclcpp: 16.0.15 (/opt/ros/humble/share/rclcpp/cmake)
[1.357s] -- Found rosidl_generator_c: 3.1.7 (/opt/ros/humble/share/rosidl_generator_c/cmake)
[1.366s] -- Found rosidl_adapter: 3.1.7 (/opt/ros/humble/share/rosidl_adapter/cmake)
[1.398s] -- Found rosidl_generator_cpp: 3.1.7 (/opt/ros/humble/share/rosidl_generator_cpp/cmake)
[1.439s] -- Using all available rosidl_typesupport_c: rosidl_typesupport_fastrtps_c;rosidl_typesupport_introspection_c
[1.470s] -- Using all available rosidl_typesupport_cpp: rosidl_typesupport_fastrtps_cpp;rosidl_typesupport_introspection_cpp
[1.560s] -- Found rmw_implementation_cmake: 6.1.2 (/opt/ros/humble/share/rmw_implementation_cmake/cmake)
[1.566s] -- Found rmw_fastrtps_cpp: 6.2.8 (/opt/ros/humble/share/rmw_fastrtps_cpp/cmake)
[1.701s] -- Found OpenSSL: /usr/lib/x86_64-linux-gnu/libcrypto.so (found version "3.0.2")  
[1.724s] -- Found FastRTPS: /opt/ros/humble/include  
[1.762s] -- Using RMW implementation 'rmw_fastrtps_cpp' as default
[1.783s] -- Looking for pthread.h
[1.862s] -- Looking for pthread.h - found
[1.863s] -- Performing Test CMAKE_HAVE_LIBC_PTHREAD
[1.954s] -- Performing Test CMAKE_HAVE_LIBC_PTHREAD - Success
[1.954s] -- Found Threads: TRUE  
[2.063s] -- Found rclcpp_components: 16.0.15 (/opt/ros/humble/share/rclcpp_components/cmake)
[2.110s] -- Found audio_common_msgs: 0.3.12 (/home/mariem/ros2_ws/install/audio_common_msgs/share/audio_common_msgs/cmake)
[2.144s] -- Found PkgConfig: /usr/bin/pkg-config (found version "0.29.2") 
[2.144s] -- Checking for module 'gstreamer-1.0'
[2.168s] --   Found gstreamer-1.0, version 1.20.3
[2.230s] -- Found Boost: /usr/lib/x86_64-linux-gnu/cmake/Boost-1.74.0/BoostConfig.cmake (found version "1.74.0") found components: thread 
[2.328s] -- Configuring done
[2.335s] -- Generating done
[2.349s] -- Build files have been written to: /home/mariem/ros2_ws/build/audio_play
[2.358s] Invoked command in '/home/mariem/ros2_ws/build/audio_play' returned '0': AMENT_PREFIX_PATH=/home/mariem/ros2_ws/install/audio_common_msgs:${AMENT_PREFIX_PATH} CMAKE_PREFIX_PATH=/home/mariem/ros2_ws/install/audio_common_msgs:/home/mariem/ros2_audio_ws/install/audio_common_msgs:/opt/ros/humble LD_LIBRARY_PATH=/home/mariem/ros2_ws/install/audio_common_msgs/lib:${LD_LIBRARY_PATH} PYTHONPATH=/home/mariem/ros2_ws/install/audio_common_msgs/local/lib/python3.10/dist-packages:${PYTHONPATH} /usr/bin/cmake /home/mariem/ros2_ws/src/audio_common/audio_play -DCMAKE_INSTALL_PREFIX=/home/mariem/ros2_ws/install/audio_play
[2.362s] Invoking command in '/home/mariem/ros2_ws/build/audio_play': AMENT_PREFIX_PATH=/home/mariem/ros2_ws/install/audio_common_msgs:${AMENT_PREFIX_PATH} CMAKE_PREFIX_PATH=/home/mariem/ros2_ws/install/audio_common_msgs:/home/mariem/ros2_audio_ws/install/audio_common_msgs:/opt/ros/humble LD_LIBRARY_PATH=/home/mariem/ros2_ws/install/audio_common_msgs/lib:${LD_LIBRARY_PATH} PYTHONPATH=/home/mariem/ros2_ws/install/audio_common_msgs/local/lib/python3.10/dist-packages:${PYTHONPATH} /usr/bin/cmake --build /home/mariem/ros2_ws/build/audio_play -- -j1 -l1
[2.424s] [ 25%] [32mBuilding CXX object CMakeFiles/audio_play.dir/src/audio_play_node.cpp.o[0m
[6.507s] [01m[K/home/mariem/ros2_ws/src/audio_common/audio_play/src/audio_play_node.cpp:[m[K In static member function ‘[01m[Kstatic void audio_play::AudioPlayNode::cb_newpad(GstElement*, GstPad*, gpointer)[m[K’:
[6.507s] [01m[K/home/mariem/ros2_ws/src/audio_common/audio_play/src/audio_play_node.cpp:158:41:[m[K [01;35m[Kwarning: [m[Kunused parameter ‘[01m[Kdecodebin[m[K’ [[01;35m[K]8;;https://gcc.gnu.org/onlinedocs/gcc/Warning-Options.html#index-Wunused-parameter-Wunused-parameter]8;;[m[K]
[6.507s]   158 |      static void cb_newpad ([01;35m[KGstElement *decodebin[m[K, GstPad *pad,
[6.507s]       |                             [01;35m[K~~~~~~~~~~~~^~~~~~~~~[m[K
[13.100s] [ 50%] [32m[1mLinking CXX shared library libaudio_play.so[0m
[13.551s] [ 50%] Built target audio_play
[13.578s] [ 75%] [32mBuilding CXX object CMakeFiles/audio_play_node.dir/rclcpp_components/node_main_audio_play_node.cpp.o[0m
[16.260s] [100%] [32m[1mLinking CXX executable audio_play_node[0m
[16.399s] [100%] Built target audio_play_node
[16.408s] Invoked command in '/home/mariem/ros2_ws/build/audio_play' returned '0': AMENT_PREFIX_PATH=/home/mariem/ros2_ws/install/audio_common_msgs:${AMENT_PREFIX_PATH} CMAKE_PREFIX_PATH=/home/mariem/ros2_ws/install/audio_common_msgs:/home/mariem/ros2_audio_ws/install/audio_common_msgs:/opt/ros/humble LD_LIBRARY_PATH=/home/mariem/ros2_ws/install/audio_common_msgs/lib:${LD_LIBRARY_PATH} PYTHONPATH=/home/mariem/ros2_ws/install/audio_common_msgs/local/lib/python3.10/dist-packages:${PYTHONPATH} /usr/bin/cmake --build /home/mariem/ros2_ws/build/audio_play -- -j1 -l1
[16.408s] Invoking command in '/home/mariem/ros2_ws/build/audio_play': AMENT_PREFIX_PATH=/home/mariem/ros2_ws/install/audio_common_msgs:${AMENT_PREFIX_PATH} CMAKE_PREFIX_PATH=/home/mariem/ros2_ws/install/audio_common_msgs:/home/mariem/ros2_audio_ws/install/audio_common_msgs:/opt/ros/humble LD_LIBRARY_PATH=/home/mariem/ros2_ws/install/audio_common_msgs/lib:${LD_LIBRARY_PATH} PYTHONPATH=/home/mariem/ros2_ws/install/audio_common_msgs/local/lib/python3.10/dist-packages:${PYTHONPATH} /usr/bin/cmake --install /home/mariem/ros2_ws/build/audio_play
[16.417s] -- Install configuration: ""
[16.418s] -- Installing: /home/mariem/ros2_ws/install/audio_play/lib/audio_play/audio_play_node
[16.418s] -- Set runtime path of "/home/mariem/ros2_ws/install/audio_play/lib/audio_play/audio_play_node" to ""
[16.418s] -- Installing: /home/mariem/ros2_ws/install/audio_play/bin/audio_play_node
[16.418s] -- Set runtime path of "/home/mariem/ros2_ws/install/audio_play/bin/audio_play_node" to ""
[16.419s] -- Installing: /home/mariem/ros2_ws/install/audio_play/lib/libaudio_play.so
[16.422s] -- Set runtime path of "/home/mariem/ros2_ws/install/audio_play/lib/libaudio_play.so" to ""
[16.423s] -- Installing: /home/mariem/ros2_ws/install/audio_play/share/audio_play/launch
[16.424s] -- Installing: /home/mariem/ros2_ws/install/audio_play/share/audio_play/launch/play.launch.py
[16.425s] -- Installing: /home/mariem/ros2_ws/install/audio_play/share/audio_play/launch/play.launch.xml
[16.426s] -- Installing: /home/mariem/ros2_ws/install/audio_play/share/audio_play/environment/library_path.sh
[16.426s] -- Installing: /home/mariem/ros2_ws/install/audio_play/share/audio_play/environment/library_path.dsv
[16.427s] -- Installing: /home/mariem/ros2_ws/install/audio_play/share/ament_index/resource_index/package_run_dependencies/audio_play
[16.427s] -- Installing: /home/mariem/ros2_ws/install/audio_play/share/ament_index/resource_index/parent_prefix_path/audio_play
[16.427s] -- Installing: /home/mariem/ros2_ws/install/audio_play/share/audio_play/environment/ament_prefix_path.sh
[16.427s] -- Installing: /home/mariem/ros2_ws/install/audio_play/share/audio_play/environment/ament_prefix_path.dsv
[16.427s] -- Installing: /home/mariem/ros2_ws/install/audio_play/share/audio_play/environment/path.sh
[16.427s] -- Installing: /home/mariem/ros2_ws/install/audio_play/share/audio_play/environment/path.dsv
[16.427s] -- Installing: /home/mariem/ros2_ws/install/audio_play/share/audio_play/local_setup.bash
[16.428s] -- Installing: /home/mariem/ros2_ws/install/audio_play/share/audio_play/local_setup.sh
[16.428s] -- Installing: /home/mariem/ros2_ws/install/audio_play/share/audio_play/local_setup.zsh
[16.428s] -- Installing: /home/mariem/ros2_ws/install/audio_play/share/audio_play/local_setup.dsv
[16.428s] -- Installing: /home/mariem/ros2_ws/install/audio_play/share/audio_play/package.dsv
[16.428s] -- Installing: /home/mariem/ros2_ws/install/audio_play/share/ament_index/resource_index/packages/audio_play
[16.428s] -- Installing: /home/mariem/ros2_ws/install/audio_play/share/ament_index/resource_index/rclcpp_components/audio_play
[16.428s] -- Installing: /home/mariem/ros2_ws/install/audio_play/share/audio_play/cmake/ament_cmake_export_libraries-extras.cmake
[16.428s] -- Installing: /home/mariem/ros2_ws/install/audio_play/share/audio_play/cmake/audio_playConfig.cmake
[16.429s] -- Installing: /home/mariem/ros2_ws/install/audio_play/share/audio_play/cmake/audio_playConfig-version.cmake
[16.429s] -- Installing: /home/mariem/ros2_ws/install/audio_play/share/audio_play/package.xml
[16.436s] Invoked command in '/home/mariem/ros2_ws/build/audio_play' returned '0': AMENT_PREFIX_PATH=/home/mariem/ros2_ws/install/audio_common_msgs:${AMENT_PREFIX_PATH} CMAKE_PREFIX_PATH=/home/mariem/ros2_ws/install/audio_common_msgs:/home/mariem/ros2_audio_ws/install/audio_common_msgs:/opt/ros/humble LD_LIBRARY_PATH=/home/mariem/ros2_ws/install/audio_common_msgs/lib:${LD_LIBRARY_PATH} PYTHONPATH=/home/mariem/ros2_ws/install/audio_common_msgs/local/lib/python3.10/dist-packages:${PYTHONPATH} /usr/bin/cmake --install /home/mariem/ros2_ws/build/audio_play
