[0.514s] Invoking command in '/home/mariem/ros2_ws/src/audio_streamer': PYTHONPATH=/home/mariem/ros2_ws/build/audio_streamer/prefix_override:/usr/lib/python3/dist-packages/colcon_core/task/python/colcon_distutils_commands:/home/mariem/ros2_ws/install/audio_streamer/lib/python3.10/site-packages:${PYTHONPATH} /usr/bin/python3 -W ignore:setup.py install is deprecated -W ignore:easy_install command is deprecated setup.py egg_info --egg-base ../../build/audio_streamer build --build-base /home/mariem/ros2_ws/build/audio_streamer/build install --record /home/mariem/ros2_ws/build/audio_streamer/install.log --single-version-externally-managed install_data
[0.687s] running egg_info
[0.687s] writing ../../build/audio_streamer/audio_streamer.egg-info/PKG-INFO
[0.688s] writing dependency_links to ../../build/audio_streamer/audio_streamer.egg-info/dependency_links.txt
[0.688s] writing entry points to ../../build/audio_streamer/audio_streamer.egg-info/entry_points.txt
[0.689s] writing requirements to ../../build/audio_streamer/audio_streamer.egg-info/requires.txt
[0.690s] writing top-level names to ../../build/audio_streamer/audio_streamer.egg-info/top_level.txt
[0.691s] reading manifest file '../../build/audio_streamer/audio_streamer.egg-info/SOURCES.txt'
[0.692s] writing manifest file '../../build/audio_streamer/audio_streamer.egg-info/SOURCES.txt'
[0.693s] running build
[0.693s] running build_py
[0.693s] copying audio_streamer/audio_subscriber.py -> /home/mariem/ros2_ws/build/audio_streamer/build/lib/audio_streamer
[0.693s] copying audio_streamer/audio_publisher.py -> /home/mariem/ros2_ws/build/audio_streamer/build/lib/audio_streamer
[0.694s] running install
[0.694s] running install_lib
[0.695s] copying /home/mariem/ros2_ws/build/audio_streamer/build/lib/audio_streamer/audio_subscriber.py -> /home/mariem/ros2_ws/install/audio_streamer/lib/python3.10/site-packages/audio_streamer
[0.695s] copying /home/mariem/ros2_ws/build/audio_streamer/build/lib/audio_streamer/audio_publisher.py -> /home/mariem/ros2_ws/install/audio_streamer/lib/python3.10/site-packages/audio_streamer
[0.695s] byte-compiling /home/mariem/ros2_ws/install/audio_streamer/lib/python3.10/site-packages/audio_streamer/audio_subscriber.py to audio_subscriber.cpython-310.pyc
[0.697s] byte-compiling /home/mariem/ros2_ws/install/audio_streamer/lib/python3.10/site-packages/audio_streamer/audio_publisher.py to audio_publisher.cpython-310.pyc
[0.698s] running install_data
[0.698s] copying config/params.yaml -> /home/mariem/ros2_ws/install/audio_streamer/share/audio_streamer/config
[0.699s] running install_egg_info
[0.699s] removing '/home/mariem/ros2_ws/install/audio_streamer/lib/python3.10/site-packages/audio_streamer-0.0.0-py3.10.egg-info' (and everything under it)
[0.699s] Copying ../../build/audio_streamer/audio_streamer.egg-info to /home/mariem/ros2_ws/install/audio_streamer/lib/python3.10/site-packages/audio_streamer-0.0.0-py3.10.egg-info
[0.700s] running install_scripts
[0.714s] Installing audio_pub script to /home/mariem/ros2_ws/install/audio_streamer/lib/audio_streamer
[0.715s] Installing audio_sub script to /home/mariem/ros2_ws/install/audio_streamer/lib/audio_streamer
[0.716s] writing list of installed files to '/home/mariem/ros2_ws/build/audio_streamer/install.log'
[0.738s] Invoked command in '/home/mariem/ros2_ws/src/audio_streamer' returned '0': PYTHONPATH=/home/mariem/ros2_ws/build/audio_streamer/prefix_override:/usr/lib/python3/dist-packages/colcon_core/task/python/colcon_distutils_commands:/home/mariem/ros2_ws/install/audio_streamer/lib/python3.10/site-packages:${PYTHONPATH} /usr/bin/python3 -W ignore:setup.py install is deprecated -W ignore:easy_install command is deprecated setup.py egg_info --egg-base ../../build/audio_streamer build --build-base /home/mariem/ros2_ws/build/audio_streamer/build install --record /home/mariem/ros2_ws/build/audio_streamer/install.log --single-version-externally-managed install_data
