[0.706s] Invoking command in '/home/mariem/ros2_ws/build/audio_streamer': PYTHONPATH=/home/mariem/ros2_ws/build/audio_streamer/prefix_override:/usr/lib/python3/dist-packages/colcon_core/task/python/colcon_distutils_commands:/home/mariem/ros2_ws/install/audio_streamer/lib/python3.10/site-packages:${PYTHONPATH} /usr/bin/python3 -W ignore:setup.py install is deprecated -W ignore:easy_install command is deprecated setup.py develop --uninstall --editable --build-directory /home/mariem/ros2_ws/build/audio_streamer/build
[0.921s] running develop
[1.056s] Invoked command in '/home/mariem/ros2_ws/build/audio_streamer' returned '0': PYTHONPATH=/home/mariem/ros2_ws/build/audio_streamer/prefix_override:/usr/lib/python3/dist-packages/colcon_core/task/python/colcon_distutils_commands:/home/mariem/ros2_ws/install/audio_streamer/lib/python3.10/site-packages:${PYTHONPATH} /usr/bin/python3 -W ignore:setup.py install is deprecated -W ignore:easy_install command is deprecated setup.py develop --uninstall --editable --build-directory /home/mariem/ros2_ws/build/audio_streamer/build
[1.056s] Invoking command in '/home/mariem/ros2_ws/src/audio_streamer': PYTHONPATH=/home/mariem/ros2_ws/build/audio_streamer/prefix_override:/usr/lib/python3/dist-packages/colcon_core/task/python/colcon_distutils_commands:/home/mariem/ros2_ws/install/audio_streamer/lib/python3.10/site-packages:${PYTHONPATH} /usr/bin/python3 -W ignore:setup.py install is deprecated -W ignore:easy_install command is deprecated setup.py egg_info --egg-base ../../build/audio_streamer build --build-base /home/mariem/ros2_ws/build/audio_streamer/build install --record /home/mariem/ros2_ws/build/audio_streamer/install.log --single-version-externally-managed install_data --force
[1.241s] running egg_info
[1.241s] writing ../../build/audio_streamer/audio_streamer.egg-info/PKG-INFO
[1.243s] writing dependency_links to ../../build/audio_streamer/audio_streamer.egg-info/dependency_links.txt
[1.244s] writing entry points to ../../build/audio_streamer/audio_streamer.egg-info/entry_points.txt
[1.245s] writing requirements to ../../build/audio_streamer/audio_streamer.egg-info/requires.txt
[1.245s] writing top-level names to ../../build/audio_streamer/audio_streamer.egg-info/top_level.txt
[1.247s] reading manifest file '../../build/audio_streamer/audio_streamer.egg-info/SOURCES.txt'
[1.250s] writing manifest file '../../build/audio_streamer/audio_streamer.egg-info/SOURCES.txt'
[1.250s] running build
[1.250s] running build_py
[1.252s] running install
[1.252s] running install_lib
[1.253s] creating /home/mariem/ros2_ws/install/audio_streamer/lib/python3.10/site-packages/audio_streamer
[1.253s] copying /home/mariem/ros2_ws/build/audio_streamer/build/lib/audio_streamer/__init__.py -> /home/mariem/ros2_ws/install/audio_streamer/lib/python3.10/site-packages/audio_streamer
[1.253s] copying /home/mariem/ros2_ws/build/audio_streamer/build/lib/audio_streamer/audio_subscriber.py -> /home/mariem/ros2_ws/install/audio_streamer/lib/python3.10/site-packages/audio_streamer
[1.254s] copying /home/mariem/ros2_ws/build/audio_streamer/build/lib/audio_streamer/audio_publisher.py -> /home/mariem/ros2_ws/install/audio_streamer/lib/python3.10/site-packages/audio_streamer
[1.255s] byte-compiling /home/mariem/ros2_ws/install/audio_streamer/lib/python3.10/site-packages/audio_streamer/__init__.py to __init__.cpython-310.pyc
[1.256s] byte-compiling /home/mariem/ros2_ws/install/audio_streamer/lib/python3.10/site-packages/audio_streamer/audio_subscriber.py to audio_subscriber.cpython-310.pyc
[1.256s] byte-compiling /home/mariem/ros2_ws/install/audio_streamer/lib/python3.10/site-packages/audio_streamer/audio_publisher.py to audio_publisher.cpython-310.pyc
[1.258s] running install_data
[1.258s] copying resource/audio_streamer -> /home/mariem/ros2_ws/install/audio_streamer/share/ament_index/resource_index/packages
[1.259s] copying package.xml -> /home/mariem/ros2_ws/install/audio_streamer/share/audio_streamer
[1.260s] creating /home/mariem/ros2_ws/install/audio_streamer/share/audio_streamer/launch
[1.260s] copying launch/streaming_launch.py -> /home/mariem/ros2_ws/install/audio_streamer/share/audio_streamer/launch
[1.261s] creating /home/mariem/ros2_ws/install/audio_streamer/share/audio_streamer/config
[1.261s] copying config/params.yaml -> /home/mariem/ros2_ws/install/audio_streamer/share/audio_streamer/config
[1.262s] running install_egg_info
[1.263s] Copying ../../build/audio_streamer/audio_streamer.egg-info to /home/mariem/ros2_ws/install/audio_streamer/lib/python3.10/site-packages/audio_streamer-0.0.0-py3.10.egg-info
[1.268s] running install_scripts
[1.281s] Installing audio_pub script to /home/mariem/ros2_ws/install/audio_streamer/lib/audio_streamer
[1.282s] Installing audio_sub script to /home/mariem/ros2_ws/install/audio_streamer/lib/audio_streamer
[1.283s] writing list of installed files to '/home/mariem/ros2_ws/build/audio_streamer/install.log'
[1.311s] Invoked command in '/home/mariem/ros2_ws/src/audio_streamer' returned '0': PYTHONPATH=/home/mariem/ros2_ws/build/audio_streamer/prefix_override:/usr/lib/python3/dist-packages/colcon_core/task/python/colcon_distutils_commands:/home/mariem/ros2_ws/install/audio_streamer/lib/python3.10/site-packages:${PYTHONPATH} /usr/bin/python3 -W ignore:setup.py install is deprecated -W ignore:easy_install command is deprecated setup.py egg_info --egg-base ../../build/audio_streamer build --build-base /home/mariem/ros2_ws/build/audio_streamer/build install --record /home/mariem/ros2_ws/build/audio_streamer/install.log --single-version-externally-managed install_data --force
