[0.365s] DEBUG:colcon:Command line arguments: ['/usr/bin/colcon', 'build', '--packages-skip', 'sound_play']
[0.365s] DEBUG:colcon:Parsed command line arguments: Namespace(log_base=None, log_level=None, verb_name='build', build_base='build', install_base='install', merge_install=False, symlink_install=False, test_result_base=None, continue_on_error=False, executor='parallel', parallel_workers=1, event_handlers=None, ignore_user_meta=False, metas=['./colcon.meta'], base_paths=['.'], packages_ignore=None, packages_ignore_regex=None, paths=None, packages_up_to=None, packages_up_to_regex=None, packages_above=None, packages_above_and_dependencies=None, packages_above_depth=None, packages_select_by_dep=None, packages_skip_by_dep=None, packages_skip_up_to=None, packages_select_build_failed=False, packages_skip_build_finished=False, packages_select_test_failures=False, packages_skip_test_passed=False, packages_select=None, packages_skip=['sound_play'], packages_select_regex=None, packages_skip_regex=None, packages_start=None, packages_end=None, allow_overriding=[], cmake_args=None, cmake_target=None, cmake_target_skip_unavailable=False, cmake_clean_cache=False, cmake_clean_first=False, cmake_force_configure=False, ament_cmake_args=None, catkin_cmake_args=None, catkin_skip_building_tests=False, verb_parser=<colcon_defaults.argument_parser.defaults.DefaultArgumentsDecorator object at 0x782135254be0>, verb_extension=<colcon_core.verb.build.BuildVerb object at 0x782135254790>, main=<bound method BuildVerb.main of <colcon_core.verb.build.BuildVerb object at 0x782135254790>>)
[0.409s] Level 1:colcon.colcon_core.package_discovery:discover_packages(colcon_meta) check parameters
[0.409s] Level 1:colcon.colcon_core.package_discovery:discover_packages(recursive) check parameters
[0.409s] Level 1:colcon.colcon_core.package_discovery:discover_packages(ignore) check parameters
[0.409s] Level 1:colcon.colcon_core.package_discovery:discover_packages(path) check parameters
[0.409s] Level 1:colcon.colcon_core.package_discovery:discover_packages(colcon_meta) discover
[0.409s] Level 1:colcon.colcon_core.package_discovery:discover_packages(recursive) discover
[0.409s] INFO:colcon.colcon_core.package_discovery:Crawling recursively for packages in '/home/mariem/ros2_ws'
[0.409s] Level 1:colcon.colcon_core.package_identification:_identify(.) by extensions ['ignore', 'ignore_ament_install']
[0.410s] Level 1:colcon.colcon_core.package_identification:_identify(.) by extension 'ignore'
[0.410s] Level 1:colcon.colcon_core.package_identification:_identify(.) by extension 'ignore_ament_install'
[0.410s] Level 1:colcon.colcon_core.package_identification:_identify(.) by extensions ['colcon_pkg']
[0.410s] Level 1:colcon.colcon_core.package_identification:_identify(.) by extension 'colcon_pkg'
[0.410s] Level 1:colcon.colcon_core.package_identification:_identify(.) by extensions ['colcon_meta']
[0.410s] Level 1:colcon.colcon_core.package_identification:_identify(.) by extension 'colcon_meta'
[0.410s] Level 1:colcon.colcon_core.package_identification:_identify(.) by extensions ['ros']
[0.410s] Level 1:colcon.colcon_core.package_identification:_identify(.) by extension 'ros'
[0.421s] Level 1:colcon.colcon_core.package_identification:_identify(.) by extensions ['cmake', 'python']
[0.421s] Level 1:colcon.colcon_core.package_identification:_identify(.) by extension 'cmake'
[0.421s] Level 1:colcon.colcon_core.package_identification:_identify(.) by extension 'python'
[0.421s] Level 1:colcon.colcon_core.package_identification:_identify(.) by extensions ['python_setup_py']
[0.421s] Level 1:colcon.colcon_core.package_identification:_identify(.) by extension 'python_setup_py'
[0.421s] Level 1:colcon.colcon_core.package_identification:_identify(build) by extensions ['ignore', 'ignore_ament_install']
[0.421s] Level 1:colcon.colcon_core.package_identification:_identify(build) by extension 'ignore'
[0.421s] Level 1:colcon.colcon_core.package_identification:_identify(build) ignored
[0.421s] Level 1:colcon.colcon_core.package_identification:_identify(install) by extensions ['ignore', 'ignore_ament_install']
[0.421s] Level 1:colcon.colcon_core.package_identification:_identify(install) by extension 'ignore'
[0.421s] Level 1:colcon.colcon_core.package_identification:_identify(install) ignored
[0.421s] Level 1:colcon.colcon_core.package_identification:_identify(log) by extensions ['ignore', 'ignore_ament_install']
[0.421s] Level 1:colcon.colcon_core.package_identification:_identify(log) by extension 'ignore'
[0.421s] Level 1:colcon.colcon_core.package_identification:_identify(log) ignored
[0.421s] Level 1:colcon.colcon_core.package_identification:_identify(src) by extensions ['ignore', 'ignore_ament_install']
[0.421s] Level 1:colcon.colcon_core.package_identification:_identify(src) by extension 'ignore'
[0.421s] Level 1:colcon.colcon_core.package_identification:_identify(src) by extension 'ignore_ament_install'
[0.421s] Level 1:colcon.colcon_core.package_identification:_identify(src) by extensions ['colcon_pkg']
[0.422s] Level 1:colcon.colcon_core.package_identification:_identify(src) by extension 'colcon_pkg'
[0.422s] Level 1:colcon.colcon_core.package_identification:_identify(src) by extensions ['colcon_meta']
[0.422s] Level 1:colcon.colcon_core.package_identification:_identify(src) by extension 'colcon_meta'
[0.422s] Level 1:colcon.colcon_core.package_identification:_identify(src) by extensions ['ros']
[0.422s] Level 1:colcon.colcon_core.package_identification:_identify(src) by extension 'ros'
[0.422s] Level 1:colcon.colcon_core.package_identification:_identify(src) by extensions ['cmake', 'python']
[0.422s] Level 1:colcon.colcon_core.package_identification:_identify(src) by extension 'cmake'
[0.422s] Level 1:colcon.colcon_core.package_identification:_identify(src) by extension 'python'
[0.422s] Level 1:colcon.colcon_core.package_identification:_identify(src) by extensions ['python_setup_py']
[0.422s] Level 1:colcon.colcon_core.package_identification:_identify(src) by extension 'python_setup_py'
[0.422s] Level 1:colcon.colcon_core.package_identification:_identify(src/audio_common) by extensions ['ignore', 'ignore_ament_install']
[0.422s] Level 1:colcon.colcon_core.package_identification:_identify(src/audio_common) by extension 'ignore'
[0.422s] Level 1:colcon.colcon_core.package_identification:_identify(src/audio_common) by extension 'ignore_ament_install'
[0.422s] Level 1:colcon.colcon_core.package_identification:_identify(src/audio_common) by extensions ['colcon_pkg']
[0.422s] Level 1:colcon.colcon_core.package_identification:_identify(src/audio_common) by extension 'colcon_pkg'
[0.422s] Level 1:colcon.colcon_core.package_identification:_identify(src/audio_common) by extensions ['colcon_meta']
[0.422s] Level 1:colcon.colcon_core.package_identification:_identify(src/audio_common) by extension 'colcon_meta'
[0.422s] Level 1:colcon.colcon_core.package_identification:_identify(src/audio_common) by extensions ['ros']
[0.422s] Level 1:colcon.colcon_core.package_identification:_identify(src/audio_common) by extension 'ros'
[0.422s] Level 1:colcon.colcon_core.package_identification:_identify(src/audio_common) by extensions ['cmake', 'python']
[0.422s] Level 1:colcon.colcon_core.package_identification:_identify(src/audio_common) by extension 'cmake'
[0.422s] Level 1:colcon.colcon_core.package_identification:_identify(src/audio_common) by extension 'python'
[0.422s] Level 1:colcon.colcon_core.package_identification:_identify(src/audio_common) by extensions ['python_setup_py']
[0.422s] Level 1:colcon.colcon_core.package_identification:_identify(src/audio_common) by extension 'python_setup_py'
[0.422s] Level 1:colcon.colcon_core.package_identification:_identify(src/audio_common/audio_capture) by extensions ['ignore', 'ignore_ament_install']
[0.422s] Level 1:colcon.colcon_core.package_identification:_identify(src/audio_common/audio_capture) by extension 'ignore'
[0.422s] Level 1:colcon.colcon_core.package_identification:_identify(src/audio_common/audio_capture) by extension 'ignore_ament_install'
[0.422s] Level 1:colcon.colcon_core.package_identification:_identify(src/audio_common/audio_capture) by extensions ['colcon_pkg']
[0.422s] Level 1:colcon.colcon_core.package_identification:_identify(src/audio_common/audio_capture) by extension 'colcon_pkg'
[0.422s] Level 1:colcon.colcon_core.package_identification:_identify(src/audio_common/audio_capture) by extensions ['colcon_meta']
[0.422s] Level 1:colcon.colcon_core.package_identification:_identify(src/audio_common/audio_capture) by extension 'colcon_meta'
[0.422s] Level 1:colcon.colcon_core.package_identification:_identify(src/audio_common/audio_capture) by extensions ['ros']
[0.422s] Level 1:colcon.colcon_core.package_identification:_identify(src/audio_common/audio_capture) by extension 'ros'
[0.424s] DEBUG:colcon.colcon_core.package_identification:Package 'src/audio_common/audio_capture' with type 'ros.ament_cmake' and name 'audio_capture'
[0.424s] Level 1:colcon.colcon_core.package_identification:_identify(src/audio_common/audio_common) by extensions ['ignore', 'ignore_ament_install']
[0.424s] Level 1:colcon.colcon_core.package_identification:_identify(src/audio_common/audio_common) by extension 'ignore'
[0.424s] Level 1:colcon.colcon_core.package_identification:_identify(src/audio_common/audio_common) by extension 'ignore_ament_install'
[0.424s] Level 1:colcon.colcon_core.package_identification:_identify(src/audio_common/audio_common) by extensions ['colcon_pkg']
[0.424s] Level 1:colcon.colcon_core.package_identification:_identify(src/audio_common/audio_common) by extension 'colcon_pkg'
[0.424s] Level 1:colcon.colcon_core.package_identification:_identify(src/audio_common/audio_common) by extensions ['colcon_meta']
[0.424s] Level 1:colcon.colcon_core.package_identification:_identify(src/audio_common/audio_common) by extension 'colcon_meta'
[0.424s] Level 1:colcon.colcon_core.package_identification:_identify(src/audio_common/audio_common) by extensions ['ros']
[0.424s] Level 1:colcon.colcon_core.package_identification:_identify(src/audio_common/audio_common) by extension 'ros'
[0.425s] DEBUG:colcon.colcon_core.package_identification:Package 'src/audio_common/audio_common' with type 'ros.ament_cmake' and name 'audio_common'
[0.425s] Level 1:colcon.colcon_core.package_identification:_identify(src/audio_common/audio_common_msgs) by extensions ['ignore', 'ignore_ament_install']
[0.425s] Level 1:colcon.colcon_core.package_identification:_identify(src/audio_common/audio_common_msgs) by extension 'ignore'
[0.425s] Level 1:colcon.colcon_core.package_identification:_identify(src/audio_common/audio_common_msgs) by extension 'ignore_ament_install'
[0.425s] Level 1:colcon.colcon_core.package_identification:_identify(src/audio_common/audio_common_msgs) by extensions ['colcon_pkg']
[0.425s] Level 1:colcon.colcon_core.package_identification:_identify(src/audio_common/audio_common_msgs) by extension 'colcon_pkg'
[0.425s] Level 1:colcon.colcon_core.package_identification:_identify(src/audio_common/audio_common_msgs) by extensions ['colcon_meta']
[0.425s] Level 1:colcon.colcon_core.package_identification:_identify(src/audio_common/audio_common_msgs) by extension 'colcon_meta'
[0.425s] Level 1:colcon.colcon_core.package_identification:_identify(src/audio_common/audio_common_msgs) by extensions ['ros']
[0.425s] Level 1:colcon.colcon_core.package_identification:_identify(src/audio_common/audio_common_msgs) by extension 'ros'
[0.426s] DEBUG:colcon.colcon_core.package_identification:Package 'src/audio_common/audio_common_msgs' with type 'ros.ament_cmake' and name 'audio_common_msgs'
[0.426s] Level 1:colcon.colcon_core.package_identification:_identify(src/audio_common/audio_play) by extensions ['ignore', 'ignore_ament_install']
[0.426s] Level 1:colcon.colcon_core.package_identification:_identify(src/audio_common/audio_play) by extension 'ignore'
[0.426s] Level 1:colcon.colcon_core.package_identification:_identify(src/audio_common/audio_play) by extension 'ignore_ament_install'
[0.426s] Level 1:colcon.colcon_core.package_identification:_identify(src/audio_common/audio_play) by extensions ['colcon_pkg']
[0.426s] Level 1:colcon.colcon_core.package_identification:_identify(src/audio_common/audio_play) by extension 'colcon_pkg'
[0.426s] Level 1:colcon.colcon_core.package_identification:_identify(src/audio_common/audio_play) by extensions ['colcon_meta']
[0.426s] Level 1:colcon.colcon_core.package_identification:_identify(src/audio_common/audio_play) by extension 'colcon_meta'
[0.426s] Level 1:colcon.colcon_core.package_identification:_identify(src/audio_common/audio_play) by extensions ['ros']
[0.426s] Level 1:colcon.colcon_core.package_identification:_identify(src/audio_common/audio_play) by extension 'ros'
[0.426s] DEBUG:colcon.colcon_core.package_identification:Package 'src/audio_common/audio_play' with type 'ros.ament_cmake' and name 'audio_play'
[0.426s] Level 1:colcon.colcon_core.package_identification:_identify(src/audio_common/sound_play) by extensions ['ignore', 'ignore_ament_install']
[0.426s] Level 1:colcon.colcon_core.package_identification:_identify(src/audio_common/sound_play) by extension 'ignore'
[0.426s] Level 1:colcon.colcon_core.package_identification:_identify(src/audio_common/sound_play) by extension 'ignore_ament_install'
[0.426s] Level 1:colcon.colcon_core.package_identification:_identify(src/audio_common/sound_play) by extensions ['colcon_pkg']
[0.426s] Level 1:colcon.colcon_core.package_identification:_identify(src/audio_common/sound_play) by extension 'colcon_pkg'
[0.426s] Level 1:colcon.colcon_core.package_identification:_identify(src/audio_common/sound_play) by extensions ['colcon_meta']
[0.426s] Level 1:colcon.colcon_core.package_identification:_identify(src/audio_common/sound_play) by extension 'colcon_meta'
[0.427s] Level 1:colcon.colcon_core.package_identification:_identify(src/audio_common/sound_play) by extensions ['ros']
[0.427s] Level 1:colcon.colcon_core.package_identification:_identify(src/audio_common/sound_play) by extension 'ros'
[0.427s] DEBUG:colcon.colcon_core.package_identification:Package 'src/audio_common/sound_play' with type 'ros.ament_cmake' and name 'sound_play'
[0.427s] Level 1:colcon.colcon_core.package_identification:_identify(src/audio_streamer) by extensions ['ignore', 'ignore_ament_install']
[0.427s] Level 1:colcon.colcon_core.package_identification:_identify(src/audio_streamer) by extension 'ignore'
[0.427s] Level 1:colcon.colcon_core.package_identification:_identify(src/audio_streamer) by extension 'ignore_ament_install'
[0.427s] Level 1:colcon.colcon_core.package_identification:_identify(src/audio_streamer) by extensions ['colcon_pkg']
[0.427s] Level 1:colcon.colcon_core.package_identification:_identify(src/audio_streamer) by extension 'colcon_pkg'
[0.427s] Level 1:colcon.colcon_core.package_identification:_identify(src/audio_streamer) by extensions ['colcon_meta']
[0.427s] Level 1:colcon.colcon_core.package_identification:_identify(src/audio_streamer) by extension 'colcon_meta'
[0.427s] Level 1:colcon.colcon_core.package_identification:_identify(src/audio_streamer) by extensions ['ros']
[0.427s] Level 1:colcon.colcon_core.package_identification:_identify(src/audio_streamer) by extension 'ros'
[0.428s] DEBUG:colcon.colcon_core.package_identification:Package 'src/audio_streamer' with type 'ros.ament_python' and name 'audio_streamer'
[0.428s] Level 1:colcon.colcon_core.package_discovery:discover_packages(recursive) using defaults
[0.428s] Level 1:colcon.colcon_core.package_discovery:discover_packages(ignore) discover
[0.428s] Level 1:colcon.colcon_core.package_discovery:discover_packages(ignore) using defaults
[0.428s] Level 1:colcon.colcon_core.package_discovery:discover_packages(path) discover
[0.428s] Level 1:colcon.colcon_core.package_discovery:discover_packages(path) using defaults
[0.458s] INFO:colcon.colcon_core.package_selection:Skipping package 'sound_play' in 'src/audio_common/sound_play'
[0.458s] Level 1:colcon.colcon_core.package_discovery:discover_packages(prefix_path) check parameters
[0.459s] Level 1:colcon.colcon_core.package_discovery:discover_packages(prefix_path) discover
[0.465s] DEBUG:colcon.colcon_installed_package_information.package_discovery:Found 1 installed packages in /home/mariem/ros2_audio_ws/install
[0.466s] DEBUG:colcon.colcon_installed_package_information.package_discovery:Found 272 installed packages in /opt/ros/humble
[0.467s] Level 1:colcon.colcon_core.package_discovery:discover_packages(prefix_path) using defaults
[0.598s] Level 5:colcon.colcon_core.verb:set package 'audio_common_msgs' build argument 'cmake_args' from command line to 'None'
[0.598s] Level 5:colcon.colcon_core.verb:set package 'audio_common_msgs' build argument 'cmake_target' from command line to 'None'
[0.598s] Level 5:colcon.colcon_core.verb:set package 'audio_common_msgs' build argument 'cmake_target_skip_unavailable' from command line to 'False'
[0.598s] Level 5:colcon.colcon_core.verb:set package 'audio_common_msgs' build argument 'cmake_clean_cache' from command line to 'False'
[0.598s] Level 5:colcon.colcon_core.verb:set package 'audio_common_msgs' build argument 'cmake_clean_first' from command line to 'False'
[0.598s] Level 5:colcon.colcon_core.verb:set package 'audio_common_msgs' build argument 'cmake_force_configure' from command line to 'False'
[0.598s] Level 5:colcon.colcon_core.verb:set package 'audio_common_msgs' build argument 'ament_cmake_args' from command line to 'None'
[0.598s] Level 5:colcon.colcon_core.verb:set package 'audio_common_msgs' build argument 'catkin_cmake_args' from command line to 'None'
[0.598s] Level 5:colcon.colcon_core.verb:set package 'audio_common_msgs' build argument 'catkin_skip_building_tests' from command line to 'False'
[0.598s] DEBUG:colcon.colcon_core.verb:Building package 'audio_common_msgs' with the following arguments: {'ament_cmake_args': None, 'build_base': '/home/mariem/ros2_ws/build/audio_common_msgs', 'catkin_cmake_args': None, 'catkin_skip_building_tests': False, 'cmake_args': None, 'cmake_clean_cache': False, 'cmake_clean_first': False, 'cmake_force_configure': False, 'cmake_target': None, 'cmake_target_skip_unavailable': False, 'install_base': '/home/mariem/ros2_ws/install/audio_common_msgs', 'merge_install': False, 'path': '/home/mariem/ros2_ws/src/audio_common/audio_common_msgs', 'symlink_install': False, 'test_result_base': None}
[0.599s] Level 5:colcon.colcon_core.verb:set package 'audio_streamer' build argument 'cmake_args' from command line to 'None'
[0.599s] Level 5:colcon.colcon_core.verb:set package 'audio_streamer' build argument 'cmake_target' from command line to 'None'
[0.599s] Level 5:colcon.colcon_core.verb:set package 'audio_streamer' build argument 'cmake_target_skip_unavailable' from command line to 'False'
[0.599s] Level 5:colcon.colcon_core.verb:set package 'audio_streamer' build argument 'cmake_clean_cache' from command line to 'False'
[0.599s] Level 5:colcon.colcon_core.verb:set package 'audio_streamer' build argument 'cmake_clean_first' from command line to 'False'
[0.599s] Level 5:colcon.colcon_core.verb:set package 'audio_streamer' build argument 'cmake_force_configure' from command line to 'False'
[0.599s] Level 5:colcon.colcon_core.verb:set package 'audio_streamer' build argument 'ament_cmake_args' from command line to 'None'
[0.599s] Level 5:colcon.colcon_core.verb:set package 'audio_streamer' build argument 'catkin_cmake_args' from command line to 'None'
[0.599s] Level 5:colcon.colcon_core.verb:set package 'audio_streamer' build argument 'catkin_skip_building_tests' from command line to 'False'
[0.599s] DEBUG:colcon.colcon_core.verb:Building package 'audio_streamer' with the following arguments: {'ament_cmake_args': None, 'build_base': '/home/mariem/ros2_ws/build/audio_streamer', 'catkin_cmake_args': None, 'catkin_skip_building_tests': False, 'cmake_args': None, 'cmake_clean_cache': False, 'cmake_clean_first': False, 'cmake_force_configure': False, 'cmake_target': None, 'cmake_target_skip_unavailable': False, 'install_base': '/home/mariem/ros2_ws/install/audio_streamer', 'merge_install': False, 'path': '/home/mariem/ros2_ws/src/audio_streamer', 'symlink_install': False, 'test_result_base': None}
[0.599s] Level 5:colcon.colcon_core.verb:set package 'audio_capture' build argument 'cmake_args' from command line to 'None'
[0.599s] Level 5:colcon.colcon_core.verb:set package 'audio_capture' build argument 'cmake_target' from command line to 'None'
[0.599s] Level 5:colcon.colcon_core.verb:set package 'audio_capture' build argument 'cmake_target_skip_unavailable' from command line to 'False'
[0.599s] Level 5:colcon.colcon_core.verb:set package 'audio_capture' build argument 'cmake_clean_cache' from command line to 'False'
[0.599s] Level 5:colcon.colcon_core.verb:set package 'audio_capture' build argument 'cmake_clean_first' from command line to 'False'
[0.599s] Level 5:colcon.colcon_core.verb:set package 'audio_capture' build argument 'cmake_force_configure' from command line to 'False'
[0.599s] Level 5:colcon.colcon_core.verb:set package 'audio_capture' build argument 'ament_cmake_args' from command line to 'None'
[0.599s] Level 5:colcon.colcon_core.verb:set package 'audio_capture' build argument 'catkin_cmake_args' from command line to 'None'
[0.599s] Level 5:colcon.colcon_core.verb:set package 'audio_capture' build argument 'catkin_skip_building_tests' from command line to 'False'
[0.599s] DEBUG:colcon.colcon_core.verb:Building package 'audio_capture' with the following arguments: {'ament_cmake_args': None, 'build_base': '/home/mariem/ros2_ws/build/audio_capture', 'catkin_cmake_args': None, 'catkin_skip_building_tests': False, 'cmake_args': None, 'cmake_clean_cache': False, 'cmake_clean_first': False, 'cmake_force_configure': False, 'cmake_target': None, 'cmake_target_skip_unavailable': False, 'install_base': '/home/mariem/ros2_ws/install/audio_capture', 'merge_install': False, 'path': '/home/mariem/ros2_ws/src/audio_common/audio_capture', 'symlink_install': False, 'test_result_base': None}
[0.599s] Level 5:colcon.colcon_core.verb:set package 'audio_play' build argument 'cmake_args' from command line to 'None'
[0.599s] Level 5:colcon.colcon_core.verb:set package 'audio_play' build argument 'cmake_target' from command line to 'None'
[0.599s] Level 5:colcon.colcon_core.verb:set package 'audio_play' build argument 'cmake_target_skip_unavailable' from command line to 'False'
[0.599s] Level 5:colcon.colcon_core.verb:set package 'audio_play' build argument 'cmake_clean_cache' from command line to 'False'
[0.599s] Level 5:colcon.colcon_core.verb:set package 'audio_play' build argument 'cmake_clean_first' from command line to 'False'
[0.599s] Level 5:colcon.colcon_core.verb:set package 'audio_play' build argument 'cmake_force_configure' from command line to 'False'
[0.599s] Level 5:colcon.colcon_core.verb:set package 'audio_play' build argument 'ament_cmake_args' from command line to 'None'
[0.599s] Level 5:colcon.colcon_core.verb:set package 'audio_play' build argument 'catkin_cmake_args' from command line to 'None'
[0.599s] Level 5:colcon.colcon_core.verb:set package 'audio_play' build argument 'catkin_skip_building_tests' from command line to 'False'
[0.599s] DEBUG:colcon.colcon_core.verb:Building package 'audio_play' with the following arguments: {'ament_cmake_args': None, 'build_base': '/home/mariem/ros2_ws/build/audio_play', 'catkin_cmake_args': None, 'catkin_skip_building_tests': False, 'cmake_args': None, 'cmake_clean_cache': False, 'cmake_clean_first': False, 'cmake_force_configure': False, 'cmake_target': None, 'cmake_target_skip_unavailable': False, 'install_base': '/home/mariem/ros2_ws/install/audio_play', 'merge_install': False, 'path': '/home/mariem/ros2_ws/src/audio_common/audio_play', 'symlink_install': False, 'test_result_base': None}
[0.600s] Level 5:colcon.colcon_core.verb:set package 'audio_common' build argument 'cmake_args' from command line to 'None'
[0.600s] Level 5:colcon.colcon_core.verb:set package 'audio_common' build argument 'cmake_target' from command line to 'None'
[0.600s] Level 5:colcon.colcon_core.verb:set package 'audio_common' build argument 'cmake_target_skip_unavailable' from command line to 'False'
[0.600s] Level 5:colcon.colcon_core.verb:set package 'audio_common' build argument 'cmake_clean_cache' from command line to 'False'
[0.600s] Level 5:colcon.colcon_core.verb:set package 'audio_common' build argument 'cmake_clean_first' from command line to 'False'
[0.600s] Level 5:colcon.colcon_core.verb:set package 'audio_common' build argument 'cmake_force_configure' from command line to 'False'
[0.600s] Level 5:colcon.colcon_core.verb:set package 'audio_common' build argument 'ament_cmake_args' from command line to 'None'
[0.600s] Level 5:colcon.colcon_core.verb:set package 'audio_common' build argument 'catkin_cmake_args' from command line to 'None'
[0.600s] Level 5:colcon.colcon_core.verb:set package 'audio_common' build argument 'catkin_skip_building_tests' from command line to 'False'
[0.600s] DEBUG:colcon.colcon_core.verb:Building package 'audio_common' with the following arguments: {'ament_cmake_args': None, 'build_base': '/home/mariem/ros2_ws/build/audio_common', 'catkin_cmake_args': None, 'catkin_skip_building_tests': False, 'cmake_args': None, 'cmake_clean_cache': False, 'cmake_clean_first': False, 'cmake_force_configure': False, 'cmake_target': None, 'cmake_target_skip_unavailable': False, 'install_base': '/home/mariem/ros2_ws/install/audio_common', 'merge_install': False, 'path': '/home/mariem/ros2_ws/src/audio_common/audio_common', 'symlink_install': False, 'test_result_base': None}
[0.600s] INFO:colcon.colcon_core.executor:Executing jobs using 'parallel' executor
[0.600s] DEBUG:colcon.colcon_parallel_executor.executor.parallel:run_until_complete
[0.601s] INFO:colcon.colcon_ros.task.ament_cmake.build:Building ROS package in '/home/mariem/ros2_ws/src/audio_common/audio_common_msgs' with build type 'ament_cmake'
[0.601s] INFO:colcon.colcon_cmake.task.cmake.build:Building CMake package in '/home/mariem/ros2_ws/src/audio_common/audio_common_msgs'
[0.612s] INFO:colcon.colcon_core.plugin_system:Skipping extension 'colcon_core.shell.bat': Not used on non-Windows systems
[0.612s] INFO:colcon.colcon_core.shell:Skip shell extension 'powershell' for command environment: Not usable outside of PowerShell
[0.612s] DEBUG:colcon.colcon_core.shell:Skip shell extension 'dsv' for command environment
[0.633s] DEBUG:colcon.colcon_core.event_handler.log_command:Invoking command in '/home/mariem/ros2_ws/build/audio_common_msgs': CMAKE_PREFIX_PATH=${CMAKE_PREFIX_PATH}:/opt/ros/humble /usr/bin/cmake /home/mariem/ros2_ws/src/audio_common/audio_common_msgs -DCMAKE_INSTALL_PREFIX=/home/mariem/ros2_ws/install/audio_common_msgs
[4.195s] DEBUG:colcon.colcon_core.event_handler.log_command:Invoked command in '/home/mariem/ros2_ws/build/audio_common_msgs' returned '0': CMAKE_PREFIX_PATH=${CMAKE_PREFIX_PATH}:/opt/ros/humble /usr/bin/cmake /home/mariem/ros2_ws/src/audio_common/audio_common_msgs -DCMAKE_INSTALL_PREFIX=/home/mariem/ros2_ws/install/audio_common_msgs
[4.195s] DEBUG:colcon.colcon_core.event_handler.log_command:Invoking command in '/home/mariem/ros2_ws/build/audio_common_msgs': CMAKE_PREFIX_PATH=${CMAKE_PREFIX_PATH}:/opt/ros/humble /usr/bin/cmake --build /home/mariem/ros2_ws/build/audio_common_msgs -- -j1 -l1
[13.830s] DEBUG:colcon.colcon_core.event_handler.log_command:Invoked command in '/home/mariem/ros2_ws/build/audio_common_msgs' returned '0': CMAKE_PREFIX_PATH=${CMAKE_PREFIX_PATH}:/opt/ros/humble /usr/bin/cmake --build /home/mariem/ros2_ws/build/audio_common_msgs -- -j1 -l1
[13.840s] DEBUG:colcon.colcon_core.event_handler.log_command:Invoking command in '/home/mariem/ros2_ws/build/audio_common_msgs': CMAKE_PREFIX_PATH=${CMAKE_PREFIX_PATH}:/opt/ros/humble /usr/bin/cmake --install /home/mariem/ros2_ws/build/audio_common_msgs
[13.923s] Level 1:colcon.colcon_core.environment:create_environment_scripts_only(audio_common_msgs)
[13.924s] DEBUG:colcon.colcon_core.event_handler.log_command:Invoked command in '/home/mariem/ros2_ws/build/audio_common_msgs' returned '0': CMAKE_PREFIX_PATH=${CMAKE_PREFIX_PATH}:/opt/ros/humble /usr/bin/cmake --install /home/mariem/ros2_ws/build/audio_common_msgs
[13.943s] Level 1:colcon.colcon_core.environment:checking '/home/mariem/ros2_ws/install/audio_common_msgs' for CMake module files
[13.944s] Level 1:colcon.colcon_core.environment:checking '/home/mariem/ros2_ws/install/audio_common_msgs' for CMake config files
[13.944s] Level 1:colcon.colcon_core.shell:create_environment_hook('audio_common_msgs', 'cmake_prefix_path')
[13.944s] INFO:colcon.colcon_core.shell:Creating environment hook '/home/mariem/ros2_ws/install/audio_common_msgs/share/audio_common_msgs/hook/cmake_prefix_path.ps1'
[13.946s] INFO:colcon.colcon_core.shell:Creating environment descriptor '/home/mariem/ros2_ws/install/audio_common_msgs/share/audio_common_msgs/hook/cmake_prefix_path.dsv'
[13.947s] INFO:colcon.colcon_core.shell:Creating environment hook '/home/mariem/ros2_ws/install/audio_common_msgs/share/audio_common_msgs/hook/cmake_prefix_path.sh'
[13.948s] Level 1:colcon.colcon_core.environment:checking '/home/mariem/ros2_ws/install/audio_common_msgs/lib'
[13.948s] Level 1:colcon.colcon_core.shell:create_environment_hook('audio_common_msgs', 'ld_library_path_lib')
[13.948s] INFO:colcon.colcon_core.shell:Creating environment hook '/home/mariem/ros2_ws/install/audio_common_msgs/share/audio_common_msgs/hook/ld_library_path_lib.ps1'
[13.948s] INFO:colcon.colcon_core.shell:Creating environment descriptor '/home/mariem/ros2_ws/install/audio_common_msgs/share/audio_common_msgs/hook/ld_library_path_lib.dsv'
[13.948s] INFO:colcon.colcon_core.shell:Creating environment hook '/home/mariem/ros2_ws/install/audio_common_msgs/share/audio_common_msgs/hook/ld_library_path_lib.sh'
[13.949s] Level 1:colcon.colcon_core.environment:checking '/home/mariem/ros2_ws/install/audio_common_msgs/bin'
[13.949s] Level 1:colcon.colcon_core.environment:checking '/home/mariem/ros2_ws/install/audio_common_msgs/lib/pkgconfig/audio_common_msgs.pc'
[13.949s] Level 1:colcon.colcon_core.environment:checking '/home/mariem/ros2_ws/install/audio_common_msgs/lib/python3.10/site-packages'
[13.949s] Level 1:colcon.colcon_core.environment:checking '/home/mariem/ros2_ws/install/audio_common_msgs/bin'
[13.949s] INFO:colcon.colcon_core.shell:Creating package script '/home/mariem/ros2_ws/install/audio_common_msgs/share/audio_common_msgs/package.ps1'
[13.950s] INFO:colcon.colcon_core.shell:Creating package descriptor '/home/mariem/ros2_ws/install/audio_common_msgs/share/audio_common_msgs/package.dsv'
[13.951s] INFO:colcon.colcon_core.shell:Creating package script '/home/mariem/ros2_ws/install/audio_common_msgs/share/audio_common_msgs/package.sh'
[13.953s] INFO:colcon.colcon_core.shell:Creating package script '/home/mariem/ros2_ws/install/audio_common_msgs/share/audio_common_msgs/package.bash'
[13.955s] INFO:colcon.colcon_core.shell:Creating package script '/home/mariem/ros2_ws/install/audio_common_msgs/share/audio_common_msgs/package.zsh'
[13.957s] Level 1:colcon.colcon_core.environment:create_file_with_runtime_dependencies(/home/mariem/ros2_ws/install/audio_common_msgs/share/colcon-core/packages/audio_common_msgs)
[13.957s] Level 1:colcon.colcon_core.environment:create_environment_scripts_only(audio_common_msgs)
[13.958s] Level 1:colcon.colcon_core.environment:checking '/home/mariem/ros2_ws/install/audio_common_msgs' for CMake module files
[13.958s] Level 1:colcon.colcon_core.environment:checking '/home/mariem/ros2_ws/install/audio_common_msgs' for CMake config files
[13.958s] Level 1:colcon.colcon_core.shell:create_environment_hook('audio_common_msgs', 'cmake_prefix_path')
[13.958s] INFO:colcon.colcon_core.shell:Creating environment hook '/home/mariem/ros2_ws/install/audio_common_msgs/share/audio_common_msgs/hook/cmake_prefix_path.ps1'
[13.959s] INFO:colcon.colcon_core.shell:Creating environment descriptor '/home/mariem/ros2_ws/install/audio_common_msgs/share/audio_common_msgs/hook/cmake_prefix_path.dsv'
[13.959s] INFO:colcon.colcon_core.shell:Creating environment hook '/home/mariem/ros2_ws/install/audio_common_msgs/share/audio_common_msgs/hook/cmake_prefix_path.sh'
[13.960s] Level 1:colcon.colcon_core.environment:checking '/home/mariem/ros2_ws/install/audio_common_msgs/lib'
[13.960s] Level 1:colcon.colcon_core.shell:create_environment_hook('audio_common_msgs', 'ld_library_path_lib')
[13.960s] INFO:colcon.colcon_core.shell:Creating environment hook '/home/mariem/ros2_ws/install/audio_common_msgs/share/audio_common_msgs/hook/ld_library_path_lib.ps1'
[13.961s] INFO:colcon.colcon_core.shell:Creating environment descriptor '/home/mariem/ros2_ws/install/audio_common_msgs/share/audio_common_msgs/hook/ld_library_path_lib.dsv'
[13.962s] INFO:colcon.colcon_core.shell:Creating environment hook '/home/mariem/ros2_ws/install/audio_common_msgs/share/audio_common_msgs/hook/ld_library_path_lib.sh'
[13.962s] Level 1:colcon.colcon_core.environment:checking '/home/mariem/ros2_ws/install/audio_common_msgs/bin'
[13.962s] Level 1:colcon.colcon_core.environment:checking '/home/mariem/ros2_ws/install/audio_common_msgs/lib/pkgconfig/audio_common_msgs.pc'
[13.962s] Level 1:colcon.colcon_core.environment:checking '/home/mariem/ros2_ws/install/audio_common_msgs/lib/python3.10/site-packages'
[13.962s] Level 1:colcon.colcon_core.environment:checking '/home/mariem/ros2_ws/install/audio_common_msgs/bin'
[13.963s] INFO:colcon.colcon_core.shell:Creating package script '/home/mariem/ros2_ws/install/audio_common_msgs/share/audio_common_msgs/package.ps1'
[13.963s] INFO:colcon.colcon_core.shell:Creating package descriptor '/home/mariem/ros2_ws/install/audio_common_msgs/share/audio_common_msgs/package.dsv'
[13.964s] INFO:colcon.colcon_core.shell:Creating package script '/home/mariem/ros2_ws/install/audio_common_msgs/share/audio_common_msgs/package.sh'
[13.965s] INFO:colcon.colcon_core.shell:Creating package script '/home/mariem/ros2_ws/install/audio_common_msgs/share/audio_common_msgs/package.bash'
[13.965s] INFO:colcon.colcon_core.shell:Creating package script '/home/mariem/ros2_ws/install/audio_common_msgs/share/audio_common_msgs/package.zsh'
[13.966s] Level 1:colcon.colcon_core.environment:create_file_with_runtime_dependencies(/home/mariem/ros2_ws/install/audio_common_msgs/share/colcon-core/packages/audio_common_msgs)
[13.967s] INFO:colcon.colcon_ros.task.ament_cmake.build:Building ROS package in '/home/mariem/ros2_ws/src/audio_common/audio_capture' with build type 'ament_cmake'
[13.967s] INFO:colcon.colcon_cmake.task.cmake.build:Building CMake package in '/home/mariem/ros2_ws/src/audio_common/audio_capture'
[13.967s] INFO:colcon.colcon_core.shell:Skip shell extension 'powershell' for command environment: Not usable outside of PowerShell
[13.967s] DEBUG:colcon.colcon_core.shell:Skip shell extension 'dsv' for command environment
[13.977s] DEBUG:colcon.colcon_core.event_handler.log_command:Invoking command in '/home/mariem/ros2_ws/build/audio_capture': AMENT_PREFIX_PATH=/home/mariem/ros2_ws/install/audio_common_msgs:${AMENT_PREFIX_PATH} CMAKE_PREFIX_PATH=/home/mariem/ros2_ws/install/audio_common_msgs:/home/mariem/ros2_audio_ws/install/audio_common_msgs:/opt/ros/humble LD_LIBRARY_PATH=/home/mariem/ros2_ws/install/audio_common_msgs/lib:${LD_LIBRARY_PATH} PYTHONPATH=/home/mariem/ros2_ws/install/audio_common_msgs/local/lib/python3.10/dist-packages:${PYTHONPATH} /usr/bin/cmake /home/mariem/ros2_ws/src/audio_common/audio_capture -DCMAKE_INSTALL_PREFIX=/home/mariem/ros2_ws/install/audio_capture
[16.482s] DEBUG:colcon.colcon_core.event_handler.log_command:Invoked command in '/home/mariem/ros2_ws/build/audio_capture' returned '0': AMENT_PREFIX_PATH=/home/mariem/ros2_ws/install/audio_common_msgs:${AMENT_PREFIX_PATH} CMAKE_PREFIX_PATH=/home/mariem/ros2_ws/install/audio_common_msgs:/home/mariem/ros2_audio_ws/install/audio_common_msgs:/opt/ros/humble LD_LIBRARY_PATH=/home/mariem/ros2_ws/install/audio_common_msgs/lib:${LD_LIBRARY_PATH} PYTHONPATH=/home/mariem/ros2_ws/install/audio_common_msgs/local/lib/python3.10/dist-packages:${PYTHONPATH} /usr/bin/cmake /home/mariem/ros2_ws/src/audio_common/audio_capture -DCMAKE_INSTALL_PREFIX=/home/mariem/ros2_ws/install/audio_capture
[16.484s] DEBUG:colcon.colcon_core.event_handler.log_command:Invoking command in '/home/mariem/ros2_ws/build/audio_capture': AMENT_PREFIX_PATH=/home/mariem/ros2_ws/install/audio_common_msgs:${AMENT_PREFIX_PATH} CMAKE_PREFIX_PATH=/home/mariem/ros2_ws/install/audio_common_msgs:/home/mariem/ros2_audio_ws/install/audio_common_msgs:/opt/ros/humble LD_LIBRARY_PATH=/home/mariem/ros2_ws/install/audio_common_msgs/lib:${LD_LIBRARY_PATH} PYTHONPATH=/home/mariem/ros2_ws/install/audio_common_msgs/local/lib/python3.10/dist-packages:${PYTHONPATH} /usr/bin/cmake --build /home/mariem/ros2_ws/build/audio_capture -- -j1 -l1
[34.494s] DEBUG:colcon.colcon_core.event_handler.log_command:Invoked command in '/home/mariem/ros2_ws/build/audio_capture' returned '0': AMENT_PREFIX_PATH=/home/mariem/ros2_ws/install/audio_common_msgs:${AMENT_PREFIX_PATH} CMAKE_PREFIX_PATH=/home/mariem/ros2_ws/install/audio_common_msgs:/home/mariem/ros2_audio_ws/install/audio_common_msgs:/opt/ros/humble LD_LIBRARY_PATH=/home/mariem/ros2_ws/install/audio_common_msgs/lib:${LD_LIBRARY_PATH} PYTHONPATH=/home/mariem/ros2_ws/install/audio_common_msgs/local/lib/python3.10/dist-packages:${PYTHONPATH} /usr/bin/cmake --build /home/mariem/ros2_ws/build/audio_capture -- -j1 -l1
[34.497s] DEBUG:colcon.colcon_core.event_handler.log_command:Invoking command in '/home/mariem/ros2_ws/build/audio_capture': AMENT_PREFIX_PATH=/home/mariem/ros2_ws/install/audio_common_msgs:${AMENT_PREFIX_PATH} CMAKE_PREFIX_PATH=/home/mariem/ros2_ws/install/audio_common_msgs:/home/mariem/ros2_audio_ws/install/audio_common_msgs:/opt/ros/humble LD_LIBRARY_PATH=/home/mariem/ros2_ws/install/audio_common_msgs/lib:${LD_LIBRARY_PATH} PYTHONPATH=/home/mariem/ros2_ws/install/audio_common_msgs/local/lib/python3.10/dist-packages:${PYTHONPATH} /usr/bin/cmake --install /home/mariem/ros2_ws/build/audio_capture
[34.532s] Level 1:colcon.colcon_core.environment:create_environment_scripts_only(audio_capture)
[34.532s] Level 1:colcon.colcon_core.environment:checking '/home/mariem/ros2_ws/install/audio_capture' for CMake module files
[34.532s] Level 1:colcon.colcon_core.environment:checking '/home/mariem/ros2_ws/install/audio_capture' for CMake config files
[34.532s] Level 1:colcon.colcon_core.shell:create_environment_hook('audio_capture', 'cmake_prefix_path')
[34.532s] INFO:colcon.colcon_core.shell:Creating environment hook '/home/mariem/ros2_ws/install/audio_capture/share/audio_capture/hook/cmake_prefix_path.ps1'
[34.533s] DEBUG:colcon.colcon_core.event_handler.log_command:Invoked command in '/home/mariem/ros2_ws/build/audio_capture' returned '0': AMENT_PREFIX_PATH=/home/mariem/ros2_ws/install/audio_common_msgs:${AMENT_PREFIX_PATH} CMAKE_PREFIX_PATH=/home/mariem/ros2_ws/install/audio_common_msgs:/home/mariem/ros2_audio_ws/install/audio_common_msgs:/opt/ros/humble LD_LIBRARY_PATH=/home/mariem/ros2_ws/install/audio_common_msgs/lib:${LD_LIBRARY_PATH} PYTHONPATH=/home/mariem/ros2_ws/install/audio_common_msgs/local/lib/python3.10/dist-packages:${PYTHONPATH} /usr/bin/cmake --install /home/mariem/ros2_ws/build/audio_capture
[34.534s] INFO:colcon.colcon_core.shell:Creating environment descriptor '/home/mariem/ros2_ws/install/audio_capture/share/audio_capture/hook/cmake_prefix_path.dsv'
[34.535s] INFO:colcon.colcon_core.shell:Creating environment hook '/home/mariem/ros2_ws/install/audio_capture/share/audio_capture/hook/cmake_prefix_path.sh'
[34.536s] Level 1:colcon.colcon_core.environment:checking '/home/mariem/ros2_ws/install/audio_capture/lib'
[34.536s] Level 1:colcon.colcon_core.shell:create_environment_hook('audio_capture', 'ld_library_path_lib')
[34.536s] INFO:colcon.colcon_core.shell:Creating environment hook '/home/mariem/ros2_ws/install/audio_capture/share/audio_capture/hook/ld_library_path_lib.ps1'
[34.536s] INFO:colcon.colcon_core.shell:Creating environment descriptor '/home/mariem/ros2_ws/install/audio_capture/share/audio_capture/hook/ld_library_path_lib.dsv'
[34.536s] INFO:colcon.colcon_core.shell:Creating environment hook '/home/mariem/ros2_ws/install/audio_capture/share/audio_capture/hook/ld_library_path_lib.sh'
[34.537s] Level 1:colcon.colcon_core.environment:checking '/home/mariem/ros2_ws/install/audio_capture/bin'
[34.537s] Level 1:colcon.colcon_core.shell:create_environment_hook('audio_capture', 'path')
[34.537s] INFO:colcon.colcon_core.shell:Creating environment hook '/home/mariem/ros2_ws/install/audio_capture/share/audio_capture/hook/path.ps1'
[34.537s] INFO:colcon.colcon_core.shell:Creating environment descriptor '/home/mariem/ros2_ws/install/audio_capture/share/audio_capture/hook/path.dsv'
[34.538s] INFO:colcon.colcon_core.shell:Creating environment hook '/home/mariem/ros2_ws/install/audio_capture/share/audio_capture/hook/path.sh'
[34.538s] Level 1:colcon.colcon_core.environment:checking '/home/mariem/ros2_ws/install/audio_capture/lib/pkgconfig/audio_capture.pc'
[34.538s] Level 1:colcon.colcon_core.environment:checking '/home/mariem/ros2_ws/install/audio_capture/lib/python3.10/site-packages'
[34.538s] Level 1:colcon.colcon_core.environment:checking '/home/mariem/ros2_ws/install/audio_capture/bin'
[34.538s] Level 1:colcon.colcon_core.shell:create_environment_hook('audio_capture', 'pythonscriptspath')
[34.538s] INFO:colcon.colcon_core.shell:Creating environment hook '/home/mariem/ros2_ws/install/audio_capture/share/audio_capture/hook/pythonscriptspath.ps1'
[34.539s] INFO:colcon.colcon_core.shell:Creating environment descriptor '/home/mariem/ros2_ws/install/audio_capture/share/audio_capture/hook/pythonscriptspath.dsv'
[34.539s] INFO:colcon.colcon_core.shell:Creating environment hook '/home/mariem/ros2_ws/install/audio_capture/share/audio_capture/hook/pythonscriptspath.sh'
[34.539s] INFO:colcon.colcon_core.shell:Creating package script '/home/mariem/ros2_ws/install/audio_capture/share/audio_capture/package.ps1'
[34.541s] INFO:colcon.colcon_core.shell:Creating package descriptor '/home/mariem/ros2_ws/install/audio_capture/share/audio_capture/package.dsv'
[34.542s] INFO:colcon.colcon_core.shell:Creating package script '/home/mariem/ros2_ws/install/audio_capture/share/audio_capture/package.sh'
[34.543s] INFO:colcon.colcon_core.shell:Creating package script '/home/mariem/ros2_ws/install/audio_capture/share/audio_capture/package.bash'
[34.544s] INFO:colcon.colcon_core.shell:Creating package script '/home/mariem/ros2_ws/install/audio_capture/share/audio_capture/package.zsh'
[34.545s] Level 1:colcon.colcon_core.environment:create_file_with_runtime_dependencies(/home/mariem/ros2_ws/install/audio_capture/share/colcon-core/packages/audio_capture)
[34.545s] Level 1:colcon.colcon_core.environment:create_environment_scripts_only(audio_capture)
[34.545s] Level 1:colcon.colcon_core.environment:checking '/home/mariem/ros2_ws/install/audio_capture' for CMake module files
[34.546s] Level 1:colcon.colcon_core.environment:checking '/home/mariem/ros2_ws/install/audio_capture' for CMake config files
[34.546s] Level 1:colcon.colcon_core.shell:create_environment_hook('audio_capture', 'cmake_prefix_path')
[34.546s] INFO:colcon.colcon_core.shell:Creating environment hook '/home/mariem/ros2_ws/install/audio_capture/share/audio_capture/hook/cmake_prefix_path.ps1'
[34.546s] INFO:colcon.colcon_core.shell:Creating environment descriptor '/home/mariem/ros2_ws/install/audio_capture/share/audio_capture/hook/cmake_prefix_path.dsv'
[34.547s] INFO:colcon.colcon_core.shell:Creating environment hook '/home/mariem/ros2_ws/install/audio_capture/share/audio_capture/hook/cmake_prefix_path.sh'
[34.548s] Level 1:colcon.colcon_core.environment:checking '/home/mariem/ros2_ws/install/audio_capture/lib'
[34.548s] Level 1:colcon.colcon_core.shell:create_environment_hook('audio_capture', 'ld_library_path_lib')
[34.548s] INFO:colcon.colcon_core.shell:Creating environment hook '/home/mariem/ros2_ws/install/audio_capture/share/audio_capture/hook/ld_library_path_lib.ps1'
[34.549s] INFO:colcon.colcon_core.shell:Creating environment descriptor '/home/mariem/ros2_ws/install/audio_capture/share/audio_capture/hook/ld_library_path_lib.dsv'
[34.549s] INFO:colcon.colcon_core.shell:Creating environment hook '/home/mariem/ros2_ws/install/audio_capture/share/audio_capture/hook/ld_library_path_lib.sh'
[34.550s] Level 1:colcon.colcon_core.environment:checking '/home/mariem/ros2_ws/install/audio_capture/bin'
[34.550s] Level 1:colcon.colcon_core.shell:create_environment_hook('audio_capture', 'path')
[34.550s] INFO:colcon.colcon_core.shell:Creating environment hook '/home/mariem/ros2_ws/install/audio_capture/share/audio_capture/hook/path.ps1'
[34.551s] INFO:colcon.colcon_core.shell:Creating environment descriptor '/home/mariem/ros2_ws/install/audio_capture/share/audio_capture/hook/path.dsv'
[34.551s] INFO:colcon.colcon_core.shell:Creating environment hook '/home/mariem/ros2_ws/install/audio_capture/share/audio_capture/hook/path.sh'
[34.552s] Level 1:colcon.colcon_core.environment:checking '/home/mariem/ros2_ws/install/audio_capture/lib/pkgconfig/audio_capture.pc'
[34.552s] Level 1:colcon.colcon_core.environment:checking '/home/mariem/ros2_ws/install/audio_capture/lib/python3.10/site-packages'
[34.552s] Level 1:colcon.colcon_core.environment:checking '/home/mariem/ros2_ws/install/audio_capture/bin'
[34.552s] Level 1:colcon.colcon_core.shell:create_environment_hook('audio_capture', 'pythonscriptspath')
[34.552s] INFO:colcon.colcon_core.shell:Creating environment hook '/home/mariem/ros2_ws/install/audio_capture/share/audio_capture/hook/pythonscriptspath.ps1'
[34.553s] INFO:colcon.colcon_core.shell:Creating environment descriptor '/home/mariem/ros2_ws/install/audio_capture/share/audio_capture/hook/pythonscriptspath.dsv'
[34.554s] INFO:colcon.colcon_core.shell:Creating environment hook '/home/mariem/ros2_ws/install/audio_capture/share/audio_capture/hook/pythonscriptspath.sh'
[34.555s] INFO:colcon.colcon_core.shell:Creating package script '/home/mariem/ros2_ws/install/audio_capture/share/audio_capture/package.ps1'
[34.556s] INFO:colcon.colcon_core.shell:Creating package descriptor '/home/mariem/ros2_ws/install/audio_capture/share/audio_capture/package.dsv'
[34.556s] INFO:colcon.colcon_core.shell:Creating package script '/home/mariem/ros2_ws/install/audio_capture/share/audio_capture/package.sh'
[34.557s] INFO:colcon.colcon_core.shell:Creating package script '/home/mariem/ros2_ws/install/audio_capture/share/audio_capture/package.bash'
[34.559s] INFO:colcon.colcon_core.shell:Creating package script '/home/mariem/ros2_ws/install/audio_capture/share/audio_capture/package.zsh'
[34.559s] Level 1:colcon.colcon_core.environment:create_file_with_runtime_dependencies(/home/mariem/ros2_ws/install/audio_capture/share/colcon-core/packages/audio_capture)
[34.560s] INFO:colcon.colcon_ros.task.ament_cmake.build:Building ROS package in '/home/mariem/ros2_ws/src/audio_common/audio_play' with build type 'ament_cmake'
[34.561s] INFO:colcon.colcon_cmake.task.cmake.build:Building CMake package in '/home/mariem/ros2_ws/src/audio_common/audio_play'
[34.561s] INFO:colcon.colcon_core.shell:Skip shell extension 'powershell' for command environment: Not usable outside of PowerShell
[34.561s] DEBUG:colcon.colcon_core.shell:Skip shell extension 'dsv' for command environment
[34.604s] DEBUG:colcon.colcon_core.event_handler.log_command:Invoking command in '/home/mariem/ros2_ws/build/audio_play': AMENT_PREFIX_PATH=/home/mariem/ros2_ws/install/audio_common_msgs:${AMENT_PREFIX_PATH} CMAKE_PREFIX_PATH=/home/mariem/ros2_ws/install/audio_common_msgs:/home/mariem/ros2_audio_ws/install/audio_common_msgs:/opt/ros/humble LD_LIBRARY_PATH=/home/mariem/ros2_ws/install/audio_common_msgs/lib:${LD_LIBRARY_PATH} PYTHONPATH=/home/mariem/ros2_ws/install/audio_common_msgs/local/lib/python3.10/dist-packages:${PYTHONPATH} /usr/bin/cmake /home/mariem/ros2_ws/src/audio_common/audio_play -DCMAKE_INSTALL_PREFIX=/home/mariem/ros2_ws/install/audio_play
[36.918s] DEBUG:colcon.colcon_core.event_handler.log_command:Invoked command in '/home/mariem/ros2_ws/build/audio_play' returned '0': AMENT_PREFIX_PATH=/home/mariem/ros2_ws/install/audio_common_msgs:${AMENT_PREFIX_PATH} CMAKE_PREFIX_PATH=/home/mariem/ros2_ws/install/audio_common_msgs:/home/mariem/ros2_audio_ws/install/audio_common_msgs:/opt/ros/humble LD_LIBRARY_PATH=/home/mariem/ros2_ws/install/audio_common_msgs/lib:${LD_LIBRARY_PATH} PYTHONPATH=/home/mariem/ros2_ws/install/audio_common_msgs/local/lib/python3.10/dist-packages:${PYTHONPATH} /usr/bin/cmake /home/mariem/ros2_ws/src/audio_common/audio_play -DCMAKE_INSTALL_PREFIX=/home/mariem/ros2_ws/install/audio_play
[36.923s] DEBUG:colcon.colcon_core.event_handler.log_command:Invoking command in '/home/mariem/ros2_ws/build/audio_play': AMENT_PREFIX_PATH=/home/mariem/ros2_ws/install/audio_common_msgs:${AMENT_PREFIX_PATH} CMAKE_PREFIX_PATH=/home/mariem/ros2_ws/install/audio_common_msgs:/home/mariem/ros2_audio_ws/install/audio_common_msgs:/opt/ros/humble LD_LIBRARY_PATH=/home/mariem/ros2_ws/install/audio_common_msgs/lib:${LD_LIBRARY_PATH} PYTHONPATH=/home/mariem/ros2_ws/install/audio_common_msgs/local/lib/python3.10/dist-packages:${PYTHONPATH} /usr/bin/cmake --build /home/mariem/ros2_ws/build/audio_play -- -j1 -l1
[50.968s] DEBUG:colcon.colcon_core.event_handler.log_command:Invoked command in '/home/mariem/ros2_ws/build/audio_play' returned '0': AMENT_PREFIX_PATH=/home/mariem/ros2_ws/install/audio_common_msgs:${AMENT_PREFIX_PATH} CMAKE_PREFIX_PATH=/home/mariem/ros2_ws/install/audio_common_msgs:/home/mariem/ros2_audio_ws/install/audio_common_msgs:/opt/ros/humble LD_LIBRARY_PATH=/home/mariem/ros2_ws/install/audio_common_msgs/lib:${LD_LIBRARY_PATH} PYTHONPATH=/home/mariem/ros2_ws/install/audio_common_msgs/local/lib/python3.10/dist-packages:${PYTHONPATH} /usr/bin/cmake --build /home/mariem/ros2_ws/build/audio_play -- -j1 -l1
[50.969s] DEBUG:colcon.colcon_core.event_handler.log_command:Invoking command in '/home/mariem/ros2_ws/build/audio_play': AMENT_PREFIX_PATH=/home/mariem/ros2_ws/install/audio_common_msgs:${AMENT_PREFIX_PATH} CMAKE_PREFIX_PATH=/home/mariem/ros2_ws/install/audio_common_msgs:/home/mariem/ros2_audio_ws/install/audio_common_msgs:/opt/ros/humble LD_LIBRARY_PATH=/home/mariem/ros2_ws/install/audio_common_msgs/lib:${LD_LIBRARY_PATH} PYTHONPATH=/home/mariem/ros2_ws/install/audio_common_msgs/local/lib/python3.10/dist-packages:${PYTHONPATH} /usr/bin/cmake --install /home/mariem/ros2_ws/build/audio_play
[50.991s] Level 1:colcon.colcon_core.environment:create_environment_scripts_only(audio_play)
[50.991s] Level 1:colcon.colcon_core.environment:checking '/home/mariem/ros2_ws/install/audio_play' for CMake module files
[50.991s] Level 1:colcon.colcon_core.environment:checking '/home/mariem/ros2_ws/install/audio_play' for CMake config files
[50.991s] Level 1:colcon.colcon_core.shell:create_environment_hook('audio_play', 'cmake_prefix_path')
[50.991s] INFO:colcon.colcon_core.shell:Creating environment hook '/home/mariem/ros2_ws/install/audio_play/share/audio_play/hook/cmake_prefix_path.ps1'
[50.992s] INFO:colcon.colcon_core.shell:Creating environment descriptor '/home/mariem/ros2_ws/install/audio_play/share/audio_play/hook/cmake_prefix_path.dsv'
[50.992s] INFO:colcon.colcon_core.shell:Creating environment hook '/home/mariem/ros2_ws/install/audio_play/share/audio_play/hook/cmake_prefix_path.sh'
[50.992s] Level 1:colcon.colcon_core.environment:checking '/home/mariem/ros2_ws/install/audio_play/lib'
[50.992s] Level 1:colcon.colcon_core.shell:create_environment_hook('audio_play', 'ld_library_path_lib')
[50.993s] INFO:colcon.colcon_core.shell:Creating environment hook '/home/mariem/ros2_ws/install/audio_play/share/audio_play/hook/ld_library_path_lib.ps1'
[50.993s] INFO:colcon.colcon_core.shell:Creating environment descriptor '/home/mariem/ros2_ws/install/audio_play/share/audio_play/hook/ld_library_path_lib.dsv'
[50.993s] INFO:colcon.colcon_core.shell:Creating environment hook '/home/mariem/ros2_ws/install/audio_play/share/audio_play/hook/ld_library_path_lib.sh'
[50.993s] Level 1:colcon.colcon_core.environment:checking '/home/mariem/ros2_ws/install/audio_play/bin'
[50.993s] Level 1:colcon.colcon_core.shell:create_environment_hook('audio_play', 'path')
[50.993s] INFO:colcon.colcon_core.shell:Creating environment hook '/home/mariem/ros2_ws/install/audio_play/share/audio_play/hook/path.ps1'
[50.993s] INFO:colcon.colcon_core.shell:Creating environment descriptor '/home/mariem/ros2_ws/install/audio_play/share/audio_play/hook/path.dsv'
[50.994s] INFO:colcon.colcon_core.shell:Creating environment hook '/home/mariem/ros2_ws/install/audio_play/share/audio_play/hook/path.sh'
[50.994s] Level 1:colcon.colcon_core.environment:checking '/home/mariem/ros2_ws/install/audio_play/lib/pkgconfig/audio_play.pc'
[50.994s] Level 1:colcon.colcon_core.environment:checking '/home/mariem/ros2_ws/install/audio_play/lib/python3.10/site-packages'
[50.994s] Level 1:colcon.colcon_core.environment:checking '/home/mariem/ros2_ws/install/audio_play/bin'
[50.994s] Level 1:colcon.colcon_core.shell:create_environment_hook('audio_play', 'pythonscriptspath')
[50.994s] INFO:colcon.colcon_core.shell:Creating environment hook '/home/mariem/ros2_ws/install/audio_play/share/audio_play/hook/pythonscriptspath.ps1'
[50.994s] INFO:colcon.colcon_core.shell:Creating environment descriptor '/home/mariem/ros2_ws/install/audio_play/share/audio_play/hook/pythonscriptspath.dsv'
[50.995s] INFO:colcon.colcon_core.shell:Creating environment hook '/home/mariem/ros2_ws/install/audio_play/share/audio_play/hook/pythonscriptspath.sh'
[50.995s] INFO:colcon.colcon_core.shell:Creating package script '/home/mariem/ros2_ws/install/audio_play/share/audio_play/package.ps1'
[50.995s] INFO:colcon.colcon_core.shell:Creating package descriptor '/home/mariem/ros2_ws/install/audio_play/share/audio_play/package.dsv'
[50.997s] DEBUG:colcon.colcon_core.event_handler.log_command:Invoked command in '/home/mariem/ros2_ws/build/audio_play' returned '0': AMENT_PREFIX_PATH=/home/mariem/ros2_ws/install/audio_common_msgs:${AMENT_PREFIX_PATH} CMAKE_PREFIX_PATH=/home/mariem/ros2_ws/install/audio_common_msgs:/home/mariem/ros2_audio_ws/install/audio_common_msgs:/opt/ros/humble LD_LIBRARY_PATH=/home/mariem/ros2_ws/install/audio_common_msgs/lib:${LD_LIBRARY_PATH} PYTHONPATH=/home/mariem/ros2_ws/install/audio_common_msgs/local/lib/python3.10/dist-packages:${PYTHONPATH} /usr/bin/cmake --install /home/mariem/ros2_ws/build/audio_play
[50.997s] INFO:colcon.colcon_core.shell:Creating package script '/home/mariem/ros2_ws/install/audio_play/share/audio_play/package.sh'
[50.997s] INFO:colcon.colcon_core.shell:Creating package script '/home/mariem/ros2_ws/install/audio_play/share/audio_play/package.bash'
[50.997s] INFO:colcon.colcon_core.shell:Creating package script '/home/mariem/ros2_ws/install/audio_play/share/audio_play/package.zsh'
[50.998s] Level 1:colcon.colcon_core.environment:create_file_with_runtime_dependencies(/home/mariem/ros2_ws/install/audio_play/share/colcon-core/packages/audio_play)
[50.998s] Level 1:colcon.colcon_core.environment:create_environment_scripts_only(audio_play)
[50.998s] Level 1:colcon.colcon_core.environment:checking '/home/mariem/ros2_ws/install/audio_play' for CMake module files
[50.998s] Level 1:colcon.colcon_core.environment:checking '/home/mariem/ros2_ws/install/audio_play' for CMake config files
[50.998s] Level 1:colcon.colcon_core.shell:create_environment_hook('audio_play', 'cmake_prefix_path')
[50.998s] INFO:colcon.colcon_core.shell:Creating environment hook '/home/mariem/ros2_ws/install/audio_play/share/audio_play/hook/cmake_prefix_path.ps1'
[50.999s] INFO:colcon.colcon_core.shell:Creating environment descriptor '/home/mariem/ros2_ws/install/audio_play/share/audio_play/hook/cmake_prefix_path.dsv'
[51.000s] INFO:colcon.colcon_core.shell:Creating environment hook '/home/mariem/ros2_ws/install/audio_play/share/audio_play/hook/cmake_prefix_path.sh'
[51.001s] Level 1:colcon.colcon_core.environment:checking '/home/mariem/ros2_ws/install/audio_play/lib'
[51.001s] Level 1:colcon.colcon_core.shell:create_environment_hook('audio_play', 'ld_library_path_lib')
[51.001s] INFO:colcon.colcon_core.shell:Creating environment hook '/home/mariem/ros2_ws/install/audio_play/share/audio_play/hook/ld_library_path_lib.ps1'
[51.001s] INFO:colcon.colcon_core.shell:Creating environment descriptor '/home/mariem/ros2_ws/install/audio_play/share/audio_play/hook/ld_library_path_lib.dsv'
[51.002s] INFO:colcon.colcon_core.shell:Creating environment hook '/home/mariem/ros2_ws/install/audio_play/share/audio_play/hook/ld_library_path_lib.sh'
[51.003s] Level 1:colcon.colcon_core.environment:checking '/home/mariem/ros2_ws/install/audio_play/bin'
[51.003s] Level 1:colcon.colcon_core.shell:create_environment_hook('audio_play', 'path')
[51.003s] INFO:colcon.colcon_core.shell:Creating environment hook '/home/mariem/ros2_ws/install/audio_play/share/audio_play/hook/path.ps1'
[51.003s] INFO:colcon.colcon_core.shell:Creating environment descriptor '/home/mariem/ros2_ws/install/audio_play/share/audio_play/hook/path.dsv'
[51.004s] INFO:colcon.colcon_core.shell:Creating environment hook '/home/mariem/ros2_ws/install/audio_play/share/audio_play/hook/path.sh'
[51.005s] Level 1:colcon.colcon_core.environment:checking '/home/mariem/ros2_ws/install/audio_play/lib/pkgconfig/audio_play.pc'
[51.005s] Level 1:colcon.colcon_core.environment:checking '/home/mariem/ros2_ws/install/audio_play/lib/python3.10/site-packages'
[51.005s] Level 1:colcon.colcon_core.environment:checking '/home/mariem/ros2_ws/install/audio_play/bin'
[51.005s] Level 1:colcon.colcon_core.shell:create_environment_hook('audio_play', 'pythonscriptspath')
[51.005s] INFO:colcon.colcon_core.shell:Creating environment hook '/home/mariem/ros2_ws/install/audio_play/share/audio_play/hook/pythonscriptspath.ps1'
[51.006s] INFO:colcon.colcon_core.shell:Creating environment descriptor '/home/mariem/ros2_ws/install/audio_play/share/audio_play/hook/pythonscriptspath.dsv'
[51.006s] INFO:colcon.colcon_core.shell:Creating environment hook '/home/mariem/ros2_ws/install/audio_play/share/audio_play/hook/pythonscriptspath.sh'
[51.007s] INFO:colcon.colcon_core.shell:Creating package script '/home/mariem/ros2_ws/install/audio_play/share/audio_play/package.ps1'
[51.008s] INFO:colcon.colcon_core.shell:Creating package descriptor '/home/mariem/ros2_ws/install/audio_play/share/audio_play/package.dsv'
[51.008s] INFO:colcon.colcon_core.shell:Creating package script '/home/mariem/ros2_ws/install/audio_play/share/audio_play/package.sh'
[51.010s] INFO:colcon.colcon_core.shell:Creating package script '/home/mariem/ros2_ws/install/audio_play/share/audio_play/package.bash'
[51.010s] INFO:colcon.colcon_core.shell:Creating package script '/home/mariem/ros2_ws/install/audio_play/share/audio_play/package.zsh'
[51.011s] Level 1:colcon.colcon_core.environment:create_file_with_runtime_dependencies(/home/mariem/ros2_ws/install/audio_play/share/colcon-core/packages/audio_play)
[51.012s] INFO:colcon.colcon_ros.task.ament_python.build:Building ROS package in '/home/mariem/ros2_ws/src/audio_streamer' with build type 'ament_python'
[51.012s] Level 1:colcon.colcon_core.shell:create_environment_hook('audio_streamer', 'ament_prefix_path')
[51.012s] INFO:colcon.colcon_core.shell:Creating environment hook '/home/mariem/ros2_ws/install/audio_streamer/share/audio_streamer/hook/ament_prefix_path.ps1'
[51.013s] INFO:colcon.colcon_core.shell:Creating environment descriptor '/home/mariem/ros2_ws/install/audio_streamer/share/audio_streamer/hook/ament_prefix_path.dsv'
[51.013s] INFO:colcon.colcon_core.shell:Creating environment hook '/home/mariem/ros2_ws/install/audio_streamer/share/audio_streamer/hook/ament_prefix_path.sh'
[51.013s] INFO:colcon.colcon_core.shell:Skip shell extension 'powershell' for command environment: Not usable outside of PowerShell
[51.013s] DEBUG:colcon.colcon_core.shell:Skip shell extension 'dsv' for command environment
[51.381s] INFO:colcon.colcon_core.task.python.build:Building Python package in '/home/mariem/ros2_ws/src/audio_streamer'
[51.381s] INFO:colcon.colcon_core.shell:Skip shell extension 'powershell' for command environment: Not usable outside of PowerShell
[51.381s] DEBUG:colcon.colcon_core.shell:Skip shell extension 'dsv' for command environment
[51.796s] DEBUG:colcon.colcon_core.event_handler.log_command:Invoking command in '/home/mariem/ros2_ws/src/audio_streamer': PYTHONPATH=/home/mariem/ros2_ws/build/audio_streamer/prefix_override:/usr/lib/python3/dist-packages/colcon_core/task/python/colcon_distutils_commands:/home/mariem/ros2_ws/install/audio_streamer/lib/python3.10/site-packages:${PYTHONPATH} /usr/bin/python3 -W ignore:setup.py install is deprecated -W ignore:easy_install command is deprecated setup.py egg_info --egg-base ../../build/audio_streamer build --build-base /home/mariem/ros2_ws/build/audio_streamer/build install --record /home/mariem/ros2_ws/build/audio_streamer/install.log --single-version-externally-managed install_data
[52.103s] Level 1:colcon.colcon_core.environment:checking '/home/mariem/ros2_ws/install/audio_streamer' for CMake module files
[52.103s] DEBUG:colcon.colcon_core.event_handler.log_command:Invoked command in '/home/mariem/ros2_ws/src/audio_streamer' returned '0': PYTHONPATH=/home/mariem/ros2_ws/build/audio_streamer/prefix_override:/usr/lib/python3/dist-packages/colcon_core/task/python/colcon_distutils_commands:/home/mariem/ros2_ws/install/audio_streamer/lib/python3.10/site-packages:${PYTHONPATH} /usr/bin/python3 -W ignore:setup.py install is deprecated -W ignore:easy_install command is deprecated setup.py egg_info --egg-base ../../build/audio_streamer build --build-base /home/mariem/ros2_ws/build/audio_streamer/build install --record /home/mariem/ros2_ws/build/audio_streamer/install.log --single-version-externally-managed install_data
[52.103s] Level 1:colcon.colcon_core.environment:checking '/home/mariem/ros2_ws/install/audio_streamer' for CMake config files
[52.103s] Level 1:colcon.colcon_core.environment:checking '/home/mariem/ros2_ws/install/audio_streamer/lib'
[52.103s] Level 1:colcon.colcon_core.environment:checking '/home/mariem/ros2_ws/install/audio_streamer/bin'
[52.104s] Level 1:colcon.colcon_core.environment:checking '/home/mariem/ros2_ws/install/audio_streamer/lib/pkgconfig/audio_streamer.pc'
[52.104s] Level 1:colcon.colcon_core.environment:checking '/home/mariem/ros2_ws/install/audio_streamer/lib/python3.10/site-packages'
[52.104s] Level 1:colcon.colcon_core.shell:create_environment_hook('audio_streamer', 'pythonpath')
[52.104s] INFO:colcon.colcon_core.shell:Creating environment hook '/home/mariem/ros2_ws/install/audio_streamer/share/audio_streamer/hook/pythonpath.ps1'
[52.104s] INFO:colcon.colcon_core.shell:Creating environment descriptor '/home/mariem/ros2_ws/install/audio_streamer/share/audio_streamer/hook/pythonpath.dsv'
[52.104s] INFO:colcon.colcon_core.shell:Creating environment hook '/home/mariem/ros2_ws/install/audio_streamer/share/audio_streamer/hook/pythonpath.sh'
[52.105s] Level 1:colcon.colcon_core.environment:checking '/home/mariem/ros2_ws/install/audio_streamer/bin'
[52.105s] Level 1:colcon.colcon_core.environment:create_environment_scripts_only(audio_streamer)
[52.105s] INFO:colcon.colcon_core.shell:Creating package script '/home/mariem/ros2_ws/install/audio_streamer/share/audio_streamer/package.ps1'
[52.105s] INFO:colcon.colcon_core.shell:Creating package descriptor '/home/mariem/ros2_ws/install/audio_streamer/share/audio_streamer/package.dsv'
[52.105s] INFO:colcon.colcon_core.shell:Creating package script '/home/mariem/ros2_ws/install/audio_streamer/share/audio_streamer/package.sh'
[52.106s] INFO:colcon.colcon_core.shell:Creating package script '/home/mariem/ros2_ws/install/audio_streamer/share/audio_streamer/package.bash'
[52.106s] INFO:colcon.colcon_core.shell:Creating package script '/home/mariem/ros2_ws/install/audio_streamer/share/audio_streamer/package.zsh'
[52.106s] Level 1:colcon.colcon_core.environment:create_file_with_runtime_dependencies(/home/mariem/ros2_ws/install/audio_streamer/share/colcon-core/packages/audio_streamer)
[52.106s] INFO:colcon.colcon_ros.task.ament_cmake.build:Building ROS package in '/home/mariem/ros2_ws/src/audio_common/audio_common' with build type 'ament_cmake'
[52.107s] INFO:colcon.colcon_cmake.task.cmake.build:Building CMake package in '/home/mariem/ros2_ws/src/audio_common/audio_common'
[52.107s] INFO:colcon.colcon_core.shell:Skip shell extension 'powershell' for command environment: Not usable outside of PowerShell
[52.107s] DEBUG:colcon.colcon_core.shell:Skip shell extension 'dsv' for command environment
[52.110s] ERROR:colcon.colcon_cmake.task.cmake.build:Failed to find the following files:
- /home/mariem/ros2_ws/install/sound_play/share/sound_play/package.sh
Check that the following packages have been built:
- sound_play
[52.110s] Level 1:colcon.colcon_core.environment:create_environment_scripts_only(audio_common)
[52.110s] Level 1:colcon.colcon_core.environment:checking '/home/mariem/ros2_ws/install/audio_common' for CMake module files
[52.111s] Level 1:colcon.colcon_core.environment:checking '/home/mariem/ros2_ws/install/audio_common' for CMake config files
[52.111s] Level 1:colcon.colcon_core.environment:checking '/home/mariem/ros2_ws/install/audio_common/bin'
[52.111s] Level 1:colcon.colcon_core.environment:checking '/home/mariem/ros2_ws/install/audio_common/lib/pkgconfig/audio_common.pc'
[52.111s] Level 1:colcon.colcon_core.environment:checking '/home/mariem/ros2_ws/install/audio_common/lib/python3.10/site-packages'
[52.111s] Level 1:colcon.colcon_core.environment:checking '/home/mariem/ros2_ws/install/audio_common/bin'
[52.111s] INFO:colcon.colcon_core.shell:Creating package script '/home/mariem/ros2_ws/install/audio_common/share/audio_common/package.ps1'
[52.112s] INFO:colcon.colcon_core.shell:Creating package descriptor '/home/mariem/ros2_ws/install/audio_common/share/audio_common/package.dsv'
[52.112s] INFO:colcon.colcon_core.shell:Creating package script '/home/mariem/ros2_ws/install/audio_common/share/audio_common/package.sh'
[52.112s] INFO:colcon.colcon_core.shell:Creating package script '/home/mariem/ros2_ws/install/audio_common/share/audio_common/package.bash'
[52.112s] INFO:colcon.colcon_core.shell:Creating package script '/home/mariem/ros2_ws/install/audio_common/share/audio_common/package.zsh'
[52.112s] Level 1:colcon.colcon_core.environment:create_file_with_runtime_dependencies(/home/mariem/ros2_ws/install/audio_common/share/colcon-core/packages/audio_common)
[52.113s] DEBUG:colcon.colcon_parallel_executor.executor.parallel:closing loop
[52.113s] DEBUG:colcon.colcon_parallel_executor.executor.parallel:loop closed
[52.113s] DEBUG:colcon.colcon_parallel_executor.executor.parallel:run_until_complete finished with '1'
[52.113s] DEBUG:colcon.colcon_core.event_reactor:joining thread
[52.160s] INFO:colcon.colcon_core.plugin_system:Skipping extension 'colcon_notification.desktop_notification.terminal_notifier': Not used on non-Darwin systems
[52.160s] INFO:colcon.colcon_core.plugin_system:Skipping extension 'colcon_notification.desktop_notification.win32': Not used on non-Windows systems
[52.160s] INFO:colcon.colcon_notification.desktop_notification:Sending desktop notification using 'notify2'
[52.632s] DEBUG:colcon.colcon_core.event_reactor:joined thread
[52.632s] INFO:colcon.colcon_core.shell:Creating prefix script '/home/mariem/ros2_ws/install/local_setup.ps1'
[52.635s] INFO:colcon.colcon_core.shell:Creating prefix util module '/home/mariem/ros2_ws/install/_local_setup_util_ps1.py'
[52.638s] INFO:colcon.colcon_core.shell:Creating prefix chain script '/home/mariem/ros2_ws/install/setup.ps1'
[52.642s] INFO:colcon.colcon_core.shell:Creating prefix script '/home/mariem/ros2_ws/install/local_setup.sh'
[52.644s] INFO:colcon.colcon_core.shell:Creating prefix util module '/home/mariem/ros2_ws/install/_local_setup_util_sh.py'
[52.644s] INFO:colcon.colcon_core.shell:Creating prefix chain script '/home/mariem/ros2_ws/install/setup.sh'
[52.646s] INFO:colcon.colcon_core.shell:Creating prefix script '/home/mariem/ros2_ws/install/local_setup.bash'
[52.648s] INFO:colcon.colcon_core.shell:Creating prefix chain script '/home/mariem/ros2_ws/install/setup.bash'
[52.650s] INFO:colcon.colcon_core.shell:Creating prefix script '/home/mariem/ros2_ws/install/local_setup.zsh'
[52.652s] INFO:colcon.colcon_core.shell:Creating prefix chain script '/home/mariem/ros2_ws/install/setup.zsh'
