running egg_info
creating ../../build/audio_streamer/audio_streamer.egg-info
writing ../../build/audio_streamer/audio_streamer.egg-info/PKG-INFO
writing dependency_links to ../../build/audio_streamer/audio_streamer.egg-info/dependency_links.txt
writing entry points to ../../build/audio_streamer/audio_streamer.egg-info/entry_points.txt
writing requirements to ../../build/audio_streamer/audio_streamer.egg-info/requires.txt
writing top-level names to ../../build/audio_streamer/audio_streamer.egg-info/top_level.txt
writing manifest file '../../build/audio_streamer/audio_streamer.egg-info/SOURCES.txt'
reading manifest file '../../build/audio_streamer/audio_streamer.egg-info/SOURCES.txt'
writing manifest file '../../build/audio_streamer/audio_streamer.egg-info/SOURCES.txt'
running build
running build_py
creating /home/mariem/ros2_ws/build/audio_streamer/build/lib/audio_streamer
copying audio_streamer/__init__.py -> /home/mariem/ros2_ws/build/audio_streamer/build/lib/audio_streamer
copying audio_streamer/audio_subscriber.py -> /home/mariem/ros2_ws/build/audio_streamer/build/lib/audio_streamer
copying audio_streamer/audio_publisher.py -> /home/mariem/ros2_ws/build/audio_streamer/build/lib/audio_streamer
running install
running install_lib
creating /home/mariem/ros2_ws/install/audio_streamer/lib/python3.10/site-packages/audio_streamer
copying /home/mariem/ros2_ws/build/audio_streamer/build/lib/audio_streamer/__init__.py -> /home/mariem/ros2_ws/install/audio_streamer/lib/python3.10/site-packages/audio_streamer
copying /home/mariem/ros2_ws/build/audio_streamer/build/lib/audio_streamer/audio_subscriber.py -> /home/mariem/ros2_ws/install/audio_streamer/lib/python3.10/site-packages/audio_streamer
copying /home/mariem/ros2_ws/build/audio_streamer/build/lib/audio_streamer/audio_publisher.py -> /home/mariem/ros2_ws/install/audio_streamer/lib/python3.10/site-packages/audio_streamer
byte-compiling /home/mariem/ros2_ws/install/audio_streamer/lib/python3.10/site-packages/audio_streamer/__init__.py to __init__.cpython-310.pyc
byte-compiling /home/mariem/ros2_ws/install/audio_streamer/lib/python3.10/site-packages/audio_streamer/audio_subscriber.py to audio_subscriber.cpython-310.pyc
byte-compiling /home/mariem/ros2_ws/install/audio_streamer/lib/python3.10/site-packages/audio_streamer/audio_publisher.py to audio_publisher.cpython-310.pyc
running install_data
creating /home/mariem/ros2_ws/install/audio_streamer/share/ament_index/resource_index/packages
copying resource/audio_streamer -> /home/mariem/ros2_ws/install/audio_streamer/share/ament_index/resource_index/packages
copying package.xml -> /home/mariem/ros2_ws/install/audio_streamer/share/audio_streamer
running install_egg_info
Copying ../../build/audio_streamer/audio_streamer.egg-info to /home/mariem/ros2_ws/install/audio_streamer/lib/python3.10/site-packages/audio_streamer-0.0.0-py3.10.egg-info
running install_scripts
Installing audio_pub script to /home/mariem/ros2_ws/install/audio_streamer/lib/audio_streamer
Installing audio_sub script to /home/mariem/ros2_ws/install/audio_streamer/lib/audio_streamer
writing list of installed files to '/home/mariem/ros2_ws/build/audio_streamer/install.log'
