[0.784s] Invoking command in '/home/mariem/ros2_ws/src/audio_streamer': PYTHONPATH=/home/mariem/ros2_ws/build/audio_streamer/prefix_override:/usr/lib/python3/dist-packages/colcon_core/task/python/colcon_distutils_commands:/home/mariem/ros2_ws/install/audio_streamer/lib/python3.10/site-packages:${PYTHONPATH} /usr/bin/python3 -W ignore:setup.py install is deprecated -W ignore:easy_install command is deprecated setup.py egg_info --egg-base ../../build/audio_streamer build --build-base /home/mariem/ros2_ws/build/audio_streamer/build install --record /home/mariem/ros2_ws/build/audio_streamer/install.log --single-version-externally-managed install_data
[0.972s] running egg_info
[0.983s] creating ../../build/audio_streamer/audio_streamer.egg-info
[0.983s] writing ../../build/audio_streamer/audio_streamer.egg-info/PKG-INFO
[0.984s] writing dependency_links to ../../build/audio_streamer/audio_streamer.egg-info/dependency_links.txt
[0.984s] writing entry points to ../../build/audio_streamer/audio_streamer.egg-info/entry_points.txt
[0.984s] writing requirements to ../../build/audio_streamer/audio_streamer.egg-info/requires.txt
[0.985s] writing top-level names to ../../build/audio_streamer/audio_streamer.egg-info/top_level.txt
[0.985s] writing manifest file '../../build/audio_streamer/audio_streamer.egg-info/SOURCES.txt'
[1.004s] reading manifest file '../../build/audio_streamer/audio_streamer.egg-info/SOURCES.txt'
[1.005s] writing manifest file '../../build/audio_streamer/audio_streamer.egg-info/SOURCES.txt'
[1.007s] running build
[1.007s] running build_py
[1.007s] creating /home/mariem/ros2_ws/build/audio_streamer/build/lib/audio_streamer
[1.007s] copying audio_streamer/__init__.py -> /home/mariem/ros2_ws/build/audio_streamer/build/lib/audio_streamer
[1.007s] copying audio_streamer/audio_subscriber.py -> /home/mariem/ros2_ws/build/audio_streamer/build/lib/audio_streamer
[1.008s] copying audio_streamer/audio_publisher.py -> /home/mariem/ros2_ws/build/audio_streamer/build/lib/audio_streamer
[1.008s] running install
[1.011s] running install_lib
[1.019s] creating /home/mariem/ros2_ws/install/audio_streamer/lib/python3.10/site-packages/audio_streamer
[1.019s] copying /home/mariem/ros2_ws/build/audio_streamer/build/lib/audio_streamer/__init__.py -> /home/mariem/ros2_ws/install/audio_streamer/lib/python3.10/site-packages/audio_streamer
[1.020s] copying /home/mariem/ros2_ws/build/audio_streamer/build/lib/audio_streamer/audio_subscriber.py -> /home/mariem/ros2_ws/install/audio_streamer/lib/python3.10/site-packages/audio_streamer
[1.020s] copying /home/mariem/ros2_ws/build/audio_streamer/build/lib/audio_streamer/audio_publisher.py -> /home/mariem/ros2_ws/install/audio_streamer/lib/python3.10/site-packages/audio_streamer
[1.023s] byte-compiling /home/mariem/ros2_ws/install/audio_streamer/lib/python3.10/site-packages/audio_streamer/__init__.py to __init__.cpython-310.pyc
[1.023s] byte-compiling /home/mariem/ros2_ws/install/audio_streamer/lib/python3.10/site-packages/audio_streamer/audio_subscriber.py to audio_subscriber.cpython-310.pyc
[1.024s] byte-compiling /home/mariem/ros2_ws/install/audio_streamer/lib/python3.10/site-packages/audio_streamer/audio_publisher.py to audio_publisher.cpython-310.pyc
[1.025s] running install_data
[1.025s] creating /home/mariem/ros2_ws/install/audio_streamer/share/ament_index/resource_index/packages
[1.025s] copying resource/audio_streamer -> /home/mariem/ros2_ws/install/audio_streamer/share/ament_index/resource_index/packages
[1.025s] copying package.xml -> /home/mariem/ros2_ws/install/audio_streamer/share/audio_streamer
[1.034s] running install_egg_info
[1.038s] Copying ../../build/audio_streamer/audio_streamer.egg-info to /home/mariem/ros2_ws/install/audio_streamer/lib/python3.10/site-packages/audio_streamer-0.0.0-py3.10.egg-info
[1.039s] running install_scripts
[1.068s] Installing audio_pub script to /home/mariem/ros2_ws/install/audio_streamer/lib/audio_streamer
[1.069s] Installing audio_sub script to /home/mariem/ros2_ws/install/audio_streamer/lib/audio_streamer
[1.069s] writing list of installed files to '/home/mariem/ros2_ws/build/audio_streamer/install.log'
[1.091s] Invoked command in '/home/mariem/ros2_ws/src/audio_streamer' returned '0': PYTHONPATH=/home/mariem/ros2_ws/build/audio_streamer/prefix_override:/usr/lib/python3/dist-packages/colcon_core/task/python/colcon_distutils_commands:/home/mariem/ros2_ws/install/audio_streamer/lib/python3.10/site-packages:${PYTHONPATH} /usr/bin/python3 -W ignore:setup.py install is deprecated -W ignore:easy_install command is deprecated setup.py egg_info --egg-base ../../build/audio_streamer build --build-base /home/mariem/ros2_ws/build/audio_streamer/build install --record /home/mariem/ros2_ws/build/audio_streamer/install.log --single-version-externally-managed install_data
