[0.007s] Invoking command in '/home/mariem/ros2_ws/build/audio_capture': AMENT_PREFIX_PATH=/home/mariem/ros2_ws/install/audio_common_msgs:${AMENT_PREFIX_PATH} CMAKE_PREFIX_PATH=/home/mariem/ros2_ws/install/audio_common_msgs:/home/mariem/ros2_audio_ws/install/audio_common_msgs:/opt/ros/humble LD_LIBRARY_PATH=/home/mariem/ros2_ws/install/audio_common_msgs/lib:${LD_LIBRARY_PATH} PYTHONPATH=/home/mariem/ros2_ws/install/audio_common_msgs/local/lib/python3.10/dist-packages:${PYTHONPATH} /usr/bin/cmake /home/mariem/ros2_ws/src/audio_common/audio_capture -DCMAKE_INSTALL_PREFIX=/home/mariem/ros2_ws/install/audio_capture
[0.112s] -- The C compiler identification is GNU 11.4.0
[0.171s] -- The CXX compiler identification is GNU 11.4.0
[0.185s] -- Detecting C compiler ABI info
[0.267s] -- Detecting C compiler ABI info - done
[0.301s] -- Check for working C compiler: /usr/bin/cc - skipped
[0.301s] -- Detecting C compile features
[0.301s] -- Detecting C compile features - done
[0.301s] -- Detecting CXX compiler ABI info
[0.392s] -- Detecting CXX compiler ABI info - done
[0.401s] -- Check for working CXX compiler: /usr/bin/c++ - skipped
[0.401s] -- Detecting CXX compile features
[0.401s] -- Detecting CXX compile features - done
[0.403s] -- Found ament_cmake: 1.3.12 (/opt/ros/humble/share/ament_cmake/cmake)
[0.759s] -- Found Python3: /usr/bin/python3 (found version "3.10.12") found components: Interpreter 
[0.852s] -- Found rclcpp: 16.0.15 (/opt/ros/humble/share/rclcpp/cmake)
[0.914s] -- Found rosidl_generator_c: 3.1.7 (/opt/ros/humble/share/rosidl_generator_c/cmake)
[0.914s] -- Found rosidl_adapter: 3.1.7 (/opt/ros/humble/share/rosidl_adapter/cmake)
[0.926s] -- Found rosidl_generator_cpp: 3.1.7 (/opt/ros/humble/share/rosidl_generator_cpp/cmake)
[0.927s] -- Using all available rosidl_typesupport_c: rosidl_typesupport_fastrtps_c;rosidl_typesupport_introspection_c
[0.941s] -- Using all available rosidl_typesupport_cpp: rosidl_typesupport_fastrtps_cpp;rosidl_typesupport_introspection_cpp
[1.023s] -- Found rmw_implementation_cmake: 6.1.2 (/opt/ros/humble/share/rmw_implementation_cmake/cmake)
[1.029s] -- Found rmw_fastrtps_cpp: 6.2.8 (/opt/ros/humble/share/rmw_fastrtps_cpp/cmake)
[1.291s] -- Found OpenSSL: /usr/lib/x86_64-linux-gnu/libcrypto.so (found version "3.0.2")  
[1.358s] -- Found FastRTPS: /opt/ros/humble/include  
[1.418s] -- Using RMW implementation 'rmw_fastrtps_cpp' as default
[1.471s] -- Looking for pthread.h
[1.622s] -- Looking for pthread.h - found
[1.632s] -- Performing Test CMAKE_HAVE_LIBC_PTHREAD
[1.770s] -- Performing Test CMAKE_HAVE_LIBC_PTHREAD - Success
[1.779s] -- Found Threads: TRUE  
[1.912s] -- Found rclcpp_components: 16.0.15 (/opt/ros/humble/share/rclcpp_components/cmake)
[2.018s] -- Found audio_common_msgs: 0.3.12 (/home/mariem/ros2_ws/install/audio_common_msgs/share/audio_common_msgs/cmake)
[2.022s] -- Found diagnostic_updater: 4.0.6 (/opt/ros/humble/share/diagnostic_updater/cmake)
[2.056s] -- Found PkgConfig: /usr/bin/pkg-config (found version "0.29.2") 
[2.057s] -- Checking for module 'gstreamer-1.0'
[2.081s] --   Found gstreamer-1.0, version 1.20.3
[2.256s] -- Found Boost: /usr/lib/x86_64-linux-gnu/cmake/Boost-1.74.0/BoostConfig.cmake (found version "1.74.0") found components: thread 
[2.422s] -- Configuring done
[2.471s] -- Generating done
[2.501s] -- Build files have been written to: /home/mariem/ros2_ws/build/audio_capture
[2.512s] Invoked command in '/home/mariem/ros2_ws/build/audio_capture' returned '0': AMENT_PREFIX_PATH=/home/mariem/ros2_ws/install/audio_common_msgs:${AMENT_PREFIX_PATH} CMAKE_PREFIX_PATH=/home/mariem/ros2_ws/install/audio_common_msgs:/home/mariem/ros2_audio_ws/install/audio_common_msgs:/opt/ros/humble LD_LIBRARY_PATH=/home/mariem/ros2_ws/install/audio_common_msgs/lib:${LD_LIBRARY_PATH} PYTHONPATH=/home/mariem/ros2_ws/install/audio_common_msgs/local/lib/python3.10/dist-packages:${PYTHONPATH} /usr/bin/cmake /home/mariem/ros2_ws/src/audio_common/audio_capture -DCMAKE_INSTALL_PREFIX=/home/mariem/ros2_ws/install/audio_capture
[2.512s] Invoking command in '/home/mariem/ros2_ws/build/audio_capture': AMENT_PREFIX_PATH=/home/mariem/ros2_ws/install/audio_common_msgs:${AMENT_PREFIX_PATH} CMAKE_PREFIX_PATH=/home/mariem/ros2_ws/install/audio_common_msgs:/home/mariem/ros2_audio_ws/install/audio_common_msgs:/opt/ros/humble LD_LIBRARY_PATH=/home/mariem/ros2_ws/install/audio_common_msgs/lib:${LD_LIBRARY_PATH} PYTHONPATH=/home/mariem/ros2_ws/install/audio_common_msgs/local/lib/python3.10/dist-packages:${PYTHONPATH} /usr/bin/cmake --build /home/mariem/ros2_ws/build/audio_capture -- -j1 -l1
[2.664s] [ 25%] [32mBuilding CXX object CMakeFiles/audio_capture.dir/src/audio_capture_node.cpp.o[0m
[8.789s] [01m[K/home/mariem/ros2_ws/src/audio_common/audio_capture/src/audio_capture_node.cpp:[m[K In static member function ‘[01m[Kstatic gboolean audio_capture::AudioCaptureNode::onMessage(GstBus*, GstMessage*, gpointer)[m[K’:
[8.789s] [01m[K/home/mariem/ros2_ws/src/audio_common/audio_capture/src/audio_capture_node.cpp:258:42:[m[K [01;35m[Kwarning: [m[Kunused parameter ‘[01m[Kbus[m[K’ [[01;35m[K]8;;https://gcc.gnu.org/onlinedocs/gcc/Warning-Options.html#index-Wunused-parameter-Wunused-parameter]8;;[m[K]
[8.790s]   258 |       static gboolean onMessage ([01;35m[KGstBus *bus[m[K, GstMessage *message, gpointer userData)
[8.790s]       |                                  [01;35m[K~~~~~~~~^~~[m[K
[14.186s] [ 50%] [32m[1mLinking CXX shared library libaudio_capture.so[0m
[14.914s] [ 50%] Built target audio_capture
[14.958s] [ 75%] [32mBuilding CXX object CMakeFiles/audio_capture_node.dir/rclcpp_components/node_main_audio_capture_node.cpp.o[0m
[20.366s] [100%] [32m[1mLinking CXX executable audio_capture_node[0m
[20.499s] [100%] Built target audio_capture_node
[20.524s] Invoked command in '/home/mariem/ros2_ws/build/audio_capture' returned '0': AMENT_PREFIX_PATH=/home/mariem/ros2_ws/install/audio_common_msgs:${AMENT_PREFIX_PATH} CMAKE_PREFIX_PATH=/home/mariem/ros2_ws/install/audio_common_msgs:/home/mariem/ros2_audio_ws/install/audio_common_msgs:/opt/ros/humble LD_LIBRARY_PATH=/home/mariem/ros2_ws/install/audio_common_msgs/lib:${LD_LIBRARY_PATH} PYTHONPATH=/home/mariem/ros2_ws/install/audio_common_msgs/local/lib/python3.10/dist-packages:${PYTHONPATH} /usr/bin/cmake --build /home/mariem/ros2_ws/build/audio_capture -- -j1 -l1
[20.527s] Invoking command in '/home/mariem/ros2_ws/build/audio_capture': AMENT_PREFIX_PATH=/home/mariem/ros2_ws/install/audio_common_msgs:${AMENT_PREFIX_PATH} CMAKE_PREFIX_PATH=/home/mariem/ros2_ws/install/audio_common_msgs:/home/mariem/ros2_audio_ws/install/audio_common_msgs:/opt/ros/humble LD_LIBRARY_PATH=/home/mariem/ros2_ws/install/audio_common_msgs/lib:${LD_LIBRARY_PATH} PYTHONPATH=/home/mariem/ros2_ws/install/audio_common_msgs/local/lib/python3.10/dist-packages:${PYTHONPATH} /usr/bin/cmake --install /home/mariem/ros2_ws/build/audio_capture
[20.537s] -- Install configuration: ""
[20.537s] -- Installing: /home/mariem/ros2_ws/install/audio_capture/lib/audio_capture/audio_capture_node
[20.538s] -- Set runtime path of "/home/mariem/ros2_ws/install/audio_capture/lib/audio_capture/audio_capture_node" to ""
[20.538s] -- Installing: /home/mariem/ros2_ws/install/audio_capture/bin/audio_capture_node
[20.538s] -- Set runtime path of "/home/mariem/ros2_ws/install/audio_capture/bin/audio_capture_node" to ""
[20.538s] -- Installing: /home/mariem/ros2_ws/install/audio_capture/lib/libaudio_capture.so
[20.540s] -- Set runtime path of "/home/mariem/ros2_ws/install/audio_capture/lib/libaudio_capture.so" to ""
[20.541s] -- Installing: /home/mariem/ros2_ws/install/audio_capture/share/audio_capture/launch
[20.542s] -- Installing: /home/mariem/ros2_ws/install/audio_capture/share/audio_capture/launch/capture_to_file.launch.xml
[20.543s] -- Installing: /home/mariem/ros2_ws/install/audio_capture/share/audio_capture/launch/capture_to_file.launch.py
[20.544s] -- Installing: /home/mariem/ros2_ws/install/audio_capture/share/audio_capture/launch/capture_wave.launch.xml
[20.544s] -- Installing: /home/mariem/ros2_ws/install/audio_capture/share/audio_capture/launch/capture.launch.xml
[20.545s] -- Installing: /home/mariem/ros2_ws/install/audio_capture/share/audio_capture/launch/capture.launch.py
[20.546s] -- Installing: /home/mariem/ros2_ws/install/audio_capture/share/audio_capture/launch/capture_wave.launch.py
[20.547s] -- Installing: /home/mariem/ros2_ws/install/audio_capture/share/audio_capture/environment/library_path.sh
[20.547s] -- Installing: /home/mariem/ros2_ws/install/audio_capture/share/audio_capture/environment/library_path.dsv
[20.548s] -- Installing: /home/mariem/ros2_ws/install/audio_capture/share/ament_index/resource_index/package_run_dependencies/audio_capture
[20.549s] -- Installing: /home/mariem/ros2_ws/install/audio_capture/share/ament_index/resource_index/parent_prefix_path/audio_capture
[20.550s] -- Installing: /home/mariem/ros2_ws/install/audio_capture/share/audio_capture/environment/ament_prefix_path.sh
[20.551s] -- Installing: /home/mariem/ros2_ws/install/audio_capture/share/audio_capture/environment/ament_prefix_path.dsv
[20.551s] -- Installing: /home/mariem/ros2_ws/install/audio_capture/share/audio_capture/environment/path.sh
[20.553s] -- Installing: /home/mariem/ros2_ws/install/audio_capture/share/audio_capture/environment/path.dsv
[20.553s] -- Installing: /home/mariem/ros2_ws/install/audio_capture/share/audio_capture/local_setup.bash
[20.554s] -- Installing: /home/mariem/ros2_ws/install/audio_capture/share/audio_capture/local_setup.sh
[20.555s] -- Installing: /home/mariem/ros2_ws/install/audio_capture/share/audio_capture/local_setup.zsh
[20.556s] -- Installing: /home/mariem/ros2_ws/install/audio_capture/share/audio_capture/local_setup.dsv
[20.556s] -- Installing: /home/mariem/ros2_ws/install/audio_capture/share/audio_capture/package.dsv
[20.557s] -- Installing: /home/mariem/ros2_ws/install/audio_capture/share/ament_index/resource_index/packages/audio_capture
[20.557s] -- Installing: /home/mariem/ros2_ws/install/audio_capture/share/ament_index/resource_index/rclcpp_components/audio_capture
[20.558s] -- Installing: /home/mariem/ros2_ws/install/audio_capture/share/audio_capture/cmake/ament_cmake_export_libraries-extras.cmake
[20.559s] -- Installing: /home/mariem/ros2_ws/install/audio_capture/share/audio_capture/cmake/audio_captureConfig.cmake
[20.559s] -- Installing: /home/mariem/ros2_ws/install/audio_capture/share/audio_capture/cmake/audio_captureConfig-version.cmake
[20.560s] -- Installing: /home/mariem/ros2_ws/install/audio_capture/share/audio_capture/package.xml
[20.563s] Invoked command in '/home/mariem/ros2_ws/build/audio_capture' returned '0': AMENT_PREFIX_PATH=/home/mariem/ros2_ws/install/audio_common_msgs:${AMENT_PREFIX_PATH} CMAKE_PREFIX_PATH=/home/mariem/ros2_ws/install/audio_common_msgs:/home/mariem/ros2_audio_ws/install/audio_common_msgs:/opt/ros/humble LD_LIBRARY_PATH=/home/mariem/ros2_ws/install/audio_common_msgs/lib:${LD_LIBRARY_PATH} PYTHONPATH=/home/mariem/ros2_ws/install/audio_common_msgs/local/lib/python3.10/dist-packages:${PYTHONPATH} /usr/bin/cmake --install /home/mariem/ros2_ws/build/audio_capture
